Date: 01/10/2020 18:19:06
===============
Quantum Package
===============

Git Commit: minor modifs
Git Date  : Mon Sep 21 15:38:26 2020 +0200
Git SHA1  : ee267e27e9b6027ea76a05e2b43271cc8906fd55
EZFIO Dir : He_aug-cc-pvqz_0.2


Task server running : tcp://127.0.1.1:41279
.. >>>>> [ IO READ: read_rl_eigv ] <<<<< ..

.. >>>>> [ RES  MEM :       0.004082 GB ] [ VIRT MEM :       0.041355 GB ] <<<<< ..
.. >>>>> [ WALL TIME:       0.000273  s ] [ CPU  TIME:       0.003767  s ] <<<<< ..

.. >>>>> [ IO READ: io_ao_two_e_integrals ] <<<<< ..

.. >>>>> [ RES  MEM :       0.004082 GB ] [ VIRT MEM :       0.041355 GB ] <<<<< ..
.. >>>>> [ WALL TIME:       0.000729  s ] [ CPU  TIME:       0.004018  s ] <<<<< ..

.. >>>>> [ IO READ: io_mo_two_e_integrals ] <<<<< ..

.. >>>>> [ RES  MEM :       0.004082 GB ] [ VIRT MEM :       0.041355 GB ] <<<<< ..
.. >>>>> [ WALL TIME:       0.001123  s ] [ CPU  TIME:       0.004256  s ] <<<<< ..

.. >>>>> [ IO READ: io_ao_integrals_kinetic ] <<<<< ..

.. >>>>> [ RES  MEM :       0.004082 GB ] [ VIRT MEM :       0.041355 GB ] <<<<< ..
.. >>>>> [ WALL TIME:       0.001501  s ] [ CPU  TIME:       0.004503  s ] <<<<< ..

.. >>>>> [ IO READ: io_ao_integrals_n_e ] <<<<< ..

.. >>>>> [ RES  MEM :       0.004082 GB ] [ VIRT MEM :       0.041355 GB ] <<<<< ..
.. >>>>> [ WALL TIME:       0.001787  s ] [ CPU  TIME:       0.004727  s ] <<<<< ..

.. >>>>> [ IO READ: io_mo_integrals_kinetic ] <<<<< ..

.. >>>>> [ RES  MEM :       0.004082 GB ] [ VIRT MEM :       0.041355 GB ] <<<<< ..
.. >>>>> [ WALL TIME:       0.002222  s ] [ CPU  TIME:       0.004959  s ] <<<<< ..

.. >>>>> [ IO READ: io_mo_integrals_n_e ] <<<<< ..

.. >>>>> [ RES  MEM :       0.004082 GB ] [ VIRT MEM :       0.041355 GB ] <<<<< ..
.. >>>>> [ WALL TIME:       0.002439  s ] [ CPU  TIME:       0.005114  s ] <<<<< ..

.. >>>>> [ IO READ: io_mo_one_e_integrals ] <<<<< ..

.. >>>>> [ RES  MEM :       0.004082 GB ] [ VIRT MEM :       0.041355 GB ] <<<<< ..
.. >>>>> [ WALL TIME:       0.002654  s ] [ CPU  TIME:       0.005269  s ] <<<<< ..

.. >>>>> [ IO READ: read_wf ] <<<<< ..

.. >>>>> [ RES  MEM :       0.004082 GB ] [ VIRT MEM :       0.041355 GB ] <<<<< ..
.. >>>>> [ WALL TIME:       0.003131  s ] [ CPU  TIME:       0.005498  s ] <<<<< ..

.. >>>>> [ IO READ: n_states ] <<<<< ..

.. >>>>> [ RES  MEM :       0.004780 GB ] [ VIRT MEM :       0.041492 GB ] <<<<< ..
.. >>>>> [ WALL TIME:       0.003521  s ] [ CPU  TIME:       0.005826  s ] <<<<< ..

 * mo_label          Canonical
* Number of determinants                                       640
.. >>>>> [ IO READ: n_det_max_full ] <<<<< ..

.. >>>>> [ RES  MEM :       0.004780 GB ] [ VIRT MEM :       0.064941 GB ] <<<<< ..
.. >>>>> [ WALL TIME:       0.005620  s ] [ CPU  TIME:       0.010617  s ] <<<<< ..


.. >>>>> [ RES  MEM :       0.004780 GB ] [ VIRT MEM :       0.064941 GB ] <<<<< ..
.. >>>>> [ WALL TIME:       0.005991  s ] [ CPU  TIME:       0.011198  s ] <<<<< ..

 Read  n_states_diag
* Dimension of the psi arrays                               100000
 Read psi_coef         640           1
.. >>>>> [ IO READ: threshold_davidson ] <<<<< ..

.. >>>>> [ RES  MEM :       0.005909 GB ] [ VIRT MEM :       0.253189 GB ] <<<<< ..
.. >>>>> [ WALL TIME:       0.008640  s ] [ CPU  TIME:       0.019237  s ] <<<<< ..

* mo_num                                                        46
* N_int                                                          1
.. >>>>> [ IO READ: elec_beta_num ] <<<<< ..

.. >>>>> [ RES  MEM :       0.005909 GB ] [ VIRT MEM :       0.253189 GB ] <<<<< ..
.. >>>>> [ WALL TIME:       0.009404  s ] [ CPU  TIME:       0.022291  s ] <<<<< ..

.. >>>>> [ IO READ: elec_alpha_num ] <<<<< ..

.. >>>>> [ RES  MEM :       0.005909 GB ] [ VIRT MEM :       0.253189 GB ] <<<<< ..
.. >>>>> [ WALL TIME:       0.009751  s ] [ CPU  TIME:       0.023042  s ] <<<<< ..

.. >>>>> [ IO READ: ao_num ] <<<<< ..

.. >>>>> [ RES  MEM :       0.005909 GB ] [ VIRT MEM :       0.253189 GB ] <<<<< ..
.. >>>>> [ WALL TIME:       0.010304  s ] [ CPU  TIME:       0.024259  s ] <<<<< ..

 Read  mo_coef
 Read psi_det
 MO map initialized:                584821
.. >>>>> [ IO READ: no_vvvv_integrals ] <<<<< ..

.. >>>>> [ RES  MEM :       0.007992 GB ] [ VIRT MEM :       0.257820 GB ] <<<<< ..
.. >>>>> [ WALL TIME:       0.018309  s ] [ CPU  TIME:       0.053345  s ] <<<<< ..

.. >>>>> [ IO READ: mo_class ] <<<<< ..

.. >>>>> [ RES  MEM :       0.007992 GB ] [ VIRT MEM :       0.257820 GB ] <<<<< ..
.. >>>>> [ WALL TIME:       0.018682  s ] [ CPU  TIME:       0.054223  s ] <<<<< ..

 AO map initialized :               1186570
 Providing the AO integrals
.. >>>>> [ IO READ: ao_prim_num ] <<<<< ..

.. >>>>> [ RES  MEM :       0.007992 GB ] [ VIRT MEM :       0.257820 GB ] <<<<< ..
.. >>>>> [ WALL TIME:       0.019103  s ] [ CPU  TIME:       0.055204  s ] <<<<< ..

.. >>>>> [ IO READ: ao_normalized ] <<<<< ..

.. >>>>> [ RES  MEM :       0.007992 GB ] [ VIRT MEM :       0.257820 GB ] <<<<< ..
.. >>>>> [ WALL TIME:       0.019379  s ] [ CPU  TIME:       0.055808  s ] <<<<< ..

.. >>>>> [ IO READ: primitives_normalized ] <<<<< ..

.. >>>>> [ RES  MEM :       0.007992 GB ] [ VIRT MEM :       0.257820 GB ] <<<<< ..
.. >>>>> [ WALL TIME:       0.019632  s ] [ CPU  TIME:       0.056347  s ] <<<<< ..

.. >>>>> [ IO READ: ao_coef ] <<<<< ..

.. >>>>> [ RES  MEM :       0.007992 GB ] [ VIRT MEM :       0.257820 GB ] <<<<< ..
.. >>>>> [ WALL TIME:       0.020253  s ] [ CPU  TIME:       0.057983  s ] <<<<< ..

.. >>>>> [ IO READ: ao_power ] <<<<< ..

.. >>>>> [ RES  MEM :       0.007992 GB ] [ VIRT MEM :       0.257820 GB ] <<<<< ..
.. >>>>> [ WALL TIME:       0.020677  s ] [ CPU  TIME:       0.059029  s ] <<<<< ..

.. >>>>> [ IO READ: ao_expo ] <<<<< ..

.. >>>>> [ RES  MEM :       0.007992 GB ] [ VIRT MEM :       0.257820 GB ] <<<<< ..
.. >>>>> [ WALL TIME:       0.023135  s ] [ CPU  TIME:       0.067699  s ] <<<<< ..

.. >>>>> [ IO READ: ao_integrals_threshold ] <<<<< ..

.. >>>>> [ RES  MEM :       0.007992 GB ] [ VIRT MEM :       0.257820 GB ] <<<<< ..
.. >>>>> [ WALL TIME:       0.023571  s ] [ CPU  TIME:       0.068791  s ] <<<<< ..

.. >>>>> [ IO READ: ao_nucl ] <<<<< ..

.. >>>>> [ RES  MEM :       0.007992 GB ] [ VIRT MEM :       0.257820 GB ] <<<<< ..
.. >>>>> [ WALL TIME:       0.024573  s ] [ CPU  TIME:       0.074066  s ] <<<<< ..

.. >>>>> [ IO READ: is_periodic ] <<<<< ..

.. >>>>> [ RES  MEM :       0.009476 GB ] [ VIRT MEM :       0.406395 GB ] <<<<< ..
.. >>>>> [ WALL TIME:       0.040201  s ] [ CPU  TIME:       0.117831  s ] <<<<< ..

.. >>>>> [ IO READ: nucl_num ] <<<<< ..

.. >>>>> [ RES  MEM :       0.009476 GB ] [ VIRT MEM :       0.406395 GB ] <<<<< ..
.. >>>>> [ WALL TIME:       0.042400  s ] [ CPU  TIME:       0.120036  s ] <<<<< ..

.. >>>>> [ IO READ: nucl_label ] <<<<< ..

.. >>>>> [ RES  MEM :       0.009476 GB ] [ VIRT MEM :       0.406395 GB ] <<<<< ..
.. >>>>> [ WALL TIME:       0.042656  s ] [ CPU  TIME:       0.120232  s ] <<<<< ..

.. >>>>> [ IO READ: nucl_charge ] <<<<< ..

.. >>>>> [ RES  MEM :       0.009476 GB ] [ VIRT MEM :       0.406395 GB ] <<<<< ..
.. >>>>> [ WALL TIME:       0.042875  s ] [ CPU  TIME:       0.120390  s ] <<<<< ..


.. >>>>> [ RES  MEM :       0.009476 GB ] [ VIRT MEM :       0.406395 GB ] <<<<< ..
.. >>>>> [ WALL TIME:       0.043092  s ] [ CPU  TIME:       0.120547  s ] <<<<< ..


Nuclear Coordinates (Angstroms)
===============================

================ ============ ============ ============ ============
      Atom          Charge          X            Y            Z 
================ ============ ============ ============ ============
He                   2.000000     0.000000     0.000000     0.000000
================ ============ ============ ============ ============

 Sorting the map
 AO integrals provided:
  Size of AO map :            1.8292579650878906      MB
  Number of AO integrals :               157588
  cpu  time :  0.46030899999999997      s
  wall time :  0.26248746899727848      s  ( x    1.7536418091058379       )
 
 AO -> MO integrals transformation
 ---------------------------------
 
.. >>>>> [ IO READ: mo_integrals_threshold ] <<<<< ..

.. >>>>> [ RES  MEM :       0.011921 GB ] [ VIRT MEM :       0.470898 GB ] <<<<< ..
.. >>>>> [ WALL TIME:       0.281498  s ] [ CPU  TIME:       0.514844  s ] <<<<< ..

 Buffers :    4.59062958     MB / core
.. >>>>> [ IO READ: io_ao_integrals_overlap ] <<<<< ..

.. >>>>> [ RES  MEM :       0.014729 GB ] [ VIRT MEM :       0.483730 GB ] <<<<< ..
.. >>>>> [ WALL TIME:       0.282282  s ] [ CPU  TIME:       0.518152  s ] <<<<< ..

 Molecular integrals provided:
  Size of MO map              5.5891113281250000      MB
  Number of MO integrals:                290843
  cpu  time :   1.9850029999999999      s
  wall time :  0.99517340499733109      s  ( x    1.9946302725054468      )
.. >>>>> [ IO READ: do_pseudo ] <<<<< ..

.. >>>>> [ RES  MEM :       0.119057 GB ] [ VIRT MEM :       2.472836 GB ] <<<<< ..
.. >>>>> [ WALL TIME:       1.472424  s ] [ CPU  TIME:       3.213577  s ] <<<<< ..

 Providing the one-electron integrals
.. >>>>> [ IO READ: s2_eig ] <<<<< ..

.. >>>>> [ RES  MEM :       0.121563 GB ] [ VIRT MEM :       2.472836 GB ] <<<<< ..
.. >>>>> [ WALL TIME:       1.499988  s ] [ CPU  TIME:       3.316837  s ] <<<<< ..

 Diagonalization of H using Lapack
.. >>>>> [ IO READ: only_expected_s2 ] <<<<< ..

.. >>>>> [ RES  MEM :       0.121563 GB ] [ VIRT MEM :       2.475891 GB ] <<<<< ..
.. >>>>> [ WALL TIME:       1.500295  s ] [ CPU  TIME:       3.317259  s ] <<<<< ..

.. >>>>> [ IO READ: io_nuclear_repulsion ] <<<<< ..

.. >>>>> [ RES  MEM :       0.138935 GB ] [ VIRT MEM :       2.481995 GB ] <<<<< ..
.. >>>>> [ WALL TIME:       4.760312  s ] [ CPU  TIME:      13.369349  s ] <<<<< ..


.. >>>>> [ RES  MEM :       0.138935 GB ] [ VIRT MEM :       2.481995 GB ] <<<<< ..
.. >>>>> [ WALL TIME:       4.760651  s ] [ CPU  TIME:      13.369458  s ] <<<<< ..

* Nuclear repulsion energy                           0.000000000000000    

.. >>>>> [ RES  MEM :       0.138935 GB ] [ VIRT MEM :       2.481995 GB ] <<<<< ..
.. >>>>> [ WALL TIME:       4.761070  s ] [ CPU  TIME:      13.378575  s ] <<<<< ..

* Energy of state    1                              -2.902533599419301    
* S^2 of state    1                                 0.2597214401863892E-28
.. >>>>> [ IO READ: distributed_davidson ] <<<<< ..

.. >>>>> [ RES  MEM :       0.138935 GB ] [ VIRT MEM :       2.481995 GB ] <<<<< ..
.. >>>>> [ WALL TIME:       4.761633  s ] [ CPU  TIME:      13.378750  s ] <<<<< ..

.. >>>>> [ IO READ: weight_one_e_dm ] <<<<< ..

.. >>>>> [ RES  MEM :       0.138935 GB ] [ VIRT MEM :       2.481995 GB ] <<<<< ..
.. >>>>> [ WALL TIME:       4.762594  s ] [ CPU  TIME:      13.379427  s ] <<<<< ..

.. >>>>> [ IO READ: no_core_density ] <<<<< ..

.. >>>>> [ RES  MEM :       0.138935 GB ] [ VIRT MEM :       2.481995 GB ] <<<<< ..
.. >>>>> [ WALL TIME:       4.773655  s ] [ CPU  TIME:      13.424070  s ] <<<<< ..

* Number of inactive MOs                                         0
 Inactive MOs:

* Number of unique beta determinants                            46
* Number of unique alpha determinants                           46
* Number of active   MOs                                        46
 Active MOs:
           1           2           3           4           5           6           7           8           9          10          11          12          13          14          15          16          17          18          19          20          21          22          23          24          25          26          27          28          29          30          31          32          33          34          35          36          37          38          39          40          41          42          43          44          45          46
.. >>>>> [ IO READ: io_two_body_rdm_ab ] <<<<< ..

.. >>>>> [ RES  MEM :       0.138935 GB ] [ VIRT MEM :       2.485203 GB ] <<<<< ..
.. >>>>> [ WALL TIME:       4.783141  s ] [ CPU  TIME:      13.447642  s ] <<<<< ..

 
 Providing act_2_rdm_ab_mo 
 Wall time to provide act_2_rdm_ab_mo   1.4912546001141891E-002
* Number of core     MOs                                         0
 Core MOs:

.. >>>>> [ IO READ: my_grid_becke ] <<<<< ..

.. >>>>> [ RES  MEM :       0.239113 GB ] [ VIRT MEM :       2.585293 GB ] <<<<< ..
.. >>>>> [ WALL TIME:       4.968533  s ] [ CPU  TIME:      13.762357  s ] <<<<< ..

.. >>>>> [ IO READ: my_n_pt_a_grid ] <<<<< ..

.. >>>>> [ RES  MEM :       0.239113 GB ] [ VIRT MEM :       2.585293 GB ] <<<<< ..
.. >>>>> [ WALL TIME:       4.968809  s ] [ CPU  TIME:      13.762573  s ] <<<<< ..

.. >>>>> [ IO READ: my_n_pt_r_grid ] <<<<< ..

.. >>>>> [ RES  MEM :       0.239113 GB ] [ VIRT MEM :       2.585293 GB ] <<<<< ..
.. >>>>> [ WALL TIME:       4.969102  s ] [ CPU  TIME:      13.762803  s ] <<<<< ..

.. >>>>> [ IO READ: thresh_grid ] <<<<< ..

.. >>>>> [ RES  MEM :       0.239422 GB ] [ VIRT MEM :       2.585293 GB ] <<<<< ..
.. >>>>> [ WALL TIME:       4.969845  s ] [ CPU  TIME:      13.763483  s ] <<<<< ..

 n_points_final_grid =         2072
 n max point         =         2146
.. >>>>> [ IO READ: mu_erf ] <<<<< ..

.. >>>>> [ RES  MEM :       0.240177 GB ] [ VIRT MEM :       2.586140 GB ] <<<<< ..
.. >>>>> [ WALL TIME:       4.982660  s ] [ CPU  TIME:      13.776067  s ] <<<<< ..

 Reading the right/left eigenvectors in the EZFIO....
 
 Providing act_2_rdm_ab_mo 
 Wall time to provide act_2_rdm_ab_mo   1.7127126000559656E-002
 
 Providing act_2_rdm_ab_mo 
 Wall time to provide act_2_rdm_ab_mo   1.6067641998233739E-002
 
 Providing act_2_rdm_ab_mo 
 Wall time to provide act_2_rdm_ab_mo   2.1896998001466272E-002
 <Phi | e^{2 j(r12,mu)} | Phi> =   0.17234311058184351     
 output = He_aug-cc-pvqz_0.2.cusp_wf_1
 output = He_aug-cc-pvqz_0.2.cusp_wf_2
 output = He_aug-cc-pvqz_0.2.cusp_wf_3
 output = He_aug-cc-pvqz_0.2.cusp_wf_4
 output = He_aug-cc-pvqz_0.2.cusp_wf_5
Wall time: 0:02:00

