Date: 01/10/2020 18:23:03
===============
Quantum Package
===============

Git Commit: minor modifs
Git Date  : Mon Sep 21 15:38:26 2020 +0200
Git SHA1  : ee267e27e9b6027ea76a05e2b43271cc8906fd55
EZFIO Dir : He_aug-cc-pvqz_0.35


Task server running : tcp://127.0.1.1:41279
.. >>>>> [ IO READ: read_rl_eigv ] <<<<< ..

.. >>>>> [ RES  MEM :       0.004208 GB ] [ VIRT MEM :       0.041355 GB ] <<<<< ..
.. >>>>> [ WALL TIME:       0.000256  s ] [ CPU  TIME:       0.003292  s ] <<<<< ..

.. >>>>> [ IO READ: io_ao_two_e_integrals ] <<<<< ..

.. >>>>> [ RES  MEM :       0.004208 GB ] [ VIRT MEM :       0.041355 GB ] <<<<< ..
.. >>>>> [ WALL TIME:       0.000681  s ] [ CPU  TIME:       0.003524  s ] <<<<< ..

.. >>>>> [ IO READ: io_mo_two_e_integrals ] <<<<< ..

.. >>>>> [ RES  MEM :       0.004208 GB ] [ VIRT MEM :       0.041355 GB ] <<<<< ..
.. >>>>> [ WALL TIME:       0.001055  s ] [ CPU  TIME:       0.003735  s ] <<<<< ..

.. >>>>> [ IO READ: io_ao_integrals_kinetic ] <<<<< ..

.. >>>>> [ RES  MEM :       0.004208 GB ] [ VIRT MEM :       0.041355 GB ] <<<<< ..
.. >>>>> [ WALL TIME:       0.001422  s ] [ CPU  TIME:       0.003940  s ] <<<<< ..

.. >>>>> [ IO READ: io_ao_integrals_n_e ] <<<<< ..

.. >>>>> [ RES  MEM :       0.004208 GB ] [ VIRT MEM :       0.041355 GB ] <<<<< ..
.. >>>>> [ WALL TIME:       0.001646  s ] [ CPU  TIME:       0.004103  s ] <<<<< ..

.. >>>>> [ IO READ: io_mo_integrals_kinetic ] <<<<< ..

.. >>>>> [ RES  MEM :       0.004208 GB ] [ VIRT MEM :       0.041355 GB ] <<<<< ..
.. >>>>> [ WALL TIME:       0.002085  s ] [ CPU  TIME:       0.004339  s ] <<<<< ..

.. >>>>> [ IO READ: io_mo_integrals_n_e ] <<<<< ..

.. >>>>> [ RES  MEM :       0.004208 GB ] [ VIRT MEM :       0.041355 GB ] <<<<< ..
.. >>>>> [ WALL TIME:       0.002350  s ] [ CPU  TIME:       0.004524  s ] <<<<< ..

.. >>>>> [ IO READ: io_mo_one_e_integrals ] <<<<< ..

.. >>>>> [ RES  MEM :       0.004208 GB ] [ VIRT MEM :       0.041355 GB ] <<<<< ..
.. >>>>> [ WALL TIME:       0.002580  s ] [ CPU  TIME:       0.004692  s ] <<<<< ..

.. >>>>> [ IO READ: read_wf ] <<<<< ..

.. >>>>> [ RES  MEM :       0.004208 GB ] [ VIRT MEM :       0.041355 GB ] <<<<< ..
.. >>>>> [ WALL TIME:       0.003017  s ] [ CPU  TIME:       0.004916  s ] <<<<< ..

.. >>>>> [ IO READ: n_states ] <<<<< ..

.. >>>>> [ RES  MEM :       0.004848 GB ] [ VIRT MEM :       0.041492 GB ] <<<<< ..
.. >>>>> [ WALL TIME:       0.003337  s ] [ CPU  TIME:       0.005175  s ] <<<<< ..

 * mo_label          Canonical
* Number of determinants                                       640
.. >>>>> [ IO READ: n_det_max_full ] <<<<< ..

.. >>>>> [ RES  MEM :       0.004848 GB ] [ VIRT MEM :       0.064941 GB ] <<<<< ..
.. >>>>> [ WALL TIME:       0.010645  s ] [ CPU  TIME:       0.020318  s ] <<<<< ..


.. >>>>> [ RES  MEM :       0.004848 GB ] [ VIRT MEM :       0.064941 GB ] <<<<< ..
.. >>>>> [ WALL TIME:       0.011117  s ] [ CPU  TIME:       0.021422  s ] <<<<< ..

 Read  n_states_diag
* Dimension of the psi arrays                               100000
 Read psi_coef         640           1
.. >>>>> [ IO READ: threshold_davidson ] <<<<< ..

.. >>>>> [ RES  MEM :       0.006031 GB ] [ VIRT MEM :       0.253189 GB ] <<<<< ..
.. >>>>> [ WALL TIME:       0.012851  s ] [ CPU  TIME:       0.026244  s ] <<<<< ..

* mo_num                                                        46
* N_int                                                          1
.. >>>>> [ IO READ: elec_beta_num ] <<<<< ..

.. >>>>> [ RES  MEM :       0.006031 GB ] [ VIRT MEM :       0.253189 GB ] <<<<< ..
.. >>>>> [ WALL TIME:       0.013384  s ] [ CPU  TIME:       0.026871  s ] <<<<< ..

.. >>>>> [ IO READ: elec_alpha_num ] <<<<< ..

.. >>>>> [ RES  MEM :       0.006031 GB ] [ VIRT MEM :       0.253189 GB ] <<<<< ..
.. >>>>> [ WALL TIME:       0.013618  s ] [ CPU  TIME:       0.027139  s ] <<<<< ..

.. >>>>> [ IO READ: ao_num ] <<<<< ..

.. >>>>> [ RES  MEM :       0.006031 GB ] [ VIRT MEM :       0.253189 GB ] <<<<< ..
.. >>>>> [ WALL TIME:       0.014051  s ] [ CPU  TIME:       0.030863  s ] <<<<< ..

 Read  mo_coef
 Read psi_det
 MO map initialized:                584821
.. >>>>> [ IO READ: no_vvvv_integrals ] <<<<< ..

.. >>>>> [ RES  MEM :       0.008125 GB ] [ VIRT MEM :       0.257820 GB ] <<<<< ..
.. >>>>> [ WALL TIME:       0.018709  s ] [ CPU  TIME:       0.047470  s ] <<<<< ..

.. >>>>> [ IO READ: mo_class ] <<<<< ..

.. >>>>> [ RES  MEM :       0.008125 GB ] [ VIRT MEM :       0.257820 GB ] <<<<< ..
.. >>>>> [ WALL TIME:       0.019049  s ] [ CPU  TIME:       0.047952  s ] <<<<< ..

 AO map initialized :               1186570
 Providing the AO integrals
.. >>>>> [ IO READ: ao_prim_num ] <<<<< ..

.. >>>>> [ RES  MEM :       0.008125 GB ] [ VIRT MEM :       0.257820 GB ] <<<<< ..
.. >>>>> [ WALL TIME:       0.019624  s ] [ CPU  TIME:       0.048668  s ] <<<<< ..

.. >>>>> [ IO READ: ao_normalized ] <<<<< ..

.. >>>>> [ RES  MEM :       0.008125 GB ] [ VIRT MEM :       0.257820 GB ] <<<<< ..
.. >>>>> [ WALL TIME:       0.019879  s ] [ CPU  TIME:       0.048831  s ] <<<<< ..

.. >>>>> [ IO READ: primitives_normalized ] <<<<< ..

.. >>>>> [ RES  MEM :       0.008125 GB ] [ VIRT MEM :       0.257820 GB ] <<<<< ..
.. >>>>> [ WALL TIME:       0.020102  s ] [ CPU  TIME:       0.048945  s ] <<<<< ..

.. >>>>> [ IO READ: ao_coef ] <<<<< ..

.. >>>>> [ RES  MEM :       0.008125 GB ] [ VIRT MEM :       0.257820 GB ] <<<<< ..
.. >>>>> [ WALL TIME:       0.021130  s ] [ CPU  TIME:       0.055446  s ] <<<<< ..

.. >>>>> [ IO READ: ao_power ] <<<<< ..

.. >>>>> [ RES  MEM :       0.008125 GB ] [ VIRT MEM :       0.257820 GB ] <<<<< ..
.. >>>>> [ WALL TIME:       0.024573  s ] [ CPU  TIME:       0.062425  s ] <<<<< ..

.. >>>>> [ IO READ: ao_expo ] <<<<< ..

.. >>>>> [ RES  MEM :       0.008125 GB ] [ VIRT MEM :       0.257820 GB ] <<<<< ..
.. >>>>> [ WALL TIME:       0.025995  s ] [ CPU  TIME:       0.068304  s ] <<<<< ..

.. >>>>> [ IO READ: ao_integrals_threshold ] <<<<< ..

.. >>>>> [ RES  MEM :       0.008125 GB ] [ VIRT MEM :       0.257820 GB ] <<<<< ..
.. >>>>> [ WALL TIME:       0.026410  s ] [ CPU  TIME:       0.068937  s ] <<<<< ..

.. >>>>> [ IO READ: ao_nucl ] <<<<< ..

.. >>>>> [ RES  MEM :       0.008125 GB ] [ VIRT MEM :       0.257820 GB ] <<<<< ..
.. >>>>> [ WALL TIME:       0.026742  s ] [ CPU  TIME:       0.069403  s ] <<<<< ..

.. >>>>> [ IO READ: is_periodic ] <<<<< ..

.. >>>>> [ RES  MEM :       0.009670 GB ] [ VIRT MEM :       0.406395 GB ] <<<<< ..
.. >>>>> [ WALL TIME:       0.039097  s ] [ CPU  TIME:       0.106956  s ] <<<<< ..

.. >>>>> [ IO READ: nucl_num ] <<<<< ..

.. >>>>> [ RES  MEM :       0.009670 GB ] [ VIRT MEM :       0.406395 GB ] <<<<< ..
.. >>>>> [ WALL TIME:       0.041283  s ] [ CPU  TIME:       0.109149  s ] <<<<< ..

.. >>>>> [ IO READ: nucl_label ] <<<<< ..

.. >>>>> [ RES  MEM :       0.009670 GB ] [ VIRT MEM :       0.406395 GB ] <<<<< ..
.. >>>>> [ WALL TIME:       0.041536  s ] [ CPU  TIME:       0.109342  s ] <<<<< ..

.. >>>>> [ IO READ: nucl_charge ] <<<<< ..

.. >>>>> [ RES  MEM :       0.009670 GB ] [ VIRT MEM :       0.406395 GB ] <<<<< ..
.. >>>>> [ WALL TIME:       0.041752  s ] [ CPU  TIME:       0.109497  s ] <<<<< ..


.. >>>>> [ RES  MEM :       0.009670 GB ] [ VIRT MEM :       0.406395 GB ] <<<<< ..
.. >>>>> [ WALL TIME:       0.041934  s ] [ CPU  TIME:       0.109651  s ] <<<<< ..


Nuclear Coordinates (Angstroms)
===============================

================ ============ ============ ============ ============
      Atom          Charge          X            Y            Z 
================ ============ ============ ============ ============
He                   2.000000     0.000000     0.000000     0.000000
================ ============ ============ ============ ============

 Sorting the map
 AO integrals provided:
  Size of AO map :            1.8292579650878906      MB
  Number of AO integrals :               157588
  cpu  time :  0.45767499999999994      s
  wall time :  0.26930265099872486      s  ( x    1.6994819705735724       )
 
 AO -> MO integrals transformation
 ---------------------------------
 
.. >>>>> [ IO READ: mo_integrals_threshold ] <<<<< ..

.. >>>>> [ RES  MEM :       0.012211 GB ] [ VIRT MEM :       0.470821 GB ] <<<<< ..
.. >>>>> [ WALL TIME:       0.288822  s ] [ CPU  TIME:       0.508632  s ] <<<<< ..

 Buffers :    4.59062958     MB / core
.. >>>>> [ IO READ: io_ao_integrals_overlap ] <<<<< ..

.. >>>>> [ RES  MEM :       0.015015 GB ] [ VIRT MEM :       0.483654 GB ] <<<<< ..
.. >>>>> [ WALL TIME:       0.289626  s ] [ CPU  TIME:       0.516056  s ] <<<<< ..

 Molecular integrals provided:
  Size of MO map              5.5875473022460938      MB
  Number of MO integrals:                289540
  cpu  time :   1.9770509999999999      s
  wall time :  0.99249824399885256      s  ( x    1.9919944563673058      )
.. >>>>> [ IO READ: do_pseudo ] <<<<< ..

.. >>>>> [ RES  MEM :       0.120174 GB ] [ VIRT MEM :       2.475372 GB ] <<<<< ..
.. >>>>> [ WALL TIME:       1.468028  s ] [ CPU  TIME:       3.190340  s ] <<<<< ..

 Providing the one-electron integrals
.. >>>>> [ IO READ: s2_eig ] <<<<< ..

.. >>>>> [ RES  MEM :       0.123425 GB ] [ VIRT MEM :       2.475372 GB ] <<<<< ..
.. >>>>> [ WALL TIME:       1.495972  s ] [ CPU  TIME:       3.297096  s ] <<<<< ..

 Diagonalization of H using Lapack
.. >>>>> [ IO READ: only_expected_s2 ] <<<<< ..

.. >>>>> [ RES  MEM :       0.123425 GB ] [ VIRT MEM :       2.478428 GB ] <<<<< ..
.. >>>>> [ WALL TIME:       1.496295  s ] [ CPU  TIME:       3.297761  s ] <<<<< ..

.. >>>>> [ IO READ: io_nuclear_repulsion ] <<<<< ..

.. >>>>> [ RES  MEM :       0.139706 GB ] [ VIRT MEM :       2.484531 GB ] <<<<< ..
.. >>>>> [ WALL TIME:       4.645094  s ] [ CPU  TIME:      12.712009  s ] <<<<< ..


.. >>>>> [ RES  MEM :       0.139706 GB ] [ VIRT MEM :       2.484531 GB ] <<<<< ..
.. >>>>> [ WALL TIME:       4.646074  s ] [ CPU  TIME:      12.717858  s ] <<<<< ..

* Nuclear repulsion energy                           0.000000000000000    

.. >>>>> [ RES  MEM :       0.139706 GB ] [ VIRT MEM :       2.484531 GB ] <<<<< ..
.. >>>>> [ WALL TIME:       4.646327  s ] [ CPU  TIME:      12.718149  s ] <<<<< ..

* Energy of state    1                              -2.902533599419312    
* S^2 of state    1                                 0.6617754001095682E-28
.. >>>>> [ IO READ: distributed_davidson ] <<<<< ..

.. >>>>> [ RES  MEM :       0.139706 GB ] [ VIRT MEM :       2.484531 GB ] <<<<< ..
.. >>>>> [ WALL TIME:       4.646663  s ] [ CPU  TIME:      12.718526  s ] <<<<< ..

.. >>>>> [ IO READ: weight_one_e_dm ] <<<<< ..

.. >>>>> [ RES  MEM :       0.139706 GB ] [ VIRT MEM :       2.484531 GB ] <<<<< ..
.. >>>>> [ WALL TIME:       4.647518  s ] [ CPU  TIME:      12.720009  s ] <<<<< ..

.. >>>>> [ IO READ: no_core_density ] <<<<< ..

.. >>>>> [ RES  MEM :       0.139706 GB ] [ VIRT MEM :       2.484531 GB ] <<<<< ..
.. >>>>> [ WALL TIME:       4.656680  s ] [ CPU  TIME:      12.750653  s ] <<<<< ..

* Number of inactive MOs                                         0
 Inactive MOs:

* Number of unique beta determinants                            46
* Number of unique alpha determinants                           46
* Number of active   MOs                                        46
 Active MOs:
           1           2           3           4           5           6           7           8           9          10          11          12          13          14          15          16          17          18          19          20          21          22          23          24          25          26          27          28          29          30          31          32          33          34          35          36          37          38          39          40          41          42          43          44          45          46
.. >>>>> [ IO READ: io_two_body_rdm_ab ] <<<<< ..

.. >>>>> [ RES  MEM :       0.139706 GB ] [ VIRT MEM :       2.487370 GB ] <<<<< ..
.. >>>>> [ WALL TIME:       4.658677  s ] [ CPU  TIME:      12.759303  s ] <<<<< ..

 
 Providing act_2_rdm_ab_mo 
 Wall time to provide act_2_rdm_ab_mo   2.2308496001642197E-002
* Number of core     MOs                                         0
 Core MOs:

.. >>>>> [ IO READ: my_grid_becke ] <<<<< ..

.. >>>>> [ RES  MEM :       0.239883 GB ] [ VIRT MEM :       2.587460 GB ] <<<<< ..
.. >>>>> [ WALL TIME:       4.846233  s ] [ CPU  TIME:      13.089699  s ] <<<<< ..

.. >>>>> [ IO READ: my_n_pt_a_grid ] <<<<< ..

.. >>>>> [ RES  MEM :       0.239883 GB ] [ VIRT MEM :       2.587460 GB ] <<<<< ..
.. >>>>> [ WALL TIME:       4.846619  s ] [ CPU  TIME:      13.090014  s ] <<<<< ..

.. >>>>> [ IO READ: my_n_pt_r_grid ] <<<<< ..

.. >>>>> [ RES  MEM :       0.239883 GB ] [ VIRT MEM :       2.587460 GB ] <<<<< ..
.. >>>>> [ WALL TIME:       4.847055  s ] [ CPU  TIME:      13.090386  s ] <<<<< ..

.. >>>>> [ IO READ: thresh_grid ] <<<<< ..

.. >>>>> [ RES  MEM :       0.239883 GB ] [ VIRT MEM :       2.587460 GB ] <<<<< ..
.. >>>>> [ WALL TIME:       4.847738  s ] [ CPU  TIME:      13.091009  s ] <<<<< ..

 n_points_final_grid =         2072
 n max point         =         2146
.. >>>>> [ IO READ: mu_erf ] <<<<< ..

.. >>>>> [ RES  MEM :       0.240696 GB ] [ VIRT MEM :       2.588169 GB ] <<<<< ..
.. >>>>> [ WALL TIME:       4.861425  s ] [ CPU  TIME:      13.104445  s ] <<<<< ..

 Reading the right/left eigenvectors in the EZFIO....
 
 Providing act_2_rdm_ab_mo 
 Wall time to provide act_2_rdm_ab_mo   1.6025829998397967E-002
 
 Providing act_2_rdm_ab_mo 
 Wall time to provide act_2_rdm_ab_mo   1.5760248999868054E-002
 
 Providing act_2_rdm_ab_mo 
 Wall time to provide act_2_rdm_ab_mo   2.2209113998542307E-002
 <Phi | e^{2 j(r12,mu)} | Phi> =   0.49804550995651498     
 output = He_aug-cc-pvqz_0.35.cusp_wf_1
 output = He_aug-cc-pvqz_0.35.cusp_wf_2
 output = He_aug-cc-pvqz_0.35.cusp_wf_3
 output = He_aug-cc-pvqz_0.35.cusp_wf_4
 output = He_aug-cc-pvqz_0.35.cusp_wf_5
Wall time: 0:01:57

