Date: 01/10/2020 18:25:00
===============
Quantum Package
===============

Git Commit: minor modifs
Git Date  : Mon Sep 21 15:38:26 2020 +0200
Git SHA1  : ee267e27e9b6027ea76a05e2b43271cc8906fd55
EZFIO Dir : He_aug-cc-pvqz_0.5


Task server running : tcp://127.0.1.1:41279
.. >>>>> [ IO READ: read_rl_eigv ] <<<<< ..

.. >>>>> [ RES  MEM :       0.004211 GB ] [ VIRT MEM :       0.041355 GB ] <<<<< ..
.. >>>>> [ WALL TIME:       0.000268  s ] [ CPU  TIME:       0.003552  s ] <<<<< ..

.. >>>>> [ IO READ: io_ao_two_e_integrals ] <<<<< ..

.. >>>>> [ RES  MEM :       0.004211 GB ] [ VIRT MEM :       0.041355 GB ] <<<<< ..
.. >>>>> [ WALL TIME:       0.000712  s ] [ CPU  TIME:       0.003808  s ] <<<<< ..

.. >>>>> [ IO READ: io_mo_two_e_integrals ] <<<<< ..

.. >>>>> [ RES  MEM :       0.004211 GB ] [ VIRT MEM :       0.041355 GB ] <<<<< ..
.. >>>>> [ WALL TIME:       0.001175  s ] [ CPU  TIME:       0.004045  s ] <<<<< ..

.. >>>>> [ IO READ: io_ao_integrals_kinetic ] <<<<< ..

.. >>>>> [ RES  MEM :       0.004211 GB ] [ VIRT MEM :       0.041355 GB ] <<<<< ..
.. >>>>> [ WALL TIME:       0.001629  s ] [ CPU  TIME:       0.004266  s ] <<<<< ..

.. >>>>> [ IO READ: io_ao_integrals_n_e ] <<<<< ..

.. >>>>> [ RES  MEM :       0.004211 GB ] [ VIRT MEM :       0.041355 GB ] <<<<< ..
.. >>>>> [ WALL TIME:       0.001849  s ] [ CPU  TIME:       0.004425  s ] <<<<< ..

.. >>>>> [ IO READ: io_mo_integrals_kinetic ] <<<<< ..

.. >>>>> [ RES  MEM :       0.004211 GB ] [ VIRT MEM :       0.041355 GB ] <<<<< ..
.. >>>>> [ WALL TIME:       0.002308  s ] [ CPU  TIME:       0.004643  s ] <<<<< ..

.. >>>>> [ IO READ: io_mo_integrals_n_e ] <<<<< ..

.. >>>>> [ RES  MEM :       0.004211 GB ] [ VIRT MEM :       0.041355 GB ] <<<<< ..
.. >>>>> [ WALL TIME:       0.002525  s ] [ CPU  TIME:       0.004798  s ] <<<<< ..

.. >>>>> [ IO READ: io_mo_one_e_integrals ] <<<<< ..

.. >>>>> [ RES  MEM :       0.004211 GB ] [ VIRT MEM :       0.041355 GB ] <<<<< ..
.. >>>>> [ WALL TIME:       0.002741  s ] [ CPU  TIME:       0.004953  s ] <<<<< ..

.. >>>>> [ IO READ: read_wf ] <<<<< ..

.. >>>>> [ RES  MEM :       0.004211 GB ] [ VIRT MEM :       0.041355 GB ] <<<<< ..
.. >>>>> [ WALL TIME:       0.003193  s ] [ CPU  TIME:       0.005190  s ] <<<<< ..

.. >>>>> [ IO READ: n_states ] <<<<< ..

.. >>>>> [ RES  MEM :       0.004848 GB ] [ VIRT MEM :       0.041492 GB ] <<<<< ..
.. >>>>> [ WALL TIME:       0.003581  s ] [ CPU  TIME:       0.005517  s ] <<<<< ..

 * mo_label          Canonical
* Number of determinants                                       640
.. >>>>> [ IO READ: n_det_max_full ] <<<<< ..

.. >>>>> [ RES  MEM :       0.004848 GB ] [ VIRT MEM :       0.064941 GB ] <<<<< ..
.. >>>>> [ WALL TIME:       0.009404  s ] [ CPU  TIME:       0.021638  s ] <<<<< ..


.. >>>>> [ RES  MEM :       0.004848 GB ] [ VIRT MEM :       0.064941 GB ] <<<<< ..
.. >>>>> [ WALL TIME:       0.009756  s ] [ CPU  TIME:       0.022208  s ] <<<<< ..

 Read  n_states_diag
* Dimension of the psi arrays                               100000
 Read psi_coef         640           1
.. >>>>> [ IO READ: threshold_davidson ] <<<<< ..

.. >>>>> [ RES  MEM :       0.006031 GB ] [ VIRT MEM :       0.253189 GB ] <<<<< ..
.. >>>>> [ WALL TIME:       0.012446  s ] [ CPU  TIME:       0.029588  s ] <<<<< ..

* mo_num                                                        46
* N_int                                                          1
.. >>>>> [ IO READ: elec_beta_num ] <<<<< ..

.. >>>>> [ RES  MEM :       0.006031 GB ] [ VIRT MEM :       0.253189 GB ] <<<<< ..
.. >>>>> [ WALL TIME:       0.013184  s ] [ CPU  TIME:       0.032322  s ] <<<<< ..

.. >>>>> [ IO READ: elec_alpha_num ] <<<<< ..

.. >>>>> [ RES  MEM :       0.006031 GB ] [ VIRT MEM :       0.253189 GB ] <<<<< ..
.. >>>>> [ WALL TIME:       0.013724  s ] [ CPU  TIME:       0.033527  s ] <<<<< ..

.. >>>>> [ IO READ: ao_num ] <<<<< ..

.. >>>>> [ RES  MEM :       0.006031 GB ] [ VIRT MEM :       0.253189 GB ] <<<<< ..
.. >>>>> [ WALL TIME:       0.014228  s ] [ CPU  TIME:       0.034632  s ] <<<<< ..

 Read  mo_coef
 Read psi_det
 MO map initialized:                584821
.. >>>>> [ IO READ: no_vvvv_integrals ] <<<<< ..

.. >>>>> [ RES  MEM :       0.008125 GB ] [ VIRT MEM :       0.257820 GB ] <<<<< ..
.. >>>>> [ WALL TIME:       0.019917  s ] [ CPU  TIME:       0.054317  s ] <<<<< ..

.. >>>>> [ IO READ: mo_class ] <<<<< ..

.. >>>>> [ RES  MEM :       0.008125 GB ] [ VIRT MEM :       0.257820 GB ] <<<<< ..
.. >>>>> [ WALL TIME:       0.020246  s ] [ CPU  TIME:       0.054962  s ] <<<<< ..

 AO map initialized :               1186570
 Providing the AO integrals
.. >>>>> [ IO READ: ao_prim_num ] <<<<< ..

.. >>>>> [ RES  MEM :       0.008125 GB ] [ VIRT MEM :       0.257820 GB ] <<<<< ..
.. >>>>> [ WALL TIME:       0.022497  s ] [ CPU  TIME:       0.063633  s ] <<<<< ..

.. >>>>> [ IO READ: ao_normalized ] <<<<< ..

.. >>>>> [ RES  MEM :       0.008125 GB ] [ VIRT MEM :       0.257820 GB ] <<<<< ..
.. >>>>> [ WALL TIME:       0.022833  s ] [ CPU  TIME:       0.064357  s ] <<<<< ..

.. >>>>> [ IO READ: primitives_normalized ] <<<<< ..

.. >>>>> [ RES  MEM :       0.008125 GB ] [ VIRT MEM :       0.257820 GB ] <<<<< ..
.. >>>>> [ WALL TIME:       0.023191  s ] [ CPU  TIME:       0.067630  s ] <<<<< ..

.. >>>>> [ IO READ: ao_coef ] <<<<< ..

.. >>>>> [ RES  MEM :       0.008125 GB ] [ VIRT MEM :       0.257820 GB ] <<<<< ..
.. >>>>> [ WALL TIME:       0.024489  s ] [ CPU  TIME:       0.070329  s ] <<<<< ..

.. >>>>> [ IO READ: ao_power ] <<<<< ..

.. >>>>> [ RES  MEM :       0.008125 GB ] [ VIRT MEM :       0.257820 GB ] <<<<< ..
.. >>>>> [ WALL TIME:       0.025273  s ] [ CPU  TIME:       0.073322  s ] <<<<< ..

.. >>>>> [ IO READ: ao_expo ] <<<<< ..

.. >>>>> [ RES  MEM :       0.008125 GB ] [ VIRT MEM :       0.257820 GB ] <<<<< ..
.. >>>>> [ WALL TIME:       0.026534  s ] [ CPU  TIME:       0.076637  s ] <<<<< ..

.. >>>>> [ IO READ: ao_integrals_threshold ] <<<<< ..

.. >>>>> [ RES  MEM :       0.008125 GB ] [ VIRT MEM :       0.257820 GB ] <<<<< ..
.. >>>>> [ WALL TIME:       0.026938  s ] [ CPU  TIME:       0.077653  s ] <<<<< ..

.. >>>>> [ IO READ: ao_nucl ] <<<<< ..

.. >>>>> [ RES  MEM :       0.008125 GB ] [ VIRT MEM :       0.257820 GB ] <<<<< ..
.. >>>>> [ WALL TIME:       0.027272  s ] [ CPU  TIME:       0.078462  s ] <<<<< ..

.. >>>>> [ IO READ: is_periodic ] <<<<< ..

.. >>>>> [ RES  MEM :       0.009670 GB ] [ VIRT MEM :       0.406395 GB ] <<<<< ..
.. >>>>> [ WALL TIME:       0.037755  s ] [ CPU  TIME:       0.112380  s ] <<<<< ..

.. >>>>> [ IO READ: nucl_num ] <<<<< ..

.. >>>>> [ RES  MEM :       0.009670 GB ] [ VIRT MEM :       0.406395 GB ] <<<<< ..
.. >>>>> [ WALL TIME:       0.039932  s ] [ CPU  TIME:       0.114562  s ] <<<<< ..

.. >>>>> [ IO READ: nucl_label ] <<<<< ..

.. >>>>> [ RES  MEM :       0.009670 GB ] [ VIRT MEM :       0.406395 GB ] <<<<< ..
.. >>>>> [ WALL TIME:       0.040184  s ] [ CPU  TIME:       0.114753  s ] <<<<< ..

.. >>>>> [ IO READ: nucl_charge ] <<<<< ..

.. >>>>> [ RES  MEM :       0.009670 GB ] [ VIRT MEM :       0.406395 GB ] <<<<< ..
.. >>>>> [ WALL TIME:       0.040395  s ] [ CPU  TIME:       0.114903  s ] <<<<< ..


.. >>>>> [ RES  MEM :       0.009670 GB ] [ VIRT MEM :       0.406395 GB ] <<<<< ..
.. >>>>> [ WALL TIME:       0.040611  s ] [ CPU  TIME:       0.115058  s ] <<<<< ..


Nuclear Coordinates (Angstroms)
===============================

================ ============ ============ ============ ============
      Atom          Charge          X            Y            Z 
================ ============ ============ ============ ============
He                   2.000000     0.000000     0.000000     0.000000
================ ============ ============ ============ ============

 Sorting the map
 AO integrals provided:
  Size of AO map :            1.8292579650878906      MB
  Number of AO integrals :               157588
  cpu  time :  0.44926399999999994      s
  wall time :  0.26550452000083169      s  ( x    1.6921143188017764       )
 
 AO -> MO integrals transformation
 ---------------------------------
 
.. >>>>> [ IO READ: mo_integrals_threshold ] <<<<< ..

.. >>>>> [ RES  MEM :       0.012318 GB ] [ VIRT MEM :       0.470871 GB ] <<<<< ..
.. >>>>> [ WALL TIME:       0.287925  s ] [ CPU  TIME:       0.514835  s ] <<<<< ..

 Buffers :    4.59062958     MB / core
.. >>>>> [ IO READ: io_ao_integrals_overlap ] <<<<< ..

.. >>>>> [ RES  MEM :       0.014820 GB ] [ VIRT MEM :       0.483704 GB ] <<<<< ..
.. >>>>> [ WALL TIME:       0.288752  s ] [ CPU  TIME:       0.524116  s ] <<<<< ..

 Molecular integrals provided:
  Size of MO map              5.5887489318847656      MB
  Number of MO integrals:                291548
  cpu  time :   1.9867340000000000      s
  wall time :  0.98668963599993731      s  ( x    2.0135348822090253      )
.. >>>>> [ IO READ: do_pseudo ] <<<<< ..

.. >>>>> [ RES  MEM :       0.120884 GB ] [ VIRT MEM :       2.475323 GB ] <<<<< ..
.. >>>>> [ WALL TIME:       1.464848  s ] [ CPU  TIME:       3.217076  s ] <<<<< ..

 Providing the one-electron integrals
.. >>>>> [ IO READ: s2_eig ] <<<<< ..

.. >>>>> [ RES  MEM :       0.123955 GB ] [ VIRT MEM :       2.475323 GB ] <<<<< ..
.. >>>>> [ WALL TIME:       1.492968  s ] [ CPU  TIME:       3.325017  s ] <<<<< ..

 Diagonalization of H using Lapack
.. >>>>> [ IO READ: only_expected_s2 ] <<<<< ..

.. >>>>> [ RES  MEM :       0.123955 GB ] [ VIRT MEM :       2.478378 GB ] <<<<< ..
.. >>>>> [ WALL TIME:       1.493263  s ] [ CPU  TIME:       3.325373  s ] <<<<< ..

.. >>>>> [ IO READ: io_nuclear_repulsion ] <<<<< ..

.. >>>>> [ RES  MEM :       0.140003 GB ] [ VIRT MEM :       2.484482 GB ] <<<<< ..
.. >>>>> [ WALL TIME:       4.657256  s ] [ CPU  TIME:      13.040080  s ] <<<<< ..


.. >>>>> [ RES  MEM :       0.140003 GB ] [ VIRT MEM :       2.484482 GB ] <<<<< ..
.. >>>>> [ WALL TIME:       4.657578  s ] [ CPU  TIME:      13.040184  s ] <<<<< ..

* Nuclear repulsion energy                           0.000000000000000    

.. >>>>> [ RES  MEM :       0.140003 GB ] [ VIRT MEM :       2.484482 GB ] <<<<< ..
.. >>>>> [ WALL TIME:       4.657952  s ] [ CPU  TIME:      13.040293  s ] <<<<< ..

* Energy of state    1                              -2.902533599419321    
* S^2 of state    1                                 0.3085582443887836E-28
.. >>>>> [ IO READ: distributed_davidson ] <<<<< ..

.. >>>>> [ RES  MEM :       0.140003 GB ] [ VIRT MEM :       2.484482 GB ] <<<<< ..
.. >>>>> [ WALL TIME:       4.658479  s ] [ CPU  TIME:      13.040454  s ] <<<<< ..

.. >>>>> [ IO READ: weight_one_e_dm ] <<<<< ..

.. >>>>> [ RES  MEM :       0.140003 GB ] [ VIRT MEM :       2.484482 GB ] <<<<< ..
.. >>>>> [ WALL TIME:       4.659417  s ] [ CPU  TIME:      13.041118  s ] <<<<< ..

.. >>>>> [ IO READ: no_core_density ] <<<<< ..

.. >>>>> [ RES  MEM :       0.140003 GB ] [ VIRT MEM :       2.484482 GB ] <<<<< ..
.. >>>>> [ WALL TIME:       4.671066  s ] [ CPU  TIME:      13.087228  s ] <<<<< ..

* Number of inactive MOs                                         0
 Inactive MOs:

* Number of unique beta determinants                            46
* Number of unique alpha determinants                           46
* Number of active   MOs                                        46
 Active MOs:
           1           2           3           4           5           6           7           8           9          10          11          12          13          14          15          16          17          18          19          20          21          22          23          24          25          26          27          28          29          30          31          32          33          34          35          36          37          38          39          40          41          42          43          44          45          46
.. >>>>> [ IO READ: io_two_body_rdm_ab ] <<<<< ..

.. >>>>> [ RES  MEM :       0.140003 GB ] [ VIRT MEM :       2.487690 GB ] <<<<< ..
.. >>>>> [ WALL TIME:       4.672970  s ] [ CPU  TIME:      13.098008  s ] <<<<< ..

 
 Providing act_2_rdm_ab_mo 
 Wall time to provide act_2_rdm_ab_mo   1.4838393002719386E-002
* Number of core     MOs                                         0
 Core MOs:

.. >>>>> [ IO READ: my_grid_becke ] <<<<< ..

.. >>>>> [ RES  MEM :       0.240181 GB ] [ VIRT MEM :       2.587780 GB ] <<<<< ..
.. >>>>> [ WALL TIME:       4.858425  s ] [ CPU  TIME:      13.408753  s ] <<<<< ..

.. >>>>> [ IO READ: my_n_pt_a_grid ] <<<<< ..

.. >>>>> [ RES  MEM :       0.240181 GB ] [ VIRT MEM :       2.587780 GB ] <<<<< ..
.. >>>>> [ WALL TIME:       4.858709  s ] [ CPU  TIME:      13.408976  s ] <<<<< ..

.. >>>>> [ IO READ: my_n_pt_r_grid ] <<<<< ..

.. >>>>> [ RES  MEM :       0.240181 GB ] [ VIRT MEM :       2.587780 GB ] <<<<< ..
.. >>>>> [ WALL TIME:       4.858960  s ] [ CPU  TIME:      13.409167  s ] <<<<< ..

.. >>>>> [ IO READ: thresh_grid ] <<<<< ..

.. >>>>> [ RES  MEM :       0.240181 GB ] [ VIRT MEM :       2.587780 GB ] <<<<< ..
.. >>>>> [ WALL TIME:       4.859479  s ] [ CPU  TIME:      13.409623  s ] <<<<< ..

 n_points_final_grid =         2072
 n max point         =         2146
.. >>>>> [ IO READ: mu_erf ] <<<<< ..

.. >>>>> [ RES  MEM :       0.240993 GB ] [ VIRT MEM :       2.588562 GB ] <<<<< ..
.. >>>>> [ WALL TIME:       4.872336  s ] [ CPU  TIME:      13.422273  s ] <<<<< ..

 Reading the right/left eigenvectors in the EZFIO....
 
 Providing act_2_rdm_ab_mo 
 Wall time to provide act_2_rdm_ab_mo   1.5438384001754457E-002
 
 Providing act_2_rdm_ab_mo 
 Wall time to provide act_2_rdm_ab_mo   1.5530164000665536E-002
 
 Providing act_2_rdm_ab_mo 
 Wall time to provide act_2_rdm_ab_mo   2.1767106998595409E-002
 <Phi | e^{2 j(r12,mu)} | Phi> =   0.71488655778743415     
 output = He_aug-cc-pvqz_0.5.cusp_wf_1
 output = He_aug-cc-pvqz_0.5.cusp_wf_2
 output = He_aug-cc-pvqz_0.5.cusp_wf_3
 output = He_aug-cc-pvqz_0.5.cusp_wf_4
 output = He_aug-cc-pvqz_0.5.cusp_wf_5
Wall time: 0:01:58

