Date: 01/10/2020 18:32:34
===============
Quantum Package
===============

Git Commit: minor modifs
Git Date  : Mon Sep 21 15:38:26 2020 +0200
Git SHA1  : ee267e27e9b6027ea76a05e2b43271cc8906fd55
EZFIO Dir : He_aug-cc-pvqz_2.0


Task server running : tcp://127.0.1.1:41279
.. >>>>> [ IO READ: read_rl_eigv ] <<<<< ..

.. >>>>> [ RES  MEM :       0.004059 GB ] [ VIRT MEM :       0.041355 GB ] <<<<< ..
.. >>>>> [ WALL TIME:       0.000178  s ] [ CPU  TIME:       0.002032  s ] <<<<< ..

.. >>>>> [ IO READ: io_ao_two_e_integrals ] <<<<< ..

.. >>>>> [ RES  MEM :       0.004059 GB ] [ VIRT MEM :       0.041355 GB ] <<<<< ..
.. >>>>> [ WALL TIME:       0.000471  s ] [ CPU  TIME:       0.002171  s ] <<<<< ..

.. >>>>> [ IO READ: io_mo_two_e_integrals ] <<<<< ..

.. >>>>> [ RES  MEM :       0.004059 GB ] [ VIRT MEM :       0.041355 GB ] <<<<< ..
.. >>>>> [ WALL TIME:       0.000729  s ] [ CPU  TIME:       0.002302  s ] <<<<< ..

.. >>>>> [ IO READ: io_ao_integrals_kinetic ] <<<<< ..

.. >>>>> [ RES  MEM :       0.004059 GB ] [ VIRT MEM :       0.041355 GB ] <<<<< ..
.. >>>>> [ WALL TIME:       0.000970  s ] [ CPU  TIME:       0.002444  s ] <<<<< ..

.. >>>>> [ IO READ: io_ao_integrals_n_e ] <<<<< ..

.. >>>>> [ RES  MEM :       0.004059 GB ] [ VIRT MEM :       0.041355 GB ] <<<<< ..
.. >>>>> [ WALL TIME:       0.001122  s ] [ CPU  TIME:       0.002536  s ] <<<<< ..

.. >>>>> [ IO READ: io_mo_integrals_kinetic ] <<<<< ..

.. >>>>> [ RES  MEM :       0.004059 GB ] [ VIRT MEM :       0.041355 GB ] <<<<< ..
.. >>>>> [ WALL TIME:       0.001465  s ] [ CPU  TIME:       0.002662  s ] <<<<< ..

.. >>>>> [ IO READ: io_mo_integrals_n_e ] <<<<< ..

.. >>>>> [ RES  MEM :       0.004059 GB ] [ VIRT MEM :       0.041355 GB ] <<<<< ..
.. >>>>> [ WALL TIME:       0.001612  s ] [ CPU  TIME:       0.002748  s ] <<<<< ..

.. >>>>> [ IO READ: io_mo_one_e_integrals ] <<<<< ..

.. >>>>> [ RES  MEM :       0.004059 GB ] [ VIRT MEM :       0.041355 GB ] <<<<< ..
.. >>>>> [ WALL TIME:       0.001765  s ] [ CPU  TIME:       0.002840  s ] <<<<< ..

.. >>>>> [ IO READ: read_wf ] <<<<< ..

.. >>>>> [ RES  MEM :       0.004059 GB ] [ VIRT MEM :       0.041355 GB ] <<<<< ..
.. >>>>> [ WALL TIME:       0.002136  s ] [ CPU  TIME:       0.002964  s ] <<<<< ..

.. >>>>> [ IO READ: n_states ] <<<<< ..

.. >>>>> [ RES  MEM :       0.004692 GB ] [ VIRT MEM :       0.041492 GB ] <<<<< ..
.. >>>>> [ WALL TIME:       0.002379  s ] [ CPU  TIME:       0.003146  s ] <<<<< ..

 * mo_label          Canonical
* Number of determinants                                       640
.. >>>>> [ IO READ: n_det_max_full ] <<<<< ..

.. >>>>> [ RES  MEM :       0.004692 GB ] [ VIRT MEM :       0.064941 GB ] <<<<< ..
.. >>>>> [ WALL TIME:       0.009101  s ] [ CPU  TIME:       0.020171  s ] <<<<< ..


.. >>>>> [ RES  MEM :       0.004692 GB ] [ VIRT MEM :       0.064941 GB ] <<<<< ..
.. >>>>> [ WALL TIME:       0.009323  s ] [ CPU  TIME:       0.020441  s ] <<<<< ..

 Read  n_states_diag
* Dimension of the psi arrays                               100000
 Read psi_coef         640           1
.. >>>>> [ IO READ: threshold_davidson ] <<<<< ..

.. >>>>> [ RES  MEM :       0.005787 GB ] [ VIRT MEM :       0.253189 GB ] <<<<< ..
.. >>>>> [ WALL TIME:       0.010703  s ] [ CPU  TIME:       0.025358  s ] <<<<< ..

* mo_num                                                        46
* N_int                                                          1
.. >>>>> [ IO READ: elec_beta_num ] <<<<< ..

.. >>>>> [ RES  MEM :       0.005787 GB ] [ VIRT MEM :       0.253189 GB ] <<<<< ..
.. >>>>> [ WALL TIME:       0.011231  s ] [ CPU  TIME:       0.026806  s ] <<<<< ..

.. >>>>> [ IO READ: elec_alpha_num ] <<<<< ..

.. >>>>> [ RES  MEM :       0.005787 GB ] [ VIRT MEM :       0.253189 GB ] <<<<< ..
.. >>>>> [ WALL TIME:       0.011476  s ] [ CPU  TIME:       0.027087  s ] <<<<< ..

.. >>>>> [ IO READ: ao_num ] <<<<< ..

.. >>>>> [ RES  MEM :       0.005787 GB ] [ VIRT MEM :       0.253189 GB ] <<<<< ..
.. >>>>> [ WALL TIME:       0.011892  s ] [ CPU  TIME:       0.028255  s ] <<<<< ..

 Read  mo_coef
 Read psi_det
 MO map initialized:                584821
.. >>>>> [ IO READ: no_vvvv_integrals ] <<<<< ..

.. >>>>> [ RES  MEM :       0.007858 GB ] [ VIRT MEM :       0.257820 GB ] <<<<< ..
.. >>>>> [ WALL TIME:       0.016523  s ] [ CPU  TIME:       0.041095  s ] <<<<< ..

.. >>>>> [ IO READ: mo_class ] <<<<< ..

.. >>>>> [ RES  MEM :       0.007858 GB ] [ VIRT MEM :       0.257820 GB ] <<<<< ..
.. >>>>> [ WALL TIME:       0.016860  s ] [ CPU  TIME:       0.041554  s ] <<<<< ..

 AO map initialized :               1186570
 Providing the AO integrals
.. >>>>> [ IO READ: ao_prim_num ] <<<<< ..

.. >>>>> [ RES  MEM :       0.007858 GB ] [ VIRT MEM :       0.257820 GB ] <<<<< ..
.. >>>>> [ WALL TIME:       0.017275  s ] [ CPU  TIME:       0.050095  s ] <<<<< ..

.. >>>>> [ IO READ: ao_normalized ] <<<<< ..

.. >>>>> [ RES  MEM :       0.007858 GB ] [ VIRT MEM :       0.257820 GB ] <<<<< ..
.. >>>>> [ WALL TIME:       0.017576  s ] [ CPU  TIME:       0.050896  s ] <<<<< ..

.. >>>>> [ IO READ: primitives_normalized ] <<<<< ..

.. >>>>> [ RES  MEM :       0.007858 GB ] [ VIRT MEM :       0.257820 GB ] <<<<< ..
.. >>>>> [ WALL TIME:       0.017813  s ] [ CPU  TIME:       0.051164  s ] <<<<< ..

.. >>>>> [ IO READ: ao_coef ] <<<<< ..

.. >>>>> [ RES  MEM :       0.007858 GB ] [ VIRT MEM :       0.257820 GB ] <<<<< ..
.. >>>>> [ WALL TIME:       0.018352  s ] [ CPU  TIME:       0.052036  s ] <<<<< ..

.. >>>>> [ IO READ: ao_power ] <<<<< ..

.. >>>>> [ RES  MEM :       0.007858 GB ] [ VIRT MEM :       0.257820 GB ] <<<<< ..
.. >>>>> [ WALL TIME:       0.018724  s ] [ CPU  TIME:       0.052571  s ] <<<<< ..

.. >>>>> [ IO READ: ao_expo ] <<<<< ..

.. >>>>> [ RES  MEM :       0.007858 GB ] [ VIRT MEM :       0.257820 GB ] <<<<< ..
.. >>>>> [ WALL TIME:       0.019251  s ] [ CPU  TIME:       0.053407  s ] <<<<< ..

.. >>>>> [ IO READ: ao_integrals_threshold ] <<<<< ..

.. >>>>> [ RES  MEM :       0.007858 GB ] [ VIRT MEM :       0.257820 GB ] <<<<< ..
.. >>>>> [ WALL TIME:       0.019656  s ] [ CPU  TIME:       0.054003  s ] <<<<< ..

.. >>>>> [ IO READ: ao_nucl ] <<<<< ..

.. >>>>> [ RES  MEM :       0.007858 GB ] [ VIRT MEM :       0.257820 GB ] <<<<< ..
.. >>>>> [ WALL TIME:       0.019975  s ] [ CPU  TIME:       0.054431  s ] <<<<< ..

.. >>>>> [ IO READ: is_periodic ] <<<<< ..

.. >>>>> [ RES  MEM :       0.009293 GB ] [ VIRT MEM :       0.406395 GB ] <<<<< ..
.. >>>>> [ WALL TIME:       0.034269  s ] [ CPU  TIME:       0.100701  s ] <<<<< ..

.. >>>>> [ IO READ: nucl_num ] <<<<< ..

.. >>>>> [ RES  MEM :       0.009293 GB ] [ VIRT MEM :       0.406395 GB ] <<<<< ..
.. >>>>> [ WALL TIME:       0.036461  s ] [ CPU  TIME:       0.102882  s ] <<<<< ..

.. >>>>> [ IO READ: nucl_label ] <<<<< ..

.. >>>>> [ RES  MEM :       0.009293 GB ] [ VIRT MEM :       0.406395 GB ] <<<<< ..
.. >>>>> [ WALL TIME:       0.036708  s ] [ CPU  TIME:       0.103069  s ] <<<<< ..

.. >>>>> [ IO READ: nucl_charge ] <<<<< ..

.. >>>>> [ RES  MEM :       0.009293 GB ] [ VIRT MEM :       0.406395 GB ] <<<<< ..
.. >>>>> [ WALL TIME:       0.036958  s ] [ CPU  TIME:       0.103254  s ] <<<<< ..


.. >>>>> [ RES  MEM :       0.009293 GB ] [ VIRT MEM :       0.406395 GB ] <<<<< ..
.. >>>>> [ WALL TIME:       0.037163  s ] [ CPU  TIME:       0.103398  s ] <<<<< ..


Nuclear Coordinates (Angstroms)
===============================

================ ============ ============ ============ ============
      Atom          Charge          X            Y            Z 
================ ============ ============ ============ ============
He                   2.000000     0.000000     0.000000     0.000000
================ ============ ============ ============ ============

 Sorting the map
 AO integrals provided:
  Size of AO map :            1.8292579650878906      MB
  Number of AO integrals :               157588
  cpu  time :  0.44041700000000000      s
  wall time :  0.24965712099947268      s  ( x    1.7640874741999859       )
 
 AO -> MO integrals transformation
 ---------------------------------
 
.. >>>>> [ IO READ: mo_integrals_threshold ] <<<<< ..

.. >>>>> [ RES  MEM :       0.012009 GB ] [ VIRT MEM :       0.470890 GB ] <<<<< ..
.. >>>>> [ WALL TIME:       0.266861  s ] [ CPU  TIME:       0.490239  s ] <<<<< ..

 Buffers :    4.59062958     MB / core
.. >>>>> [ IO READ: io_ao_integrals_overlap ] <<<<< ..

.. >>>>> [ RES  MEM :       0.014606 GB ] [ VIRT MEM :       0.483723 GB ] <<<<< ..
.. >>>>> [ WALL TIME:       0.269591  s ] [ CPU  TIME:       0.499847  s ] <<<<< ..

 Molecular integrals provided:
  Size of MO map              5.5891113281250000      MB
  Number of MO integrals:                291795
  cpu  time :   1.9665219999999999      s
  wall time :  0.96885332899910281      s  ( x    2.0297416968485442      )
.. >>>>> [ IO READ: do_pseudo ] <<<<< ..

.. >>>>> [ RES  MEM :       0.119778 GB ] [ VIRT MEM :       2.475063 GB ] <<<<< ..
.. >>>>> [ WALL TIME:       1.418884  s ] [ CPU  TIME:       3.156159  s ] <<<<< ..

 Providing the one-electron integrals
.. >>>>> [ IO READ: s2_eig ] <<<<< ..

.. >>>>> [ RES  MEM :       0.122952 GB ] [ VIRT MEM :       2.475063 GB ] <<<<< ..
.. >>>>> [ WALL TIME:       1.445167  s ] [ CPU  TIME:       3.260988  s ] <<<<< ..

 Diagonalization of H using Lapack
.. >>>>> [ IO READ: only_expected_s2 ] <<<<< ..

.. >>>>> [ RES  MEM :       0.122952 GB ] [ VIRT MEM :       2.478119 GB ] <<<<< ..
.. >>>>> [ WALL TIME:       1.445412  s ] [ CPU  TIME:       3.261361  s ] <<<<< ..

.. >>>>> [ IO READ: io_nuclear_repulsion ] <<<<< ..

.. >>>>> [ RES  MEM :       0.139103 GB ] [ VIRT MEM :       2.484222 GB ] <<<<< ..
.. >>>>> [ WALL TIME:       4.537702  s ] [ CPU  TIME:      13.522401  s ] <<<<< ..


.. >>>>> [ RES  MEM :       0.139103 GB ] [ VIRT MEM :       2.484222 GB ] <<<<< ..
.. >>>>> [ WALL TIME:       4.537934  s ] [ CPU  TIME:      13.523681  s ] <<<<< ..

* Nuclear repulsion energy                           0.000000000000000    

.. >>>>> [ RES  MEM :       0.139103 GB ] [ VIRT MEM :       2.484222 GB ] <<<<< ..
.. >>>>> [ WALL TIME:       4.538187  s ] [ CPU  TIME:      13.523973  s ] <<<<< ..

* Energy of state    1                              -2.902533599419321    
* S^2 of state    1                                 0.3935770078380195E-28
.. >>>>> [ IO READ: distributed_davidson ] <<<<< ..

.. >>>>> [ RES  MEM :       0.139103 GB ] [ VIRT MEM :       2.484222 GB ] <<<<< ..
.. >>>>> [ WALL TIME:       4.538483  s ] [ CPU  TIME:      13.524306  s ] <<<<< ..

.. >>>>> [ IO READ: weight_one_e_dm ] <<<<< ..

.. >>>>> [ RES  MEM :       0.139103 GB ] [ VIRT MEM :       2.484222 GB ] <<<<< ..
.. >>>>> [ WALL TIME:       4.539275  s ] [ CPU  TIME:      13.525682  s ] <<<<< ..

.. >>>>> [ IO READ: no_core_density ] <<<<< ..

.. >>>>> [ RES  MEM :       0.139103 GB ] [ VIRT MEM :       2.484222 GB ] <<<<< ..
.. >>>>> [ WALL TIME:       4.550702  s ] [ CPU  TIME:      13.567720  s ] <<<<< ..

* Number of inactive MOs                                         0
 Inactive MOs:

* Number of unique beta determinants                            46
* Number of unique alpha determinants                           46
* Number of active   MOs                                        46
 Active MOs:
           1           2           3           4           5           6           7           8           9          10          11          12          13          14          15          16          17          18          19          20          21          22          23          24          25          26          27          28          29          30          31          32          33          34          35          36          37          38          39          40          41          42          43          44          45          46
.. >>>>> [ IO READ: io_two_body_rdm_ab ] <<<<< ..

.. >>>>> [ RES  MEM :       0.139103 GB ] [ VIRT MEM :       2.487431 GB ] <<<<< ..
.. >>>>> [ WALL TIME:       4.552400  s ] [ CPU  TIME:      13.570019  s ] <<<<< ..

 
 Providing act_2_rdm_ab_mo 
 Wall time to provide act_2_rdm_ab_mo   1.5936065999994753E-002
* Number of core     MOs                                         0
 Core MOs:

.. >>>>> [ IO READ: my_grid_becke ] <<<<< ..

.. >>>>> [ RES  MEM :       0.239338 GB ] [ VIRT MEM :       2.587521 GB ] <<<<< ..
.. >>>>> [ WALL TIME:       4.743735  s ] [ CPU  TIME:      13.903184  s ] <<<<< ..

.. >>>>> [ IO READ: my_n_pt_a_grid ] <<<<< ..

.. >>>>> [ RES  MEM :       0.239338 GB ] [ VIRT MEM :       2.587521 GB ] <<<<< ..
.. >>>>> [ WALL TIME:       4.744165  s ] [ CPU  TIME:      13.903554  s ] <<<<< ..

.. >>>>> [ IO READ: my_n_pt_r_grid ] <<<<< ..

.. >>>>> [ RES  MEM :       0.239338 GB ] [ VIRT MEM :       2.587521 GB ] <<<<< ..
.. >>>>> [ WALL TIME:       4.744519  s ] [ CPU  TIME:      13.903846  s ] <<<<< ..

.. >>>>> [ IO READ: thresh_grid ] <<<<< ..

.. >>>>> [ RES  MEM :       0.239338 GB ] [ VIRT MEM :       2.587521 GB ] <<<<< ..
.. >>>>> [ WALL TIME:       4.745298  s ] [ CPU  TIME:      13.904563  s ] <<<<< ..

 n_points_final_grid =         2072
 n max point         =         2146
.. >>>>> [ IO READ: mu_erf ] <<<<< ..

.. >>>>> [ RES  MEM :       0.240150 GB ] [ VIRT MEM :       2.588234 GB ] <<<<< ..
.. >>>>> [ WALL TIME:       4.759601  s ] [ CPU  TIME:      13.918647  s ] <<<<< ..

 Reading the right/left eigenvectors in the EZFIO....
 
 Providing act_2_rdm_ab_mo 
 Wall time to provide act_2_rdm_ab_mo   1.4983250002842396E-002
 
 Providing act_2_rdm_ab_mo 
 Wall time to provide act_2_rdm_ab_mo   1.5992102999007329E-002
 
 Providing act_2_rdm_ab_mo 
 Wall time to provide act_2_rdm_ab_mo   2.2190179999597603E-002
 <Phi | e^{2 j(r12,mu)} | Phi> =   0.99457313095391353     
 output = He_aug-cc-pvqz_2.0.cusp_wf_1
 output = He_aug-cc-pvqz_2.0.cusp_wf_2
 output = He_aug-cc-pvqz_2.0.cusp_wf_3
 output = He_aug-cc-pvqz_2.0.cusp_wf_4
 output = He_aug-cc-pvqz_2.0.cusp_wf_5
Wall time: 0:01:49

