Date: 01/10/2020 23:13:49
===============
Quantum Package
===============

Git Commit: minor modifs
Git Date  : Mon Sep 21 15:38:26 2020 +0200
Git SHA1  : ee267e27e9b6027ea76a05e2b43271cc8906fd55
EZFIO Dir : He_aug-cc-pv5z_0.3


Task server running : tcp://127.0.1.1:41479
.. >>>>> [ IO READ: io_mo_integrals_n_e ] <<<<< ..

.. >>>>> [ RES  MEM :       0.004028 GB ] [ VIRT MEM :       0.041340 GB ] <<<<< ..
.. >>>>> [ WALL TIME:       0.000228  s ] [ CPU  TIME:       0.000000  s ] <<<<< ..

.. >>>>> [ IO READ: io_mo_integrals_kinetic ] <<<<< ..

.. >>>>> [ RES  MEM :       0.004028 GB ] [ VIRT MEM :       0.041340 GB ] <<<<< ..
.. >>>>> [ WALL TIME:       0.000402  s ] [ CPU  TIME:       0.000000  s ] <<<<< ..

.. >>>>> [ IO READ: io_ao_integrals_n_e ] <<<<< ..

.. >>>>> [ RES  MEM :       0.004028 GB ] [ VIRT MEM :       0.041340 GB ] <<<<< ..
.. >>>>> [ WALL TIME:       0.000592  s ] [ CPU  TIME:       0.000000  s ] <<<<< ..

.. >>>>> [ IO READ: read_wf ] <<<<< ..

.. >>>>> [ RES  MEM :       0.004028 GB ] [ VIRT MEM :       0.041340 GB ] <<<<< ..
.. >>>>> [ WALL TIME:       0.000786  s ] [ CPU  TIME:       0.000000  s ] <<<<< ..

.. >>>>> [ IO READ: io_mo_two_e_integrals ] <<<<< ..

.. >>>>> [ RES  MEM :       0.004028 GB ] [ VIRT MEM :       0.041340 GB ] <<<<< ..
.. >>>>> [ WALL TIME:       0.000968  s ] [ CPU  TIME:       0.000000  s ] <<<<< ..

.. >>>>> [ IO READ: io_mo_one_e_integrals ] <<<<< ..

.. >>>>> [ RES  MEM :       0.004028 GB ] [ VIRT MEM :       0.041340 GB ] <<<<< ..
.. >>>>> [ WALL TIME:       0.001134  s ] [ CPU  TIME:       0.000000  s ] <<<<< ..

.. >>>>> [ IO READ: io_ao_integrals_kinetic ] <<<<< ..

.. >>>>> [ RES  MEM :       0.004028 GB ] [ VIRT MEM :       0.041340 GB ] <<<<< ..
.. >>>>> [ WALL TIME:       0.001303  s ] [ CPU  TIME:       0.000000  s ] <<<<< ..

.. >>>>> [ IO READ: read_rl_eigv ] <<<<< ..

.. >>>>> [ RES  MEM :       0.004028 GB ] [ VIRT MEM :       0.041340 GB ] <<<<< ..
.. >>>>> [ WALL TIME:       0.001485  s ] [ CPU  TIME:       0.000000  s ] <<<<< ..

.. >>>>> [ IO READ: io_ao_two_e_integrals ] <<<<< ..

.. >>>>> [ RES  MEM :       0.004028 GB ] [ VIRT MEM :       0.041340 GB ] <<<<< ..
.. >>>>> [ WALL TIME:       0.001663  s ] [ CPU  TIME:       0.000000  s ] <<<<< ..

.. >>>>> [ IO READ: n_states ] <<<<< ..

.. >>>>> [ RES  MEM :       0.005020 GB ] [ VIRT MEM :       0.041473 GB ] <<<<< ..
.. >>>>> [ WALL TIME:       0.001919  s ] [ CPU  TIME:       0.000000  s ] <<<<< ..

 * mo_label          Canonical
* Number of determinants                                       668
.. >>>>> [ IO READ: nucl_num ] <<<<< ..

.. >>>>> [ RES  MEM :       0.005020 GB ] [ VIRT MEM :       0.064922 GB ] <<<<< ..
.. >>>>> [ WALL TIME:       0.002277  s ] [ CPU  TIME:       0.004000  s ] <<<<< ..

.. >>>>> [ IO READ: nucl_label ] <<<<< ..

.. >>>>> [ RES  MEM :       0.005020 GB ] [ VIRT MEM :       0.064922 GB ] <<<<< ..
.. >>>>> [ WALL TIME:       0.002656  s ] [ CPU  TIME:       0.004000  s ] <<<<< ..

.. >>>>> [ IO READ: nucl_charge ] <<<<< ..

.. >>>>> [ RES  MEM :       0.005020 GB ] [ VIRT MEM :       0.064922 GB ] <<<<< ..
.. >>>>> [ WALL TIME:       0.002961  s ] [ CPU  TIME:       0.004000  s ] <<<<< ..


.. >>>>> [ RES  MEM :       0.005020 GB ] [ VIRT MEM :       0.189922 GB ] <<<<< ..
.. >>>>> [ WALL TIME:       0.003271  s ] [ CPU  TIME:       0.004000  s ] <<<<< ..


Nuclear Coordinates (Angstroms)
===============================

================ ============ ============ ============ ============
      Atom          Charge          X            Y            Z 
================ ============ ============ ============ ============
He                   2.000000     0.000000     0.000000     0.000000
================ ============ ============ ============ ============

.. >>>>> [ IO READ: io_nuclear_repulsion ] <<<<< ..

.. >>>>> [ RES  MEM :       0.005020 GB ] [ VIRT MEM :       0.189922 GB ] <<<<< ..
.. >>>>> [ WALL TIME:       0.003642  s ] [ CPU  TIME:       0.008000  s ] <<<<< ..


.. >>>>> [ RES  MEM :       0.005020 GB ] [ VIRT MEM :       0.189922 GB ] <<<<< ..
.. >>>>> [ WALL TIME:       0.003827  s ] [ CPU  TIME:       0.008000  s ] <<<<< ..

* Nuclear repulsion energy                           0.000000000000000    

.. >>>>> [ RES  MEM :       0.005020 GB ] [ VIRT MEM :       0.189922 GB ] <<<<< ..
.. >>>>> [ WALL TIME:       0.004117  s ] [ CPU  TIME:       0.008000  s ] <<<<< ..

 Read  n_states_diag
.. >>>>> [ IO READ: n_det_max_full ] <<<<< ..

.. >>>>> [ RES  MEM :       0.005020 GB ] [ VIRT MEM :       0.189922 GB ] <<<<< ..
.. >>>>> [ WALL TIME:       0.004374  s ] [ CPU  TIME:       0.008000  s ] <<<<< ..

* Dimension of the psi arrays                               100000
 Read psi_coef         668           1
.. >>>>> [ IO READ: threshold_davidson ] <<<<< ..

.. >>>>> [ RES  MEM :       0.006405 GB ] [ VIRT MEM :       0.253170 GB ] <<<<< ..
.. >>>>> [ WALL TIME:       0.005445  s ] [ CPU  TIME:       0.012000  s ] <<<<< ..

* mo_num                                                        80
* N_int                                                          2
.. >>>>> [ IO READ: elec_beta_num ] <<<<< ..

.. >>>>> [ RES  MEM :       0.006405 GB ] [ VIRT MEM :       0.253170 GB ] <<<<< ..
.. >>>>> [ WALL TIME:       0.005775  s ] [ CPU  TIME:       0.016000  s ] <<<<< ..

.. >>>>> [ IO READ: elec_alpha_num ] <<<<< ..

.. >>>>> [ RES  MEM :       0.006405 GB ] [ VIRT MEM :       0.253170 GB ] <<<<< ..
.. >>>>> [ WALL TIME:       0.006048  s ] [ CPU  TIME:       0.016000  s ] <<<<< ..

.. >>>>> [ IO READ: ao_num ] <<<<< ..

.. >>>>> [ RES  MEM :       0.006405 GB ] [ VIRT MEM :       0.253170 GB ] <<<<< ..
.. >>>>> [ WALL TIME:       0.006316  s ] [ CPU  TIME:       0.016000  s ] <<<<< ..

 Read  mo_coef
 Read psi_det
 MO map initialized:               5250420
.. >>>>> [ IO READ: no_vvvv_integrals ] <<<<< ..

.. >>>>> [ RES  MEM :       0.009743 GB ] [ VIRT MEM :       0.259731 GB ] <<<<< ..
.. >>>>> [ WALL TIME:       0.014422  s ] [ CPU  TIME:       0.048000  s ] <<<<< ..

.. >>>>> [ IO READ: mo_class ] <<<<< ..

.. >>>>> [ RES  MEM :       0.009743 GB ] [ VIRT MEM :       0.259731 GB ] <<<<< ..
.. >>>>> [ WALL TIME:       0.014771  s ] [ CPU  TIME:       0.048000  s ] <<<<< ..

 AO map initialized :              15487395
 Providing the AO integrals
.. >>>>> [ IO READ: ao_prim_num ] <<<<< ..

.. >>>>> [ RES  MEM :       0.009743 GB ] [ VIRT MEM :       0.259731 GB ] <<<<< ..
.. >>>>> [ WALL TIME:       0.015209  s ] [ CPU  TIME:       0.052000  s ] <<<<< ..

.. >>>>> [ IO READ: primitives_normalized ] <<<<< ..

.. >>>>> [ RES  MEM :       0.009743 GB ] [ VIRT MEM :       0.259731 GB ] <<<<< ..
.. >>>>> [ WALL TIME:       0.015490  s ] [ CPU  TIME:       0.052000  s ] <<<<< ..

.. >>>>> [ IO READ: ao_normalized ] <<<<< ..

.. >>>>> [ RES  MEM :       0.009743 GB ] [ VIRT MEM :       0.259731 GB ] <<<<< ..
.. >>>>> [ WALL TIME:       0.015751  s ] [ CPU  TIME:       0.052000  s ] <<<<< ..

.. >>>>> [ IO READ: ao_coef ] <<<<< ..

.. >>>>> [ RES  MEM :       0.009743 GB ] [ VIRT MEM :       0.259869 GB ] <<<<< ..
.. >>>>> [ WALL TIME:       0.016417  s ] [ CPU  TIME:       0.056000  s ] <<<<< ..

.. >>>>> [ IO READ: ao_power ] <<<<< ..

.. >>>>> [ RES  MEM :       0.009743 GB ] [ VIRT MEM :       0.259869 GB ] <<<<< ..
.. >>>>> [ WALL TIME:       0.016833  s ] [ CPU  TIME:       0.056000  s ] <<<<< ..

.. >>>>> [ IO READ: ao_expo ] <<<<< ..

.. >>>>> [ RES  MEM :       0.009743 GB ] [ VIRT MEM :       0.259869 GB ] <<<<< ..
.. >>>>> [ WALL TIME:       0.017491  s ] [ CPU  TIME:       0.060000  s ] <<<<< ..

.. >>>>> [ IO READ: ao_integrals_threshold ] <<<<< ..

.. >>>>> [ RES  MEM :       0.009743 GB ] [ VIRT MEM :       0.259869 GB ] <<<<< ..
.. >>>>> [ WALL TIME:       0.017900  s ] [ CPU  TIME:       0.060000  s ] <<<<< ..

.. >>>>> [ IO READ: ao_nucl ] <<<<< ..

.. >>>>> [ RES  MEM :       0.010292 GB ] [ VIRT MEM :       0.259869 GB ] <<<<< ..
.. >>>>> [ WALL TIME:       0.018205  s ] [ CPU  TIME:       0.064000  s ] <<<<< ..

.. >>>>> [ IO READ: is_periodic ] <<<<< ..

.. >>>>> [ RES  MEM :       0.010292 GB ] [ VIRT MEM :       0.408501 GB ] <<<<< ..
.. >>>>> [ WALL TIME:       0.038718  s ] [ CPU  TIME:       0.108000  s ] <<<<< ..

 Sorting the map
 AO integrals provided:
  Size of AO map :            24.359233856201172      MB
  Number of AO integrals :              1994949
  cpu  time :   1.9600000000000000      s
  wall time :  0.88447550311684608      s  ( x    2.2160025835572168       )
 
 AO -> MO integrals transformation
 ---------------------------------
 
.. >>>>> [ IO READ: mo_integrals_threshold ] <<<<< ..

.. >>>>> [ RES  MEM :       0.034557 GB ] [ VIRT MEM :       0.495987 GB ] <<<<< ..
.. >>>>> [ WALL TIME:       0.899613  s ] [ CPU  TIME:       2.012000  s ] <<<<< ..

 Buffers :    30.5365372     MB / core
.. >>>>> [ IO READ: io_ao_integrals_overlap ] <<<<< ..

.. >>>>> [ RES  MEM :       0.050659 GB ] [ VIRT MEM :       0.580261 GB ] <<<<< ..
.. >>>>> [ WALL TIME:       0.901418  s ] [ CPU  TIME:       2.020000  s ] <<<<< ..

  0.952380955     % in    1.2116846032440662      s   8.0146789550781250E-003 MB
   7.61904764     % in    2.2630428895354271      s   41.575912475585938      MB
   14.2857141     % in    3.3746835701167583      s   50.588859558105469      MB
   20.9523811     % in    4.4686238840222359      s   50.771640777587891      MB
 Molecular integrals provided:
  Size of MO map              50.809215545654297      MB
  Number of MO integrals:               2661155
  cpu  time :   15.936000000000000      s
  wall time :   5.4124244861304760      s  ( x    2.9443366906709829      )
.. >>>>> [ IO READ: do_pseudo ] <<<<< ..

.. >>>>> [ RES  MEM :       0.612015 GB ] [ VIRT MEM :       2.528843 GB ] <<<<< ..
.. >>>>> [ WALL TIME:       7.427980  s ] [ CPU  TIME:      21.744000  s ] <<<<< ..

 Providing the one-electron integrals
.. >>>>> [ IO READ: s2_eig ] <<<<< ..

.. >>>>> [ RES  MEM :       0.616085 GB ] [ VIRT MEM :       2.528843 GB ] <<<<< ..
.. >>>>> [ WALL TIME:       7.480358  s ] [ CPU  TIME:      21.912000  s ] <<<<< ..

 Diagonalization of H using Lapack
.. >>>>> [ IO READ: only_expected_s2 ] <<<<< ..

.. >>>>> [ RES  MEM :       0.616085 GB ] [ VIRT MEM :       2.532169 GB ] <<<<< ..
.. >>>>> [ WALL TIME:       7.480634  s ] [ CPU  TIME:      21.916000  s ] <<<<< ..


.. >>>>> [ RES  MEM :       0.642368 GB ] [ VIRT MEM :       2.548820 GB ] <<<<< ..
.. >>>>> [ WALL TIME:       8.742081  s ] [ CPU  TIME:      25.332000  s ] <<<<< ..

* Energy of state    1                              -2.903200529458286    
* S^2 of state    1                                 0.5541608929263544E-29
.. >>>>> [ IO READ: distributed_davidson ] <<<<< ..

.. >>>>> [ RES  MEM :       0.642368 GB ] [ VIRT MEM :       2.548820 GB ] <<<<< ..
.. >>>>> [ WALL TIME:       8.742520  s ] [ CPU  TIME:      25.336000  s ] <<<<< ..

.. >>>>> [ IO READ: weight_one_e_dm ] <<<<< ..

.. >>>>> [ RES  MEM :       0.642368 GB ] [ VIRT MEM :       2.548820 GB ] <<<<< ..
.. >>>>> [ WALL TIME:       8.743364  s ] [ CPU  TIME:      25.340000  s ] <<<<< ..

 Reading the right/left eigenvectors in the EZFIO....
.. >>>>> [ IO READ: thresh_grid ] <<<<< ..

.. >>>>> [ RES  MEM :       0.642368 GB ] [ VIRT MEM :       2.548820 GB ] <<<<< ..
.. >>>>> [ WALL TIME:       8.756669  s ] [ CPU  TIME:      25.392000  s ] <<<<< ..

.. >>>>> [ IO READ: my_grid_becke ] <<<<< ..

.. >>>>> [ RES  MEM :       0.642368 GB ] [ VIRT MEM :       2.548820 GB ] <<<<< ..
.. >>>>> [ WALL TIME:       8.756999  s ] [ CPU  TIME:      25.392000  s ] <<<<< ..

.. >>>>> [ IO READ: my_n_pt_r_grid ] <<<<< ..

.. >>>>> [ RES  MEM :       0.642368 GB ] [ VIRT MEM :       2.548820 GB ] <<<<< ..
.. >>>>> [ WALL TIME:       8.757316  s ] [ CPU  TIME:      25.392000  s ] <<<<< ..

.. >>>>> [ IO READ: my_n_pt_a_grid ] <<<<< ..

.. >>>>> [ RES  MEM :       0.642368 GB ] [ VIRT MEM :       2.548820 GB ] <<<<< ..
.. >>>>> [ WALL TIME:       8.757636  s ] [ CPU  TIME:      25.392000  s ] <<<<< ..

 n_points_final_grid =         2072
 n max point         =         2146
.. >>>>> [ IO READ: mu_erf ] <<<<< ..

.. >>>>> [ RES  MEM :       0.642368 GB ] [ VIRT MEM :       2.548820 GB ] <<<<< ..
.. >>>>> [ WALL TIME:       8.758293  s ] [ CPU  TIME:      25.396000  s ] <<<<< ..

* Number of active   MOs                                        80
.. >>>>> [ IO READ: io_two_body_rdm_ab ] <<<<< ..

.. >>>>> [ RES  MEM :       0.741367 GB ] [ VIRT MEM :       2.647694 GB ] <<<<< ..
.. >>>>> [ WALL TIME:     193.932847  s ] [ CPU  TIME:     758.168000  s ] <<<<< ..

 
 Providing act_2_rdm_ab_mo 
 Active MOs:
           1           2           3           4           5           6           7           8           9          10          11          12          13          14          15          16          17          18          19          20          21          22          23          24          25          26          27          28          29          30          31          32          33          34          35          36          37          38          39          40          41          42          43          44          45          46          47          48          49          50          51          52          53          54          55          56          57          58          59          60          61          62          63          64          65          66          67          68          69          70          71          72          73          74          75          76          77          78          79          80
* Number of unique alpha determinants                           80
* Number of unique beta determinants                            80
 Wall time to provide act_2_rdm_ab_mo   1.2822005897760391E-002
* Number of core     MOs                                         0
* Number of inactive MOs                                         0
.. >>>>> [ IO READ: no_core_density ] <<<<< ..

.. >>>>> [ RES  MEM :       1.046822 GB ] [ VIRT MEM :       2.955883 GB ] <<<<< ..
.. >>>>> [ WALL TIME:     194.031961  s ] [ CPU  TIME:     758.336000  s ] <<<<< ..

 Inactive MOs:

 Core MOs:

 
 Providing act_2_rdm_ab_mo 
 Wall time to provide act_2_rdm_ab_mo   1.3718042522668839E-002
 
 Providing act_2_rdm_ab_mo 
 Wall time to provide act_2_rdm_ab_mo   1.2632861733436584E-002
 
 Providing act_2_rdm_ab_mo 
 Wall time to provide act_2_rdm_ab_mo   1.9039425998926163E-002
 <Phi | e^{2 j(r12,mu)} | Phi> =   0.39782737996138356     
 output = He_aug-cc-pv5z_0.3.cusp_wf_1
 output = He_aug-cc-pv5z_0.3.cusp_wf_2
 output = He_aug-cc-pv5z_0.3.cusp_wf_3
 output = He_aug-cc-pv5z_0.3.cusp_wf_4
 output = He_aug-cc-pv5z_0.3.cusp_wf_5
Wall time: 0:05:09

