Date: 01/10/2020 18:13:42
===============
Quantum Package
===============

Git Commit: minor modifs
Git Date  : Mon Sep 21 15:38:26 2020 +0200
Git SHA1  : ee267e27e9b6027ea76a05e2b43271cc8906fd55
EZFIO Dir : He_aug-cc-pvdz_1.6


Task server running : tcp://127.0.1.1:41279
.. >>>>> [ IO READ: read_rl_eigv ] <<<<< ..

.. >>>>> [ RES  MEM :       0.004078 GB ] [ VIRT MEM :       0.041355 GB ] <<<<< ..
.. >>>>> [ WALL TIME:       0.000246  s ] [ CPU  TIME:       0.003102  s ] <<<<< ..

.. >>>>> [ IO READ: io_ao_two_e_integrals ] <<<<< ..

.. >>>>> [ RES  MEM :       0.004078 GB ] [ VIRT MEM :       0.041355 GB ] <<<<< ..
.. >>>>> [ WALL TIME:       0.000651  s ] [ CPU  TIME:       0.003351  s ] <<<<< ..

.. >>>>> [ IO READ: io_mo_two_e_integrals ] <<<<< ..

.. >>>>> [ RES  MEM :       0.004078 GB ] [ VIRT MEM :       0.041355 GB ] <<<<< ..
.. >>>>> [ WALL TIME:       0.001223  s ] [ CPU  TIME:       0.003732  s ] <<<<< ..

.. >>>>> [ IO READ: io_ao_integrals_kinetic ] <<<<< ..

.. >>>>> [ RES  MEM :       0.004078 GB ] [ VIRT MEM :       0.041355 GB ] <<<<< ..
.. >>>>> [ WALL TIME:       0.001746  s ] [ CPU  TIME:       0.004036  s ] <<<<< ..

.. >>>>> [ IO READ: io_ao_integrals_n_e ] <<<<< ..

.. >>>>> [ RES  MEM :       0.004078 GB ] [ VIRT MEM :       0.041355 GB ] <<<<< ..
.. >>>>> [ WALL TIME:       0.002081  s ] [ CPU  TIME:       0.004310  s ] <<<<< ..

.. >>>>> [ IO READ: io_mo_integrals_kinetic ] <<<<< ..

.. >>>>> [ RES  MEM :       0.004078 GB ] [ VIRT MEM :       0.041355 GB ] <<<<< ..
.. >>>>> [ WALL TIME:       0.002514  s ] [ CPU  TIME:       0.004530  s ] <<<<< ..

.. >>>>> [ IO READ: io_mo_integrals_n_e ] <<<<< ..

.. >>>>> [ RES  MEM :       0.004078 GB ] [ VIRT MEM :       0.041355 GB ] <<<<< ..
.. >>>>> [ WALL TIME:       0.002733  s ] [ CPU  TIME:       0.004688  s ] <<<<< ..

.. >>>>> [ IO READ: io_mo_one_e_integrals ] <<<<< ..

.. >>>>> [ RES  MEM :       0.004078 GB ] [ VIRT MEM :       0.041355 GB ] <<<<< ..
.. >>>>> [ WALL TIME:       0.002947  s ] [ CPU  TIME:       0.004840  s ] <<<<< ..

.. >>>>> [ IO READ: read_wf ] <<<<< ..

.. >>>>> [ RES  MEM :       0.004078 GB ] [ VIRT MEM :       0.041355 GB ] <<<<< ..
.. >>>>> [ WALL TIME:       0.003359  s ] [ CPU  TIME:       0.005081  s ] <<<<< ..

.. >>>>> [ IO READ: n_states ] <<<<< ..

.. >>>>> [ RES  MEM :       0.004654 GB ] [ VIRT MEM :       0.041492 GB ] <<<<< ..
.. >>>>> [ WALL TIME:       0.003718  s ] [ CPU  TIME:       0.005379  s ] <<<<< ..

 * mo_label          Canonical
* Number of determinants                                        81
.. >>>>> [ IO READ: n_det_max_full ] <<<<< ..

.. >>>>> [ RES  MEM :       0.004654 GB ] [ VIRT MEM :       0.064941 GB ] <<<<< ..
.. >>>>> [ WALL TIME:       0.012316  s ] [ CPU  TIME:       0.028292  s ] <<<<< ..


.. >>>>> [ RES  MEM :       0.004654 GB ] [ VIRT MEM :       0.064941 GB ] <<<<< ..
.. >>>>> [ WALL TIME:       0.012751  s ] [ CPU  TIME:       0.028842  s ] <<<<< ..

 Read  n_states_diag
* Dimension of the psi arrays                               100000
 Read psi_coef          81           1
.. >>>>> [ IO READ: threshold_davidson ] <<<<< ..

.. >>>>> [ RES  MEM :       0.005760 GB ] [ VIRT MEM :       0.253189 GB ] <<<<< ..
.. >>>>> [ WALL TIME:       0.014344  s ] [ CPU  TIME:       0.031489  s ] <<<<< ..

* mo_num                                                         9
* N_int                                                          1
.. >>>>> [ IO READ: elec_beta_num ] <<<<< ..

.. >>>>> [ RES  MEM :       0.005760 GB ] [ VIRT MEM :       0.253189 GB ] <<<<< ..
.. >>>>> [ WALL TIME:       0.015064  s ] [ CPU  TIME:       0.039257  s ] <<<<< ..

.. >>>>> [ IO READ: elec_alpha_num ] <<<<< ..

.. >>>>> [ RES  MEM :       0.005760 GB ] [ VIRT MEM :       0.253189 GB ] <<<<< ..
.. >>>>> [ WALL TIME:       0.015330  s ] [ CPU  TIME:       0.039563  s ] <<<<< ..

.. >>>>> [ IO READ: ao_num ] <<<<< ..

.. >>>>> [ RES  MEM :       0.005760 GB ] [ VIRT MEM :       0.253189 GB ] <<<<< ..
.. >>>>> [ WALL TIME:       0.015789  s ] [ CPU  TIME:       0.040706  s ] <<<<< ..

 Read  mo_coef
 Read psi_det
 MO map initialized:                  1035
.. >>>>> [ IO READ: no_vvvv_integrals ] <<<<< ..

.. >>>>> [ RES  MEM :       0.007572 GB ] [ VIRT MEM :       0.254681 GB ] <<<<< ..
.. >>>>> [ WALL TIME:       0.018154  s ] [ CPU  TIME:       0.045073  s ] <<<<< ..

.. >>>>> [ IO READ: mo_class ] <<<<< ..

.. >>>>> [ RES  MEM :       0.007572 GB ] [ VIRT MEM :       0.254681 GB ] <<<<< ..
.. >>>>> [ WALL TIME:       0.018516  s ] [ CPU  TIME:       0.045558  s ] <<<<< ..

 AO map initialized :                  1035
 Providing the AO integrals
.. >>>>> [ IO READ: ao_prim_num ] <<<<< ..

.. >>>>> [ RES  MEM :       0.007572 GB ] [ VIRT MEM :       0.254681 GB ] <<<<< ..
.. >>>>> [ WALL TIME:       0.018914  s ] [ CPU  TIME:       0.049347  s ] <<<<< ..

.. >>>>> [ IO READ: ao_normalized ] <<<<< ..

.. >>>>> [ RES  MEM :       0.007572 GB ] [ VIRT MEM :       0.254681 GB ] <<<<< ..
.. >>>>> [ WALL TIME:       0.019202  s ] [ CPU  TIME:       0.053756  s ] <<<<< ..

.. >>>>> [ IO READ: primitives_normalized ] <<<<< ..

.. >>>>> [ RES  MEM :       0.007572 GB ] [ VIRT MEM :       0.254681 GB ] <<<<< ..
.. >>>>> [ WALL TIME:       0.019464  s ] [ CPU  TIME:       0.054054  s ] <<<<< ..

.. >>>>> [ IO READ: ao_coef ] <<<<< ..

.. >>>>> [ RES  MEM :       0.007572 GB ] [ VIRT MEM :       0.254681 GB ] <<<<< ..
.. >>>>> [ WALL TIME:       0.019823  s ] [ CPU  TIME:       0.054532  s ] <<<<< ..

.. >>>>> [ IO READ: ao_power ] <<<<< ..

.. >>>>> [ RES  MEM :       0.007572 GB ] [ VIRT MEM :       0.254681 GB ] <<<<< ..
.. >>>>> [ WALL TIME:       0.020150  s ] [ CPU  TIME:       0.054962  s ] <<<<< ..

.. >>>>> [ IO READ: ao_expo ] <<<<< ..

.. >>>>> [ RES  MEM :       0.007572 GB ] [ VIRT MEM :       0.254681 GB ] <<<<< ..
.. >>>>> [ WALL TIME:       0.023296  s ] [ CPU  TIME:       0.065032  s ] <<<<< ..

.. >>>>> [ IO READ: ao_nucl ] <<<<< ..

.. >>>>> [ RES  MEM :       0.008331 GB ] [ VIRT MEM :       0.254784 GB ] <<<<< ..
.. >>>>> [ WALL TIME:       0.023905  s ] [ CPU  TIME:       0.065957  s ] <<<<< ..

.. >>>>> [ IO READ: ao_integrals_threshold ] <<<<< ..

.. >>>>> [ RES  MEM :       0.008331 GB ] [ VIRT MEM :       0.403233 GB ] <<<<< ..
.. >>>>> [ WALL TIME:       0.040010  s ] [ CPU  TIME:       0.114263  s ] <<<<< ..

.. >>>>> [ IO READ: is_periodic ] <<<<< ..

.. >>>>> [ RES  MEM :       0.008331 GB ] [ VIRT MEM :       0.403233 GB ] <<<<< ..
.. >>>>> [ WALL TIME:       0.040351  s ] [ CPU  TIME:       0.114480  s ] <<<<< ..

.. >>>>> [ IO READ: nucl_num ] <<<<< ..

.. >>>>> [ RES  MEM :       0.008331 GB ] [ VIRT MEM :       0.403233 GB ] <<<<< ..
.. >>>>> [ WALL TIME:       0.040676  s ] [ CPU  TIME:       0.114796  s ] <<<<< ..

.. >>>>> [ IO READ: nucl_label ] <<<<< ..

.. >>>>> [ RES  MEM :       0.008331 GB ] [ VIRT MEM :       0.403233 GB ] <<<<< ..
.. >>>>> [ WALL TIME:       0.040934  s ] [ CPU  TIME:       0.114993  s ] <<<<< ..

.. >>>>> [ IO READ: nucl_charge ] <<<<< ..

.. >>>>> [ RES  MEM :       0.008331 GB ] [ VIRT MEM :       0.403233 GB ] <<<<< ..
.. >>>>> [ WALL TIME:       0.041158  s ] [ CPU  TIME:       0.115157  s ] <<<<< ..


.. >>>>> [ RES  MEM :       0.008331 GB ] [ VIRT MEM :       0.403233 GB ] <<<<< ..
.. >>>>> [ WALL TIME:       0.041378  s ] [ CPU  TIME:       0.115316  s ] <<<<< ..


Nuclear Coordinates (Angstroms)
===============================

================ ============ ============ ============ ============
      Atom          Charge          X            Y            Z 
================ ============ ============ ============ ============
He                   2.000000     0.000000     0.000000     0.000000
================ ============ ============ ============ ============

 Sorting the map
 AO integrals provided:
  Size of AO map :            3.0746459960937500E-003 MB
  Number of AO integrals :                  213
  cpu  time :   9.0570999999999999E-002 s
  wall time :   3.5563555000408087E-002 s  ( x    2.5467363990737346       )
 
 AO -> MO integrals transformation
 ---------------------------------
 
.. >>>>> [ IO READ: mo_integrals_threshold ] <<<<< ..

.. >>>>> [ RES  MEM :       0.008530 GB ] [ VIRT MEM :       0.465733 GB ] <<<<< ..
.. >>>>> [ WALL TIME:       0.054394  s ] [ CPU  TIME:       0.136360  s ] <<<<< ..

 Buffers :    2.36206055E-02 MB / core
.. >>>>> [ IO READ: io_ao_integrals_overlap ] <<<<< ..

.. >>>>> [ RES  MEM :       0.008530 GB ] [ VIRT MEM :       0.465733 GB ] <<<<< ..
.. >>>>> [ WALL TIME:       0.058610  s ] [ CPU  TIME:       0.148799  s ] <<<<< ..

 Molecular integrals provided:
  Size of MO map              9.8266601562500000E-003 MB
  Number of MO integrals:                   422
  cpu  time :   2.5460999999999984E-002 s
  wall time :   9.1276530001778156E-003 s  ( x    2.7894355755531000      )
.. >>>>> [ IO READ: do_pseudo ] <<<<< ..

.. >>>>> [ RES  MEM :       0.010571 GB ] [ VIRT MEM :       2.465736 GB ] <<<<< ..
.. >>>>> [ WALL TIME:       0.065369  s ] [ CPU  TIME:       0.168513  s ] <<<<< ..

 Providing the one-electron integrals
.. >>>>> [ IO READ: s2_eig ] <<<<< ..

.. >>>>> [ RES  MEM :       0.010571 GB ] [ VIRT MEM :       2.465736 GB ] <<<<< ..
.. >>>>> [ WALL TIME:       0.066335  s ] [ CPU  TIME:       0.169936  s ] <<<<< ..

 Diagonalization of H using Lapack
.. >>>>> [ IO READ: only_expected_s2 ] <<<<< ..

.. >>>>> [ RES  MEM :       0.010571 GB ] [ VIRT MEM :       2.465736 GB ] <<<<< ..
.. >>>>> [ WALL TIME:       0.066599  s ] [ CPU  TIME:       0.170283  s ] <<<<< ..

.. >>>>> [ IO READ: io_nuclear_repulsion ] <<<<< ..

.. >>>>> [ RES  MEM :       0.011768 GB ] [ VIRT MEM :       2.465885 GB ] <<<<< ..
.. >>>>> [ WALL TIME:       0.070287  s ] [ CPU  TIME:       0.185658  s ] <<<<< ..


.. >>>>> [ RES  MEM :       0.011768 GB ] [ VIRT MEM :       2.465885 GB ] <<<<< ..
.. >>>>> [ WALL TIME:       0.070491  s ] [ CPU  TIME:       0.185934  s ] <<<<< ..

* Nuclear repulsion energy                           0.000000000000000    

.. >>>>> [ RES  MEM :       0.011768 GB ] [ VIRT MEM :       2.465885 GB ] <<<<< ..
.. >>>>> [ WALL TIME:       0.070683  s ] [ CPU  TIME:       0.186177  s ] <<<<< ..

* Energy of state    1                              -2.889548485366691    
* S^2 of state    1                                 0.1441641519866029E-29
.. >>>>> [ IO READ: distributed_davidson ] <<<<< ..

.. >>>>> [ RES  MEM :       0.011768 GB ] [ VIRT MEM :       2.465885 GB ] <<<<< ..
.. >>>>> [ WALL TIME:       0.070970  s ] [ CPU  TIME:       0.189579  s ] <<<<< ..

.. >>>>> [ IO READ: weight_one_e_dm ] <<<<< ..

.. >>>>> [ RES  MEM :       0.011768 GB ] [ VIRT MEM :       2.465885 GB ] <<<<< ..
.. >>>>> [ WALL TIME:       0.071242  s ] [ CPU  TIME:       0.189954  s ] <<<<< ..

.. >>>>> [ IO READ: no_core_density ] <<<<< ..

.. >>>>> [ RES  MEM :       0.015907 GB ] [ VIRT MEM :       2.469994 GB ] <<<<< ..
.. >>>>> [ WALL TIME:       0.075510  s ] [ CPU  TIME:       0.206239  s ] <<<<< ..

* Number of inactive MOs                                         0
 Inactive MOs:

* Number of unique beta determinants                             9
* Number of unique alpha determinants                            9
* Number of active   MOs                                         9
 Active MOs:
           1           2           3           4           5           6           7           8           9
.. >>>>> [ IO READ: io_two_body_rdm_ab ] <<<<< ..

.. >>>>> [ RES  MEM :       0.015907 GB ] [ VIRT MEM :       2.475224 GB ] <<<<< ..
.. >>>>> [ WALL TIME:       0.076603  s ] [ CPU  TIME:       0.208808  s ] <<<<< ..

 
 Providing act_2_rdm_ab_mo 
 Wall time to provide act_2_rdm_ab_mo   4.9030300215235911E-004
* Number of core     MOs                                         0
 Core MOs:

.. >>>>> [ IO READ: my_grid_becke ] <<<<< ..

.. >>>>> [ RES  MEM :       0.015907 GB ] [ VIRT MEM :       2.475224 GB ] <<<<< ..
.. >>>>> [ WALL TIME:       0.077682  s ] [ CPU  TIME:       0.211596  s ] <<<<< ..

.. >>>>> [ IO READ: my_n_pt_a_grid ] <<<<< ..

.. >>>>> [ RES  MEM :       0.015907 GB ] [ VIRT MEM :       2.475224 GB ] <<<<< ..
.. >>>>> [ WALL TIME:       0.077932  s ] [ CPU  TIME:       0.211928  s ] <<<<< ..

.. >>>>> [ IO READ: my_n_pt_r_grid ] <<<<< ..

.. >>>>> [ RES  MEM :       0.015907 GB ] [ VIRT MEM :       2.475224 GB ] <<<<< ..
.. >>>>> [ WALL TIME:       0.078179  s ] [ CPU  TIME:       0.212247  s ] <<<<< ..

.. >>>>> [ IO READ: thresh_grid ] <<<<< ..

.. >>>>> [ RES  MEM :       0.015907 GB ] [ VIRT MEM :       2.475372 GB ] <<<<< ..
.. >>>>> [ WALL TIME:       0.078637  s ] [ CPU  TIME:       0.212995  s ] <<<<< ..

 n_points_final_grid =         2072
 n max point         =         2146
.. >>>>> [ IO READ: mu_erf ] <<<<< ..

.. >>>>> [ RES  MEM :       0.016331 GB ] [ VIRT MEM :       2.475513 GB ] <<<<< ..
.. >>>>> [ WALL TIME:       0.080658  s ] [ CPU  TIME:       0.224164  s ] <<<<< ..

 Reading the right/left eigenvectors in the EZFIO....
 
 Providing act_2_rdm_ab_mo 
 Wall time to provide act_2_rdm_ab_mo   5.3125900012673810E-004
 
 Providing act_2_rdm_ab_mo 
 Wall time to provide act_2_rdm_ab_mo   5.4910000108066015E-004
 
 Providing act_2_rdm_ab_mo 
 Wall time to provide act_2_rdm_ab_mo   5.0766400090651587E-004
 <Phi | e^{2 j(r12,mu)} | Phi> =   0.98796228951241694     
 output = He_aug-cc-pvdz_1.6.cusp_wf_1
 output = He_aug-cc-pvdz_1.6.cusp_wf_2
 output = He_aug-cc-pvdz_1.6.cusp_wf_3
 output = He_aug-cc-pvdz_1.6.cusp_wf_4
 output = He_aug-cc-pvdz_1.6.cusp_wf_5
Wall time: 0:00:04

