Date: 01/10/2020 18:13:35
===============
Quantum Package
===============

Git Commit: minor modifs
Git Date  : Mon Sep 21 15:38:26 2020 +0200
Git SHA1  : ee267e27e9b6027ea76a05e2b43271cc8906fd55
EZFIO Dir : He_aug-cc-pvdz_0.7


Task server running : tcp://127.0.1.1:41279
.. >>>>> [ IO READ: read_rl_eigv ] <<<<< ..

.. >>>>> [ RES  MEM :       0.004036 GB ] [ VIRT MEM :       0.041355 GB ] <<<<< ..
.. >>>>> [ WALL TIME:       0.000188  s ] [ CPU  TIME:       0.002359  s ] <<<<< ..

.. >>>>> [ IO READ: io_ao_two_e_integrals ] <<<<< ..

.. >>>>> [ RES  MEM :       0.004036 GB ] [ VIRT MEM :       0.041355 GB ] <<<<< ..
.. >>>>> [ WALL TIME:       0.000611  s ] [ CPU  TIME:       0.002566  s ] <<<<< ..

.. >>>>> [ IO READ: io_mo_two_e_integrals ] <<<<< ..

.. >>>>> [ RES  MEM :       0.004036 GB ] [ VIRT MEM :       0.041355 GB ] <<<<< ..
.. >>>>> [ WALL TIME:       0.000916  s ] [ CPU  TIME:       0.002743  s ] <<<<< ..

.. >>>>> [ IO READ: io_ao_integrals_kinetic ] <<<<< ..

.. >>>>> [ RES  MEM :       0.004036 GB ] [ VIRT MEM :       0.041355 GB ] <<<<< ..
.. >>>>> [ WALL TIME:       0.001201  s ] [ CPU  TIME:       0.002901  s ] <<<<< ..

.. >>>>> [ IO READ: io_ao_integrals_n_e ] <<<<< ..

.. >>>>> [ RES  MEM :       0.004036 GB ] [ VIRT MEM :       0.041355 GB ] <<<<< ..
.. >>>>> [ WALL TIME:       0.001373  s ] [ CPU  TIME:       0.003012  s ] <<<<< ..

.. >>>>> [ IO READ: io_mo_integrals_kinetic ] <<<<< ..

.. >>>>> [ RES  MEM :       0.004036 GB ] [ VIRT MEM :       0.041355 GB ] <<<<< ..
.. >>>>> [ WALL TIME:       0.001710  s ] [ CPU  TIME:       0.003168  s ] <<<<< ..

.. >>>>> [ IO READ: io_mo_integrals_n_e ] <<<<< ..

.. >>>>> [ RES  MEM :       0.004036 GB ] [ VIRT MEM :       0.041355 GB ] <<<<< ..
.. >>>>> [ WALL TIME:       0.001882  s ] [ CPU  TIME:       0.003278  s ] <<<<< ..

.. >>>>> [ IO READ: io_mo_one_e_integrals ] <<<<< ..

.. >>>>> [ RES  MEM :       0.004036 GB ] [ VIRT MEM :       0.041355 GB ] <<<<< ..
.. >>>>> [ WALL TIME:       0.002054  s ] [ CPU  TIME:       0.003390  s ] <<<<< ..

.. >>>>> [ IO READ: read_wf ] <<<<< ..

.. >>>>> [ RES  MEM :       0.004036 GB ] [ VIRT MEM :       0.041355 GB ] <<<<< ..
.. >>>>> [ WALL TIME:       0.002461  s ] [ CPU  TIME:       0.003580  s ] <<<<< ..

.. >>>>> [ IO READ: n_states ] <<<<< ..

.. >>>>> [ RES  MEM :       0.004673 GB ] [ VIRT MEM :       0.041492 GB ] <<<<< ..
.. >>>>> [ WALL TIME:       0.002750  s ] [ CPU  TIME:       0.003808  s ] <<<<< ..

 * mo_label          Canonical
* Number of determinants                                        81
.. >>>>> [ IO READ: n_det_max_full ] <<<<< ..

.. >>>>> [ RES  MEM :       0.004673 GB ] [ VIRT MEM :       0.064941 GB ] <<<<< ..
.. >>>>> [ WALL TIME:       0.007718  s ] [ CPU  TIME:       0.017882  s ] <<<<< ..


.. >>>>> [ RES  MEM :       0.004673 GB ] [ VIRT MEM :       0.064941 GB ] <<<<< ..
.. >>>>> [ WALL TIME:       0.007954  s ] [ CPU  TIME:       0.018405  s ] <<<<< ..

 Read  n_states_diag
* Dimension of the psi arrays                               100000
 Read psi_coef          81           1
.. >>>>> [ IO READ: threshold_davidson ] <<<<< ..

.. >>>>> [ RES  MEM :       0.005787 GB ] [ VIRT MEM :       0.253189 GB ] <<<<< ..
.. >>>>> [ WALL TIME:       0.009023  s ] [ CPU  TIME:       0.021066  s ] <<<<< ..

* mo_num                                                         9
* N_int                                                          1
.. >>>>> [ IO READ: elec_beta_num ] <<<<< ..

.. >>>>> [ RES  MEM :       0.005787 GB ] [ VIRT MEM :       0.253189 GB ] <<<<< ..
.. >>>>> [ WALL TIME:       0.009571  s ] [ CPU  TIME:       0.024115  s ] <<<<< ..

.. >>>>> [ IO READ: elec_alpha_num ] <<<<< ..

.. >>>>> [ RES  MEM :       0.005787 GB ] [ VIRT MEM :       0.253189 GB ] <<<<< ..
.. >>>>> [ WALL TIME:       0.009827  s ] [ CPU  TIME:       0.024662  s ] <<<<< ..

.. >>>>> [ IO READ: ao_num ] <<<<< ..

.. >>>>> [ RES  MEM :       0.005787 GB ] [ VIRT MEM :       0.253189 GB ] <<<<< ..
.. >>>>> [ WALL TIME:       0.010262  s ] [ CPU  TIME:       0.026298  s ] <<<<< ..

 Read  mo_coef
 Read psi_det
 MO map initialized:                  1035
.. >>>>> [ IO READ: no_vvvv_integrals ] <<<<< ..

.. >>>>> [ RES  MEM :       0.007648 GB ] [ VIRT MEM :       0.254681 GB ] <<<<< ..
.. >>>>> [ WALL TIME:       0.012559  s ] [ CPU  TIME:       0.033941  s ] <<<<< ..

.. >>>>> [ IO READ: mo_class ] <<<<< ..

.. >>>>> [ RES  MEM :       0.007648 GB ] [ VIRT MEM :       0.254681 GB ] <<<<< ..
.. >>>>> [ WALL TIME:       0.012907  s ] [ CPU  TIME:       0.034748  s ] <<<<< ..

 AO map initialized :                  1035
 Providing the AO integrals
.. >>>>> [ IO READ: ao_prim_num ] <<<<< ..

.. >>>>> [ RES  MEM :       0.007648 GB ] [ VIRT MEM :       0.254681 GB ] <<<<< ..
.. >>>>> [ WALL TIME:       0.013300  s ] [ CPU  TIME:       0.035643  s ] <<<<< ..

.. >>>>> [ IO READ: ao_normalized ] <<<<< ..

.. >>>>> [ RES  MEM :       0.007648 GB ] [ VIRT MEM :       0.254681 GB ] <<<<< ..
.. >>>>> [ WALL TIME:       0.013546  s ] [ CPU  TIME:       0.036175  s ] <<<<< ..

.. >>>>> [ IO READ: primitives_normalized ] <<<<< ..

.. >>>>> [ RES  MEM :       0.007648 GB ] [ VIRT MEM :       0.254681 GB ] <<<<< ..
.. >>>>> [ WALL TIME:       0.013779  s ] [ CPU  TIME:       0.036671  s ] <<<<< ..

.. >>>>> [ IO READ: ao_coef ] <<<<< ..

.. >>>>> [ RES  MEM :       0.007648 GB ] [ VIRT MEM :       0.254681 GB ] <<<<< ..
.. >>>>> [ WALL TIME:       0.014094  s ] [ CPU  TIME:       0.037406  s ] <<<<< ..

.. >>>>> [ IO READ: ao_power ] <<<<< ..

.. >>>>> [ RES  MEM :       0.007648 GB ] [ VIRT MEM :       0.254681 GB ] <<<<< ..
.. >>>>> [ WALL TIME:       0.014399  s ] [ CPU  TIME:       0.038110  s ] <<<<< ..

.. >>>>> [ IO READ: ao_expo ] <<<<< ..

.. >>>>> [ RES  MEM :       0.008240 GB ] [ VIRT MEM :       0.254681 GB ] <<<<< ..
.. >>>>> [ WALL TIME:       0.014717  s ] [ CPU  TIME:       0.038853  s ] <<<<< ..

.. >>>>> [ IO READ: ao_nucl ] <<<<< ..

.. >>>>> [ RES  MEM :       0.008484 GB ] [ VIRT MEM :       0.254784 GB ] <<<<< ..
.. >>>>> [ WALL TIME:       0.015146  s ] [ CPU  TIME:       0.039928  s ] <<<<< ..

.. >>>>> [ IO READ: ao_integrals_threshold ] <<<<< ..

.. >>>>> [ RES  MEM :       0.008484 GB ] [ VIRT MEM :       0.403233 GB ] <<<<< ..
.. >>>>> [ WALL TIME:       0.026440  s ] [ CPU  TIME:       0.072437  s ] <<<<< ..

.. >>>>> [ IO READ: is_periodic ] <<<<< ..

.. >>>>> [ RES  MEM :       0.008484 GB ] [ VIRT MEM :       0.403233 GB ] <<<<< ..
.. >>>>> [ WALL TIME:       0.026789  s ] [ CPU  TIME:       0.072672  s ] <<<<< ..

.. >>>>> [ IO READ: nucl_num ] <<<<< ..

.. >>>>> [ RES  MEM :       0.008484 GB ] [ VIRT MEM :       0.403233 GB ] <<<<< ..
.. >>>>> [ WALL TIME:       0.027089  s ] [ CPU  TIME:       0.072976  s ] <<<<< ..

.. >>>>> [ IO READ: nucl_label ] <<<<< ..

.. >>>>> [ RES  MEM :       0.008484 GB ] [ VIRT MEM :       0.403233 GB ] <<<<< ..
.. >>>>> [ WALL TIME:       0.027351  s ] [ CPU  TIME:       0.073178  s ] <<<<< ..

.. >>>>> [ IO READ: nucl_charge ] <<<<< ..

.. >>>>> [ RES  MEM :       0.008484 GB ] [ VIRT MEM :       0.403233 GB ] <<<<< ..
.. >>>>> [ WALL TIME:       0.027559  s ] [ CPU  TIME:       0.073325  s ] <<<<< ..


.. >>>>> [ RES  MEM :       0.008484 GB ] [ VIRT MEM :       0.403233 GB ] <<<<< ..
.. >>>>> [ WALL TIME:       0.027779  s ] [ CPU  TIME:       0.073484  s ] <<<<< ..


Nuclear Coordinates (Angstroms)
===============================

================ ============ ============ ============ ============
      Atom          Charge          X            Y            Z 
================ ============ ============ ============ ============
He                   2.000000     0.000000     0.000000     0.000000
================ ============ ============ ============ ============

 Sorting the map
 AO integrals provided:
  Size of AO map :            3.0746459960937500E-003 MB
  Number of AO integrals :                  213
  cpu  time :   4.5922999999999992E-002 s
  wall time :   2.1041728999989573E-002 s  ( x    2.1824727426164814       )
 
 AO -> MO integrals transformation
 ---------------------------------
 
.. >>>>> [ IO READ: mo_integrals_threshold ] <<<<< ..

.. >>>>> [ RES  MEM :       0.008804 GB ] [ VIRT MEM :       0.465733 GB ] <<<<< ..
.. >>>>> [ WALL TIME:       0.034260  s ] [ CPU  TIME:       0.080985  s ] <<<<< ..

 Buffers :    2.36206055E-02 MB / core
.. >>>>> [ IO READ: io_ao_integrals_overlap ] <<<<< ..

.. >>>>> [ RES  MEM :       0.008804 GB ] [ VIRT MEM :       0.465733 GB ] <<<<< ..
.. >>>>> [ WALL TIME:       0.037093  s ] [ CPU  TIME:       0.087840  s ] <<<<< ..

 Molecular integrals provided:
  Size of MO map              9.8266601562500000E-003 MB
  Number of MO integrals:                   512
  cpu  time :   2.4239999999999998E-002 s
  wall time :   8.2116830017184839E-003 s  ( x    2.9518918344664815      )
.. >>>>> [ IO READ: do_pseudo ] <<<<< ..

.. >>>>> [ RES  MEM :       0.010674 GB ] [ VIRT MEM :       2.465736 GB ] <<<<< ..
.. >>>>> [ WALL TIME:       0.043692  s ] [ CPU  TIME:       0.108040  s ] <<<<< ..

 Providing the one-electron integrals
.. >>>>> [ IO READ: s2_eig ] <<<<< ..

.. >>>>> [ RES  MEM :       0.010674 GB ] [ VIRT MEM :       2.465736 GB ] <<<<< ..
.. >>>>> [ WALL TIME:       0.044318  s ] [ CPU  TIME:       0.109082  s ] <<<<< ..

 Diagonalization of H using Lapack
.. >>>>> [ IO READ: only_expected_s2 ] <<<<< ..

.. >>>>> [ RES  MEM :       0.010674 GB ] [ VIRT MEM :       2.465736 GB ] <<<<< ..
.. >>>>> [ WALL TIME:       0.044577  s ] [ CPU  TIME:       0.109435  s ] <<<<< ..

.. >>>>> [ IO READ: io_nuclear_repulsion ] <<<<< ..

.. >>>>> [ RES  MEM :       0.012047 GB ] [ VIRT MEM :       2.465885 GB ] <<<<< ..
.. >>>>> [ WALL TIME:       0.048250  s ] [ CPU  TIME:       0.124997  s ] <<<<< ..


.. >>>>> [ RES  MEM :       0.012047 GB ] [ VIRT MEM :       2.465885 GB ] <<<<< ..
.. >>>>> [ WALL TIME:       0.048431  s ] [ CPU  TIME:       0.125252  s ] <<<<< ..

* Nuclear repulsion energy                           0.000000000000000    

.. >>>>> [ RES  MEM :       0.012047 GB ] [ VIRT MEM :       2.465885 GB ] <<<<< ..
.. >>>>> [ WALL TIME:       0.049837  s ] [ CPU  TIME:       0.128260  s ] <<<<< ..

* Energy of state    1                              -2.889548485366698    
* S^2 of state    1                                 0.9248734486248283E-30
.. >>>>> [ IO READ: distributed_davidson ] <<<<< ..

.. >>>>> [ RES  MEM :       0.012047 GB ] [ VIRT MEM :       2.465885 GB ] <<<<< ..
.. >>>>> [ WALL TIME:       0.050056  s ] [ CPU  TIME:       0.128726  s ] <<<<< ..

.. >>>>> [ IO READ: weight_one_e_dm ] <<<<< ..

.. >>>>> [ RES  MEM :       0.012047 GB ] [ VIRT MEM :       2.465885 GB ] <<<<< ..
.. >>>>> [ WALL TIME:       0.051009  s ] [ CPU  TIME:       0.130012  s ] <<<<< ..

.. >>>>> [ IO READ: no_core_density ] <<<<< ..

.. >>>>> [ RES  MEM :       0.016186 GB ] [ VIRT MEM :       2.469994 GB ] <<<<< ..
.. >>>>> [ WALL TIME:       0.062192  s ] [ CPU  TIME:       0.165438  s ] <<<<< ..

* Number of inactive MOs                                         0
 Inactive MOs:

* Number of unique beta determinants                             9
* Number of unique alpha determinants                            9
* Number of active   MOs                                         9
 Active MOs:
           1           2           3           4           5           6           7           8           9
.. >>>>> [ IO READ: io_two_body_rdm_ab ] <<<<< ..

.. >>>>> [ RES  MEM :       0.016186 GB ] [ VIRT MEM :       2.475224 GB ] <<<<< ..
.. >>>>> [ WALL TIME:       0.063597  s ] [ CPU  TIME:       0.172550  s ] <<<<< ..

 
 Providing act_2_rdm_ab_mo 
 Wall time to provide act_2_rdm_ab_mo   8.2988199937972240E-004
* Number of core     MOs                                         0
 Core MOs:

.. >>>>> [ IO READ: my_grid_becke ] <<<<< ..

.. >>>>> [ RES  MEM :       0.016186 GB ] [ VIRT MEM :       2.475224 GB ] <<<<< ..
.. >>>>> [ WALL TIME:       0.065134  s ] [ CPU  TIME:       0.175605  s ] <<<<< ..

.. >>>>> [ IO READ: my_n_pt_a_grid ] <<<<< ..

.. >>>>> [ RES  MEM :       0.016186 GB ] [ VIRT MEM :       2.475224 GB ] <<<<< ..
.. >>>>> [ WALL TIME:       0.065390  s ] [ CPU  TIME:       0.175951  s ] <<<<< ..

.. >>>>> [ IO READ: my_n_pt_r_grid ] <<<<< ..

.. >>>>> [ RES  MEM :       0.016186 GB ] [ VIRT MEM :       2.475224 GB ] <<<<< ..
.. >>>>> [ WALL TIME:       0.065642  s ] [ CPU  TIME:       0.176283  s ] <<<<< ..

.. >>>>> [ IO READ: thresh_grid ] <<<<< ..

.. >>>>> [ RES  MEM :       0.016186 GB ] [ VIRT MEM :       2.475372 GB ] <<<<< ..
.. >>>>> [ WALL TIME:       0.066113  s ] [ CPU  TIME:       0.177058  s ] <<<<< ..

 n_points_final_grid =         2072
 n max point         =         2146
.. >>>>> [ IO READ: mu_erf ] <<<<< ..

.. >>>>> [ RES  MEM :       0.016773 GB ] [ VIRT MEM :       2.475632 GB ] <<<<< ..
.. >>>>> [ WALL TIME:       0.067959  s ] [ CPU  TIME:       0.186969  s ] <<<<< ..

 Reading the right/left eigenvectors in the EZFIO....
 
 Providing act_2_rdm_ab_mo 
 Wall time to provide act_2_rdm_ab_mo   5.3684799786424264E-004
 
 Providing act_2_rdm_ab_mo 
 Wall time to provide act_2_rdm_ab_mo   5.4562100194743834E-004
 
 Providing act_2_rdm_ab_mo 
 Wall time to provide act_2_rdm_ab_mo   5.1166499906685203E-004
 <Phi | e^{2 j(r12,mu)} | Phi> =   0.86153289472497918     
 output = He_aug-cc-pvdz_0.7.cusp_wf_1
 output = He_aug-cc-pvdz_0.7.cusp_wf_2
 output = He_aug-cc-pvdz_0.7.cusp_wf_3
 output = He_aug-cc-pvdz_0.7.cusp_wf_4
 output = He_aug-cc-pvdz_0.7.cusp_wf_5
Wall time: 0:00:04

