Date: 01/10/2020 18:15:51
===============
Quantum Package
===============

Git Commit: minor modifs
Git Date  : Mon Sep 21 15:38:26 2020 +0200
Git SHA1  : ee267e27e9b6027ea76a05e2b43271cc8906fd55
EZFIO Dir : He_aug-cc-pvtz_1.0


Task server running : tcp://127.0.1.1:41279
.. >>>>> [ IO READ: read_rl_eigv ] <<<<< ..

.. >>>>> [ RES  MEM :       0.004101 GB ] [ VIRT MEM :       0.041355 GB ] <<<<< ..
.. >>>>> [ WALL TIME:       0.000187  s ] [ CPU  TIME:       0.002098  s ] <<<<< ..

.. >>>>> [ IO READ: io_ao_two_e_integrals ] <<<<< ..

.. >>>>> [ RES  MEM :       0.004101 GB ] [ VIRT MEM :       0.041355 GB ] <<<<< ..
.. >>>>> [ WALL TIME:       0.000497  s ] [ CPU  TIME:       0.002252  s ] <<<<< ..

.. >>>>> [ IO READ: io_mo_two_e_integrals ] <<<<< ..

.. >>>>> [ RES  MEM :       0.004101 GB ] [ VIRT MEM :       0.041355 GB ] <<<<< ..
.. >>>>> [ WALL TIME:       0.000847  s ] [ CPU  TIME:       0.002387  s ] <<<<< ..

.. >>>>> [ IO READ: io_ao_integrals_kinetic ] <<<<< ..

.. >>>>> [ RES  MEM :       0.004101 GB ] [ VIRT MEM :       0.041355 GB ] <<<<< ..
.. >>>>> [ WALL TIME:       0.001142  s ] [ CPU  TIME:       0.002525  s ] <<<<< ..

.. >>>>> [ IO READ: io_ao_integrals_n_e ] <<<<< ..

.. >>>>> [ RES  MEM :       0.004101 GB ] [ VIRT MEM :       0.041355 GB ] <<<<< ..
.. >>>>> [ WALL TIME:       0.001306  s ] [ CPU  TIME:       0.002627  s ] <<<<< ..

.. >>>>> [ IO READ: io_mo_integrals_kinetic ] <<<<< ..

.. >>>>> [ RES  MEM :       0.004101 GB ] [ VIRT MEM :       0.041355 GB ] <<<<< ..
.. >>>>> [ WALL TIME:       0.001623  s ] [ CPU  TIME:       0.002765  s ] <<<<< ..

.. >>>>> [ IO READ: io_mo_integrals_n_e ] <<<<< ..

.. >>>>> [ RES  MEM :       0.004101 GB ] [ VIRT MEM :       0.041355 GB ] <<<<< ..
.. >>>>> [ WALL TIME:       0.001786  s ] [ CPU  TIME:       0.002866  s ] <<<<< ..

.. >>>>> [ IO READ: io_mo_one_e_integrals ] <<<<< ..

.. >>>>> [ RES  MEM :       0.004101 GB ] [ VIRT MEM :       0.041355 GB ] <<<<< ..
.. >>>>> [ WALL TIME:       0.001946  s ] [ CPU  TIME:       0.002967  s ] <<<<< ..

.. >>>>> [ IO READ: read_wf ] <<<<< ..

.. >>>>> [ RES  MEM :       0.004101 GB ] [ VIRT MEM :       0.041355 GB ] <<<<< ..
.. >>>>> [ WALL TIME:       0.002301  s ] [ CPU  TIME:       0.003110  s ] <<<<< ..

.. >>>>> [ IO READ: n_states ] <<<<< ..

.. >>>>> [ RES  MEM :       0.004795 GB ] [ VIRT MEM :       0.041492 GB ] <<<<< ..
.. >>>>> [ WALL TIME:       0.002565  s ] [ CPU  TIME:       0.003312  s ] <<<<< ..

 * mo_label          Canonical
* Number of determinants                                       339
.. >>>>> [ IO READ: n_det_max_full ] <<<<< ..

.. >>>>> [ RES  MEM :       0.004795 GB ] [ VIRT MEM :       0.064941 GB ] <<<<< ..
.. >>>>> [ WALL TIME:       0.009630  s ] [ CPU  TIME:       0.018482  s ] <<<<< ..


.. >>>>> [ RES  MEM :       0.004795 GB ] [ VIRT MEM :       0.064941 GB ] <<<<< ..
.. >>>>> [ WALL TIME:       0.009833  s ] [ CPU  TIME:       0.018737  s ] <<<<< ..

 Read  n_states_diag
* Dimension of the psi arrays                               100000
 Read psi_coef         339           1
.. >>>>> [ IO READ: threshold_davidson ] <<<<< ..

.. >>>>> [ RES  MEM :       0.005875 GB ] [ VIRT MEM :       0.253189 GB ] <<<<< ..
.. >>>>> [ WALL TIME:       0.015118  s ] [ CPU  TIME:       0.031953  s ] <<<<< ..

* mo_num                                                        23
* N_int                                                          1
.. >>>>> [ IO READ: elec_beta_num ] <<<<< ..

.. >>>>> [ RES  MEM :       0.005875 GB ] [ VIRT MEM :       0.253189 GB ] <<<<< ..
.. >>>>> [ WALL TIME:       0.015872  s ] [ CPU  TIME:       0.034082  s ] <<<<< ..

.. >>>>> [ IO READ: elec_alpha_num ] <<<<< ..

.. >>>>> [ RES  MEM :       0.005875 GB ] [ VIRT MEM :       0.253189 GB ] <<<<< ..
.. >>>>> [ WALL TIME:       0.016116  s ] [ CPU  TIME:       0.034372  s ] <<<<< ..

.. >>>>> [ IO READ: ao_num ] <<<<< ..

.. >>>>> [ RES  MEM :       0.005875 GB ] [ VIRT MEM :       0.253189 GB ] <<<<< ..
.. >>>>> [ WALL TIME:       0.016532  s ] [ CPU  TIME:       0.035712  s ] <<<<< ..

 Read  mo_coef
 Read psi_det
 MO map initialized:                 38226
.. >>>>> [ IO READ: no_vvvv_integrals ] <<<<< ..

.. >>>>> [ RES  MEM :       0.007690 GB ] [ VIRT MEM :       0.255539 GB ] <<<<< ..
.. >>>>> [ WALL TIME:       0.019365  s ] [ CPU  TIME:       0.040951  s ] <<<<< ..

.. >>>>> [ IO READ: mo_class ] <<<<< ..

.. >>>>> [ RES  MEM :       0.007690 GB ] [ VIRT MEM :       0.255539 GB ] <<<<< ..
.. >>>>> [ WALL TIME:       0.019689  s ] [ CPU  TIME:       0.048270  s ] <<<<< ..

 AO map initialized :                 52975
 Providing the AO integrals
.. >>>>> [ IO READ: ao_prim_num ] <<<<< ..

.. >>>>> [ RES  MEM :       0.008110 GB ] [ VIRT MEM :       0.255539 GB ] <<<<< ..
.. >>>>> [ WALL TIME:       0.020011  s ] [ CPU  TIME:       0.048700  s ] <<<<< ..

.. >>>>> [ IO READ: ao_normalized ] <<<<< ..

.. >>>>> [ RES  MEM :       0.008110 GB ] [ VIRT MEM :       0.255539 GB ] <<<<< ..
.. >>>>> [ WALL TIME:       0.020236  s ] [ CPU  TIME:       0.048979  s ] <<<<< ..

.. >>>>> [ IO READ: primitives_normalized ] <<<<< ..

.. >>>>> [ RES  MEM :       0.008110 GB ] [ VIRT MEM :       0.255539 GB ] <<<<< ..
.. >>>>> [ WALL TIME:       0.020442  s ] [ CPU  TIME:       0.049223  s ] <<<<< ..

.. >>>>> [ IO READ: ao_coef ] <<<<< ..

.. >>>>> [ RES  MEM :       0.008110 GB ] [ VIRT MEM :       0.255539 GB ] <<<<< ..
.. >>>>> [ WALL TIME:       0.020804  s ] [ CPU  TIME:       0.049773  s ] <<<<< ..

.. >>>>> [ IO READ: ao_power ] <<<<< ..

.. >>>>> [ RES  MEM :       0.008110 GB ] [ VIRT MEM :       0.255539 GB ] <<<<< ..
.. >>>>> [ WALL TIME:       0.021098  s ] [ CPU  TIME:       0.050187  s ] <<<<< ..

.. >>>>> [ IO READ: ao_expo ] <<<<< ..

.. >>>>> [ RES  MEM :       0.008110 GB ] [ VIRT MEM :       0.255539 GB ] <<<<< ..
.. >>>>> [ WALL TIME:       0.021452  s ] [ CPU  TIME:       0.050720  s ] <<<<< ..

.. >>>>> [ IO READ: ao_integrals_threshold ] <<<<< ..

.. >>>>> [ RES  MEM :       0.008110 GB ] [ VIRT MEM :       0.255539 GB ] <<<<< ..
.. >>>>> [ WALL TIME:       0.021824  s ] [ CPU  TIME:       0.051284  s ] <<<<< ..

.. >>>>> [ IO READ: ao_nucl ] <<<<< ..

.. >>>>> [ RES  MEM :       0.008110 GB ] [ VIRT MEM :       0.255539 GB ] <<<<< ..
.. >>>>> [ WALL TIME:       0.022116  s ] [ CPU  TIME:       0.051689  s ] <<<<< ..

.. >>>>> [ IO READ: is_periodic ] <<<<< ..

.. >>>>> [ RES  MEM :       0.008110 GB ] [ VIRT MEM :       0.404121 GB ] <<<<< ..
.. >>>>> [ WALL TIME:       0.036605  s ] [ CPU  TIME:       0.097943  s ] <<<<< ..

.. >>>>> [ IO READ: nucl_num ] <<<<< ..

.. >>>>> [ RES  MEM :       0.008110 GB ] [ VIRT MEM :       0.404121 GB ] <<<<< ..
.. >>>>> [ WALL TIME:       0.037378  s ] [ CPU  TIME:       0.098721  s ] <<<<< ..

.. >>>>> [ IO READ: nucl_label ] <<<<< ..

.. >>>>> [ RES  MEM :       0.008110 GB ] [ VIRT MEM :       0.404121 GB ] <<<<< ..
.. >>>>> [ WALL TIME:       0.037628  s ] [ CPU  TIME:       0.098910  s ] <<<<< ..

.. >>>>> [ IO READ: nucl_charge ] <<<<< ..

.. >>>>> [ RES  MEM :       0.008110 GB ] [ VIRT MEM :       0.404121 GB ] <<<<< ..
.. >>>>> [ WALL TIME:       0.037842  s ] [ CPU  TIME:       0.099063  s ] <<<<< ..


.. >>>>> [ RES  MEM :       0.008110 GB ] [ VIRT MEM :       0.404121 GB ] <<<<< ..
.. >>>>> [ WALL TIME:       0.038057  s ] [ CPU  TIME:       0.099217  s ] <<<<< ..


Nuclear Coordinates (Angstroms)
===============================

================ ============ ============ ============ ============
      Atom          Charge          X            Y            Z 
================ ============ ============ ============ ============
He                   2.000000     0.000000     0.000000     0.000000
================ ============ ============ ============ ============

 Sorting the map
 AO integrals provided:
  Size of AO map :            8.5845947265625000E-002 MB
  Number of AO integrals :                 7966
  cpu  time :  0.11164100000000000      s
  wall time :   6.7296004999661818E-002 s  ( x    1.6589543465553569       )
 
 AO -> MO integrals transformation
 ---------------------------------
 
.. >>>>> [ IO READ: mo_integrals_threshold ] <<<<< ..

.. >>>>> [ RES  MEM :       0.009815 GB ] [ VIRT MEM :       0.466770 GB ] <<<<< ..
.. >>>>> [ WALL TIME:       0.087274  s ] [ CPU  TIME:       0.160137  s ] <<<<< ..

 Buffers :   0.459625244     MB / core
.. >>>>> [ IO READ: io_ao_integrals_overlap ] <<<<< ..

.. >>>>> [ RES  MEM :       0.009815 GB ] [ VIRT MEM :       0.466953 GB ] <<<<< ..
.. >>>>> [ WALL TIME:       0.087734  s ] [ CPU  TIME:       0.161506  s ] <<<<< ..

 Molecular integrals provided:
  Size of MO map             0.36456680297851562      MB
  Number of MO integrals:                 19129
  cpu  time :  0.18154100000000001      s
  wall time :   5.6452652999723796E-002 s  ( x    3.2158098929538039      )
.. >>>>> [ IO READ: do_pseudo ] <<<<< ..

.. >>>>> [ RES  MEM :       0.023270 GB ] [ VIRT MEM :       2.467072 GB ] <<<<< ..
.. >>>>> [ WALL TIME:       0.160340  s ] [ CPU  TIME:       0.401423  s ] <<<<< ..

 Providing the one-electron integrals
.. >>>>> [ IO READ: s2_eig ] <<<<< ..

.. >>>>> [ RES  MEM :       0.024799 GB ] [ VIRT MEM :       2.467072 GB ] <<<<< ..
.. >>>>> [ WALL TIME:       0.165474  s ] [ CPU  TIME:       0.419241  s ] <<<<< ..

 Diagonalization of H using Lapack
.. >>>>> [ IO READ: only_expected_s2 ] <<<<< ..

.. >>>>> [ RES  MEM :       0.024799 GB ] [ VIRT MEM :       2.467930 GB ] <<<<< ..
.. >>>>> [ WALL TIME:       0.165749  s ] [ CPU  TIME:       0.419623  s ] <<<<< ..

.. >>>>> [ IO READ: io_nuclear_repulsion ] <<<<< ..

.. >>>>> [ RES  MEM :       0.029686 GB ] [ VIRT MEM :       2.469540 GB ] <<<<< ..
.. >>>>> [ WALL TIME:       0.389172  s ] [ CPU  TIME:       0.998489  s ] <<<<< ..


.. >>>>> [ RES  MEM :       0.029686 GB ] [ VIRT MEM :       2.469540 GB ] <<<<< ..
.. >>>>> [ WALL TIME:       0.389411  s ] [ CPU  TIME:       0.998824  s ] <<<<< ..

* Nuclear repulsion energy                           0.000000000000000    

.. >>>>> [ RES  MEM :       0.029686 GB ] [ VIRT MEM :       2.469540 GB ] <<<<< ..
.. >>>>> [ WALL TIME:       0.389659  s ] [ CPU  TIME:       0.999162  s ] <<<<< ..

* Energy of state    1                              -2.900597922921953    
* S^2 of state    1                                 0.2567126466710156E-28
.. >>>>> [ IO READ: distributed_davidson ] <<<<< ..

.. >>>>> [ RES  MEM :       0.029686 GB ] [ VIRT MEM :       2.469540 GB ] <<<<< ..
.. >>>>> [ WALL TIME:       0.390048  s ] [ CPU  TIME:       0.999675  s ] <<<<< ..

.. >>>>> [ IO READ: weight_one_e_dm ] <<<<< ..

.. >>>>> [ RES  MEM :       0.029686 GB ] [ VIRT MEM :       2.469540 GB ] <<<<< ..
.. >>>>> [ WALL TIME:       0.390515  s ] [ CPU  TIME:       1.000417  s ] <<<<< ..

.. >>>>> [ IO READ: no_core_density ] <<<<< ..

.. >>>>> [ RES  MEM :       0.032063 GB ] [ VIRT MEM :       2.471909 GB ] <<<<< ..
.. >>>>> [ WALL TIME:       0.396783  s ] [ CPU  TIME:       1.030093  s ] <<<<< ..

* Number of inactive MOs                                         0
 Inactive MOs:

* Number of unique beta determinants                            23
* Number of unique alpha determinants                           23
* Number of active   MOs                                        23
 Active MOs:
           1           2           3           4           5           6           7           8           9          10          11          12          13          14          15          16          17          18          19          20          21          22          23
.. >>>>> [ IO READ: io_two_body_rdm_ab ] <<<<< ..

.. >>>>> [ RES  MEM :       0.032063 GB ] [ VIRT MEM :       2.477127 GB ] <<<<< ..
.. >>>>> [ WALL TIME:       0.397964  s ] [ CPU  TIME:       1.034077  s ] <<<<< ..

 
 Providing act_2_rdm_ab_mo 
 Wall time to provide act_2_rdm_ab_mo   8.7302020001516212E-003
* Number of core     MOs                                         0
 Core MOs:

.. >>>>> [ IO READ: my_grid_becke ] <<<<< ..

.. >>>>> [ RES  MEM :       0.038471 GB ] [ VIRT MEM :       2.483387 GB ] <<<<< ..
.. >>>>> [ WALL TIME:       0.412310  s ] [ CPU  TIME:       1.080683  s ] <<<<< ..

.. >>>>> [ IO READ: my_n_pt_a_grid ] <<<<< ..

.. >>>>> [ RES  MEM :       0.038471 GB ] [ VIRT MEM :       2.483387 GB ] <<<<< ..
.. >>>>> [ WALL TIME:       0.412522  s ] [ CPU  TIME:       1.081136  s ] <<<<< ..

.. >>>>> [ IO READ: my_n_pt_r_grid ] <<<<< ..

.. >>>>> [ RES  MEM :       0.038471 GB ] [ VIRT MEM :       2.483387 GB ] <<<<< ..
.. >>>>> [ WALL TIME:       0.412776  s ] [ CPU  TIME:       1.081471  s ] <<<<< ..

.. >>>>> [ IO READ: thresh_grid ] <<<<< ..

.. >>>>> [ RES  MEM :       0.038780 GB ] [ VIRT MEM :       2.483387 GB ] <<<<< ..
.. >>>>> [ WALL TIME:       0.413250  s ] [ CPU  TIME:       1.082250  s ] <<<<< ..

 n_points_final_grid =         2072
 n max point         =         2146
.. >>>>> [ IO READ: mu_erf ] <<<<< ..

.. >>>>> [ RES  MEM :       0.039032 GB ] [ VIRT MEM :       2.483944 GB ] <<<<< ..
.. >>>>> [ WALL TIME:       0.422705  s ] [ CPU  TIME:       1.110878  s ] <<<<< ..

 Reading the right/left eigenvectors in the EZFIO....
 
 Providing act_2_rdm_ab_mo 
 Wall time to provide act_2_rdm_ab_mo   4.5941890020912979E-003
 
 Providing act_2_rdm_ab_mo 
 Wall time to provide act_2_rdm_ab_mo   4.6328290009114426E-003
 
 Providing act_2_rdm_ab_mo 
 Wall time to provide act_2_rdm_ab_mo   6.6021350030496251E-003
 <Phi | e^{2 j(r12,mu)} | Phi> =   0.94661134020869797     
 output = He_aug-cc-pvtz_1.0.cusp_wf_1
 output = He_aug-cc-pvtz_1.0.cusp_wf_2
 output = He_aug-cc-pvtz_1.0.cusp_wf_3
 output = He_aug-cc-pvtz_1.0.cusp_wf_4
 output = He_aug-cc-pvtz_1.0.cusp_wf_5
Wall time: 0:00:20

