Date: 01/10/2020 18:15:12
===============
Quantum Package
===============

Git Commit: minor modifs
Git Date  : Mon Sep 21 15:38:26 2020 +0200
Git SHA1  : ee267e27e9b6027ea76a05e2b43271cc8906fd55
EZFIO Dir : He_aug-cc-pvtz_0.5


Task server running : tcp://127.0.1.1:41279
.. >>>>> [ IO READ: read_rl_eigv ] <<<<< ..

.. >>>>> [ RES  MEM :       0.004120 GB ] [ VIRT MEM :       0.041355 GB ] <<<<< ..
.. >>>>> [ WALL TIME:       0.000195  s ] [ CPU  TIME:       0.002627  s ] <<<<< ..

.. >>>>> [ IO READ: io_ao_two_e_integrals ] <<<<< ..

.. >>>>> [ RES  MEM :       0.004120 GB ] [ VIRT MEM :       0.041355 GB ] <<<<< ..
.. >>>>> [ WALL TIME:       0.000539  s ] [ CPU  TIME:       0.002785  s ] <<<<< ..

.. >>>>> [ IO READ: io_mo_two_e_integrals ] <<<<< ..

.. >>>>> [ RES  MEM :       0.004120 GB ] [ VIRT MEM :       0.041355 GB ] <<<<< ..
.. >>>>> [ WALL TIME:       0.000870  s ] [ CPU  TIME:       0.002930  s ] <<<<< ..

.. >>>>> [ IO READ: io_ao_integrals_kinetic ] <<<<< ..

.. >>>>> [ RES  MEM :       0.004120 GB ] [ VIRT MEM :       0.041355 GB ] <<<<< ..
.. >>>>> [ WALL TIME:       0.001203  s ] [ CPU  TIME:       0.003079  s ] <<<<< ..

.. >>>>> [ IO READ: io_ao_integrals_n_e ] <<<<< ..

.. >>>>> [ RES  MEM :       0.004120 GB ] [ VIRT MEM :       0.041355 GB ] <<<<< ..
.. >>>>> [ WALL TIME:       0.001363  s ] [ CPU  TIME:       0.003178  s ] <<<<< ..

.. >>>>> [ IO READ: io_mo_integrals_kinetic ] <<<<< ..

.. >>>>> [ RES  MEM :       0.004120 GB ] [ VIRT MEM :       0.041355 GB ] <<<<< ..
.. >>>>> [ WALL TIME:       0.001699  s ] [ CPU  TIME:       0.003316  s ] <<<<< ..

.. >>>>> [ IO READ: io_mo_integrals_n_e ] <<<<< ..

.. >>>>> [ RES  MEM :       0.004120 GB ] [ VIRT MEM :       0.041355 GB ] <<<<< ..
.. >>>>> [ WALL TIME:       0.001860  s ] [ CPU  TIME:       0.003415  s ] <<<<< ..

.. >>>>> [ IO READ: io_mo_one_e_integrals ] <<<<< ..

.. >>>>> [ RES  MEM :       0.004120 GB ] [ VIRT MEM :       0.041355 GB ] <<<<< ..
.. >>>>> [ WALL TIME:       0.002019  s ] [ CPU  TIME:       0.003514  s ] <<<<< ..

.. >>>>> [ IO READ: read_wf ] <<<<< ..

.. >>>>> [ RES  MEM :       0.004120 GB ] [ VIRT MEM :       0.041355 GB ] <<<<< ..
.. >>>>> [ WALL TIME:       0.002362  s ] [ CPU  TIME:       0.003654  s ] <<<<< ..

.. >>>>> [ IO READ: n_states ] <<<<< ..

.. >>>>> [ RES  MEM :       0.004871 GB ] [ VIRT MEM :       0.041492 GB ] <<<<< ..
.. >>>>> [ WALL TIME:       0.002624  s ] [ CPU  TIME:       0.003855  s ] <<<<< ..

 * mo_label          Canonical
* Number of determinants                                       339
.. >>>>> [ IO READ: n_det_max_full ] <<<<< ..

.. >>>>> [ RES  MEM :       0.004871 GB ] [ VIRT MEM :       0.064941 GB ] <<<<< ..
.. >>>>> [ WALL TIME:       0.007476  s ] [ CPU  TIME:       0.012775  s ] <<<<< ..


.. >>>>> [ RES  MEM :       0.004871 GB ] [ VIRT MEM :       0.064941 GB ] <<<<< ..
.. >>>>> [ WALL TIME:       0.007717  s ] [ CPU  TIME:       0.013538  s ] <<<<< ..

 Read  n_states_diag
* Dimension of the psi arrays                               100000
 Read psi_coef         339           1
.. >>>>> [ IO READ: threshold_davidson ] <<<<< ..

.. >>>>> [ RES  MEM :       0.005993 GB ] [ VIRT MEM :       0.253189 GB ] <<<<< ..
.. >>>>> [ WALL TIME:       0.010699  s ] [ CPU  TIME:       0.020313  s ] <<<<< ..

* mo_num                                                        23
* N_int                                                          1
.. >>>>> [ IO READ: elec_beta_num ] <<<<< ..

.. >>>>> [ RES  MEM :       0.005993 GB ] [ VIRT MEM :       0.253189 GB ] <<<<< ..
.. >>>>> [ WALL TIME:       0.011699  s ] [ CPU  TIME:       0.021574  s ] <<<<< ..

.. >>>>> [ IO READ: elec_alpha_num ] <<<<< ..

.. >>>>> [ RES  MEM :       0.005993 GB ] [ VIRT MEM :       0.253189 GB ] <<<<< ..
.. >>>>> [ WALL TIME:       0.012239  s ] [ CPU  TIME:       0.028219  s ] <<<<< ..

.. >>>>> [ IO READ: ao_num ] <<<<< ..

.. >>>>> [ RES  MEM :       0.005993 GB ] [ VIRT MEM :       0.253189 GB ] <<<<< ..
.. >>>>> [ WALL TIME:       0.013497  s ] [ CPU  TIME:       0.032318  s ] <<<<< ..

 Read  mo_coef
 Read psi_det
 MO map initialized:                 38226
.. >>>>> [ IO READ: no_vvvv_integrals ] <<<<< ..

.. >>>>> [ RES  MEM :       0.007858 GB ] [ VIRT MEM :       0.255539 GB ] <<<<< ..
.. >>>>> [ WALL TIME:       0.017037  s ] [ CPU  TIME:       0.043597  s ] <<<<< ..

.. >>>>> [ IO READ: mo_class ] <<<<< ..

.. >>>>> [ RES  MEM :       0.007858 GB ] [ VIRT MEM :       0.255539 GB ] <<<<< ..
.. >>>>> [ WALL TIME:       0.017360  s ] [ CPU  TIME:       0.044348  s ] <<<<< ..

 AO map initialized :                 52975
 Providing the AO integrals
.. >>>>> [ IO READ: ao_prim_num ] <<<<< ..

.. >>>>> [ RES  MEM :       0.008282 GB ] [ VIRT MEM :       0.255539 GB ] <<<<< ..
.. >>>>> [ WALL TIME:       0.017736  s ] [ CPU  TIME:       0.045209  s ] <<<<< ..

.. >>>>> [ IO READ: ao_normalized ] <<<<< ..

.. >>>>> [ RES  MEM :       0.008282 GB ] [ VIRT MEM :       0.255539 GB ] <<<<< ..
.. >>>>> [ WALL TIME:       0.017993  s ] [ CPU  TIME:       0.045768  s ] <<<<< ..

.. >>>>> [ IO READ: primitives_normalized ] <<<<< ..

.. >>>>> [ RES  MEM :       0.008282 GB ] [ VIRT MEM :       0.255539 GB ] <<<<< ..
.. >>>>> [ WALL TIME:       0.019463  s ] [ CPU  TIME:       0.050352  s ] <<<<< ..

.. >>>>> [ IO READ: ao_coef ] <<<<< ..

.. >>>>> [ RES  MEM :       0.008282 GB ] [ VIRT MEM :       0.255539 GB ] <<<<< ..
.. >>>>> [ WALL TIME:       0.019952  s ] [ CPU  TIME:       0.052343  s ] <<<<< ..

.. >>>>> [ IO READ: ao_power ] <<<<< ..

.. >>>>> [ RES  MEM :       0.008282 GB ] [ VIRT MEM :       0.255539 GB ] <<<<< ..
.. >>>>> [ WALL TIME:       0.020315  s ] [ CPU  TIME:       0.052822  s ] <<<<< ..

.. >>>>> [ IO READ: ao_expo ] <<<<< ..

.. >>>>> [ RES  MEM :       0.008282 GB ] [ VIRT MEM :       0.255539 GB ] <<<<< ..
.. >>>>> [ WALL TIME:       0.020713  s ] [ CPU  TIME:       0.053394  s ] <<<<< ..

.. >>>>> [ IO READ: ao_integrals_threshold ] <<<<< ..

.. >>>>> [ RES  MEM :       0.008282 GB ] [ VIRT MEM :       0.255539 GB ] <<<<< ..
.. >>>>> [ WALL TIME:       0.021131  s ] [ CPU  TIME:       0.053984  s ] <<<<< ..

.. >>>>> [ IO READ: ao_nucl ] <<<<< ..

.. >>>>> [ RES  MEM :       0.008282 GB ] [ VIRT MEM :       0.255539 GB ] <<<<< ..
.. >>>>> [ WALL TIME:       0.022628  s ] [ CPU  TIME:       0.057259  s ] <<<<< ..

.. >>>>> [ IO READ: is_periodic ] <<<<< ..

.. >>>>> [ RES  MEM :       0.009659 GB ] [ VIRT MEM :       0.404121 GB ] <<<<< ..
.. >>>>> [ WALL TIME:       0.039080  s ] [ CPU  TIME:       0.107139  s ] <<<<< ..

.. >>>>> [ IO READ: nucl_num ] <<<<< ..

.. >>>>> [ RES  MEM :       0.009659 GB ] [ VIRT MEM :       0.404121 GB ] <<<<< ..
.. >>>>> [ WALL TIME:       0.039959  s ] [ CPU  TIME:       0.108011  s ] <<<<< ..

.. >>>>> [ IO READ: nucl_label ] <<<<< ..

.. >>>>> [ RES  MEM :       0.009659 GB ] [ VIRT MEM :       0.404121 GB ] <<<<< ..
.. >>>>> [ WALL TIME:       0.040208  s ] [ CPU  TIME:       0.108200  s ] <<<<< ..

.. >>>>> [ IO READ: nucl_charge ] <<<<< ..

.. >>>>> [ RES  MEM :       0.009659 GB ] [ VIRT MEM :       0.404121 GB ] <<<<< ..
.. >>>>> [ WALL TIME:       0.040415  s ] [ CPU  TIME:       0.108347  s ] <<<<< ..


.. >>>>> [ RES  MEM :       0.009659 GB ] [ VIRT MEM :       0.404121 GB ] <<<<< ..
.. >>>>> [ WALL TIME:       0.040619  s ] [ CPU  TIME:       0.108490  s ] <<<<< ..


Nuclear Coordinates (Angstroms)
===============================

================ ============ ============ ============ ============
      Atom          Charge          X            Y            Z 
================ ============ ============ ============ ============
He                   2.000000     0.000000     0.000000     0.000000
================ ============ ============ ============ ============

 Sorting the map
 AO integrals provided:
  Size of AO map :            8.5845947265625000E-002 MB
  Number of AO integrals :                 7966
  cpu  time :  0.12220500000000001      s
  wall time :   7.1745525998267112E-002 s  ( x    1.7033117856429356       )
 
 AO -> MO integrals transformation
 ---------------------------------
 
.. >>>>> [ IO READ: mo_integrals_threshold ] <<<<< ..

.. >>>>> [ RES  MEM :       0.010002 GB ] [ VIRT MEM :       0.466770 GB ] <<<<< ..
.. >>>>> [ WALL TIME:       0.089406  s ] [ CPU  TIME:       0.166839  s ] <<<<< ..

 Buffers :   0.459625244     MB / core
.. >>>>> [ IO READ: io_ao_integrals_overlap ] <<<<< ..

.. >>>>> [ RES  MEM :       0.010418 GB ] [ VIRT MEM :       0.466953 GB ] <<<<< ..
.. >>>>> [ WALL TIME:       0.089761  s ] [ CPU  TIME:       0.168243  s ] <<<<< ..

 Molecular integrals provided:
  Size of MO map             0.36506271362304688      MB
  Number of MO integrals:                 19131
  cpu  time :  0.18670200000000001      s
  wall time :   5.9008879001339665E-002 s  ( x    3.1639645280460482      )
.. >>>>> [ IO READ: do_pseudo ] <<<<< ..

.. >>>>> [ RES  MEM :       0.023663 GB ] [ VIRT MEM :       2.467331 GB ] <<<<< ..
.. >>>>> [ WALL TIME:       0.165470  s ] [ CPU  TIME:       0.415612  s ] <<<<< ..

 Providing the one-electron integrals
.. >>>>> [ IO READ: s2_eig ] <<<<< ..

.. >>>>> [ RES  MEM :       0.025227 GB ] [ VIRT MEM :       2.467331 GB ] <<<<< ..
.. >>>>> [ WALL TIME:       0.171555  s ] [ CPU  TIME:       0.432683  s ] <<<<< ..

 Diagonalization of H using Lapack
.. >>>>> [ IO READ: only_expected_s2 ] <<<<< ..

.. >>>>> [ RES  MEM :       0.025227 GB ] [ VIRT MEM :       2.468189 GB ] <<<<< ..
.. >>>>> [ WALL TIME:       0.171824  s ] [ CPU  TIME:       0.433030  s ] <<<<< ..

.. >>>>> [ IO READ: io_nuclear_repulsion ] <<<<< ..

.. >>>>> [ RES  MEM :       0.030254 GB ] [ VIRT MEM :       2.469887 GB ] <<<<< ..
.. >>>>> [ WALL TIME:       0.400625  s ] [ CPU  TIME:       1.031582  s ] <<<<< ..


.. >>>>> [ RES  MEM :       0.030254 GB ] [ VIRT MEM :       2.469887 GB ] <<<<< ..
.. >>>>> [ WALL TIME:       0.400804  s ] [ CPU  TIME:       1.031918  s ] <<<<< ..

* Nuclear repulsion energy                           0.000000000000000    

.. >>>>> [ RES  MEM :       0.030254 GB ] [ VIRT MEM :       2.469887 GB ] <<<<< ..
.. >>>>> [ WALL TIME:       0.401133  s ] [ CPU  TIME:       1.033667  s ] <<<<< ..

* Energy of state    1                              -2.900597922921935    
* S^2 of state    1                                 0.8756562716528053E-28
.. >>>>> [ IO READ: distributed_davidson ] <<<<< ..

.. >>>>> [ RES  MEM :       0.030254 GB ] [ VIRT MEM :       2.469887 GB ] <<<<< ..
.. >>>>> [ WALL TIME:       0.401426  s ] [ CPU  TIME:       1.034206  s ] <<<<< ..

.. >>>>> [ IO READ: weight_one_e_dm ] <<<<< ..

.. >>>>> [ RES  MEM :       0.030254 GB ] [ VIRT MEM :       2.469887 GB ] <<<<< ..
.. >>>>> [ WALL TIME:       0.401916  s ] [ CPU  TIME:       1.034987  s ] <<<<< ..

.. >>>>> [ IO READ: no_core_density ] <<<<< ..

.. >>>>> [ RES  MEM :       0.032631 GB ] [ VIRT MEM :       2.472275 GB ] <<<<< ..
.. >>>>> [ WALL TIME:       0.408217  s ] [ CPU  TIME:       1.060499  s ] <<<<< ..

* Number of inactive MOs                                         0
 Inactive MOs:

* Number of unique beta determinants                            23
* Number of unique alpha determinants                           23
* Number of active   MOs                                        23
 Active MOs:
           1           2           3           4           5           6           7           8           9          10          11          12          13          14          15          16          17          18          19          20          21          22          23
.. >>>>> [ IO READ: io_two_body_rdm_ab ] <<<<< ..

.. >>>>> [ RES  MEM :       0.032631 GB ] [ VIRT MEM :       2.477489 GB ] <<<<< ..
.. >>>>> [ WALL TIME:       0.409666  s ] [ CPU  TIME:       1.062565  s ] <<<<< ..

 
 Providing act_2_rdm_ab_mo 
 Wall time to provide act_2_rdm_ab_mo   9.8033329995814711E-003
* Number of core     MOs                                         0
 Core MOs:

.. >>>>> [ IO READ: my_grid_becke ] <<<<< ..

.. >>>>> [ RES  MEM :       0.039040 GB ] [ VIRT MEM :       2.483749 GB ] <<<<< ..
.. >>>>> [ WALL TIME:       0.425156  s ] [ CPU  TIME:       1.118422  s ] <<<<< ..

.. >>>>> [ IO READ: my_n_pt_a_grid ] <<<<< ..

.. >>>>> [ RES  MEM :       0.039040 GB ] [ VIRT MEM :       2.483749 GB ] <<<<< ..
.. >>>>> [ WALL TIME:       0.425351  s ] [ CPU  TIME:       1.118856  s ] <<<<< ..

.. >>>>> [ IO READ: my_n_pt_r_grid ] <<<<< ..

.. >>>>> [ RES  MEM :       0.039040 GB ] [ VIRT MEM :       2.483749 GB ] <<<<< ..
.. >>>>> [ WALL TIME:       0.425583  s ] [ CPU  TIME:       1.119382  s ] <<<<< ..

.. >>>>> [ IO READ: thresh_grid ] <<<<< ..

.. >>>>> [ RES  MEM :       0.039040 GB ] [ VIRT MEM :       2.483749 GB ] <<<<< ..
.. >>>>> [ WALL TIME:       0.426379  s ] [ CPU  TIME:       1.121302  s ] <<<<< ..

 n_points_final_grid =         2072
 n max point         =         2146
.. >>>>> [ IO READ: mu_erf ] <<<<< ..

.. >>>>> [ RES  MEM :       0.039600 GB ] [ VIRT MEM :       2.484207 GB ] <<<<< ..
.. >>>>> [ WALL TIME:       0.433948  s ] [ CPU  TIME:       1.145445  s ] <<<<< ..

 Reading the right/left eigenvectors in the EZFIO....
 
 Providing act_2_rdm_ab_mo 
 Wall time to provide act_2_rdm_ab_mo   5.4940090012678411E-003
 
 Providing act_2_rdm_ab_mo 
 Wall time to provide act_2_rdm_ab_mo   6.6502999980002642E-003
 
 Providing act_2_rdm_ab_mo 
 Wall time to provide act_2_rdm_ab_mo   8.3836919984605629E-003
 <Phi | e^{2 j(r12,mu)} | Phi> =   0.71485247709255073     
 output = He_aug-cc-pvtz_0.5.cusp_wf_1
 output = He_aug-cc-pvtz_0.5.cusp_wf_2
 output = He_aug-cc-pvtz_0.5.cusp_wf_3
 output = He_aug-cc-pvtz_0.5.cusp_wf_4
 output = He_aug-cc-pvtz_0.5.cusp_wf_5
Wall time: 0:00:20

