Date: 01/10/2020 18:14:32
===============
Quantum Package
===============

Git Commit: minor modifs
Git Date  : Mon Sep 21 15:38:26 2020 +0200
Git SHA1  : ee267e27e9b6027ea76a05e2b43271cc8906fd55
EZFIO Dir : He_aug-cc-pvtz_0.3


Task server running : tcp://127.0.1.1:41279
.. >>>>> [ IO READ: read_rl_eigv ] <<<<< ..

.. >>>>> [ RES  MEM :       0.004059 GB ] [ VIRT MEM :       0.041355 GB ] <<<<< ..
.. >>>>> [ WALL TIME:       0.000216  s ] [ CPU  TIME:       0.002669  s ] <<<<< ..

.. >>>>> [ IO READ: io_ao_two_e_integrals ] <<<<< ..

.. >>>>> [ RES  MEM :       0.004059 GB ] [ VIRT MEM :       0.041355 GB ] <<<<< ..
.. >>>>> [ WALL TIME:       0.000589  s ] [ CPU  TIME:       0.002854  s ] <<<<< ..

.. >>>>> [ IO READ: io_mo_two_e_integrals ] <<<<< ..

.. >>>>> [ RES  MEM :       0.004059 GB ] [ VIRT MEM :       0.041355 GB ] <<<<< ..
.. >>>>> [ WALL TIME:       0.000889  s ] [ CPU  TIME:       0.003022  s ] <<<<< ..

.. >>>>> [ IO READ: io_ao_integrals_kinetic ] <<<<< ..

.. >>>>> [ RES  MEM :       0.004059 GB ] [ VIRT MEM :       0.041355 GB ] <<<<< ..
.. >>>>> [ WALL TIME:       0.001187  s ] [ CPU  TIME:       0.003187  s ] <<<<< ..

.. >>>>> [ IO READ: io_ao_integrals_n_e ] <<<<< ..

.. >>>>> [ RES  MEM :       0.004059 GB ] [ VIRT MEM :       0.041355 GB ] <<<<< ..
.. >>>>> [ WALL TIME:       0.001365  s ] [ CPU  TIME:       0.003305  s ] <<<<< ..

.. >>>>> [ IO READ: io_mo_integrals_kinetic ] <<<<< ..

.. >>>>> [ RES  MEM :       0.004059 GB ] [ VIRT MEM :       0.041355 GB ] <<<<< ..
.. >>>>> [ WALL TIME:       0.001732  s ] [ CPU  TIME:       0.003472  s ] <<<<< ..

.. >>>>> [ IO READ: io_mo_integrals_n_e ] <<<<< ..

.. >>>>> [ RES  MEM :       0.004059 GB ] [ VIRT MEM :       0.041355 GB ] <<<<< ..
.. >>>>> [ WALL TIME:       0.001935  s ] [ CPU  TIME:       0.003614  s ] <<<<< ..

.. >>>>> [ IO READ: io_mo_one_e_integrals ] <<<<< ..

.. >>>>> [ RES  MEM :       0.004059 GB ] [ VIRT MEM :       0.041355 GB ] <<<<< ..
.. >>>>> [ WALL TIME:       0.002132  s ] [ CPU  TIME:       0.003750  s ] <<<<< ..

.. >>>>> [ IO READ: read_wf ] <<<<< ..

.. >>>>> [ RES  MEM :       0.004059 GB ] [ VIRT MEM :       0.041355 GB ] <<<<< ..
.. >>>>> [ WALL TIME:       0.002472  s ] [ CPU  TIME:       0.003936  s ] <<<<< ..

.. >>>>> [ IO READ: n_states ] <<<<< ..

.. >>>>> [ RES  MEM :       0.004692 GB ] [ VIRT MEM :       0.041492 GB ] <<<<< ..
.. >>>>> [ WALL TIME:       0.002788  s ] [ CPU  TIME:       0.004192  s ] <<<<< ..

 * mo_label          Canonical
* Number of determinants                                       339
.. >>>>> [ IO READ: n_det_max_full ] <<<<< ..

.. >>>>> [ RES  MEM :       0.004692 GB ] [ VIRT MEM :       0.064941 GB ] <<<<< ..
.. >>>>> [ WALL TIME:       0.008588  s ] [ CPU  TIME:       0.019705  s ] <<<<< ..


.. >>>>> [ RES  MEM :       0.004692 GB ] [ VIRT MEM :       0.064941 GB ] <<<<< ..
.. >>>>> [ WALL TIME:       0.008865  s ] [ CPU  TIME:       0.021137  s ] <<<<< ..

 Read  n_states_diag
* Dimension of the psi arrays                               100000
 Read psi_coef         339           1
.. >>>>> [ IO READ: threshold_davidson ] <<<<< ..

.. >>>>> [ RES  MEM :       0.005787 GB ] [ VIRT MEM :       0.253189 GB ] <<<<< ..
.. >>>>> [ WALL TIME:       0.012365  s ] [ CPU  TIME:       0.030011  s ] <<<<< ..

* mo_num                                                        23
* N_int                                                          1
.. >>>>> [ IO READ: elec_beta_num ] <<<<< ..

.. >>>>> [ RES  MEM :       0.005787 GB ] [ VIRT MEM :       0.253189 GB ] <<<<< ..
.. >>>>> [ WALL TIME:       0.013871  s ] [ CPU  TIME:       0.034639  s ] <<<<< ..

.. >>>>> [ IO READ: elec_alpha_num ] <<<<< ..

.. >>>>> [ RES  MEM :       0.005787 GB ] [ VIRT MEM :       0.253189 GB ] <<<<< ..
.. >>>>> [ WALL TIME:       0.014390  s ] [ CPU  TIME:       0.035962  s ] <<<<< ..

.. >>>>> [ IO READ: ao_num ] <<<<< ..

.. >>>>> [ RES  MEM :       0.005787 GB ] [ VIRT MEM :       0.253189 GB ] <<<<< ..
.. >>>>> [ WALL TIME:       0.014937  s ] [ CPU  TIME:       0.037595  s ] <<<<< ..

 Read  mo_coef
 Read psi_det
 MO map initialized:                 38226
.. >>>>> [ IO READ: no_vvvv_integrals ] <<<<< ..

.. >>>>> [ RES  MEM :       0.007595 GB ] [ VIRT MEM :       0.255539 GB ] <<<<< ..
.. >>>>> [ WALL TIME:       0.018041  s ] [ CPU  TIME:       0.049306  s ] <<<<< ..

.. >>>>> [ IO READ: mo_class ] <<<<< ..

.. >>>>> [ RES  MEM :       0.007595 GB ] [ VIRT MEM :       0.255539 GB ] <<<<< ..
.. >>>>> [ WALL TIME:       0.018378  s ] [ CPU  TIME:       0.050094  s ] <<<<< ..

 AO map initialized :                 52975
 Providing the AO integrals
.. >>>>> [ IO READ: ao_prim_num ] <<<<< ..

.. >>>>> [ RES  MEM :       0.007595 GB ] [ VIRT MEM :       0.255539 GB ] <<<<< ..
.. >>>>> [ WALL TIME:       0.018858  s ] [ CPU  TIME:       0.052151  s ] <<<<< ..

.. >>>>> [ IO READ: ao_normalized ] <<<<< ..

.. >>>>> [ RES  MEM :       0.008015 GB ] [ VIRT MEM :       0.255539 GB ] <<<<< ..
.. >>>>> [ WALL TIME:       0.019113  s ] [ CPU  TIME:       0.052709  s ] <<<<< ..

.. >>>>> [ IO READ: primitives_normalized ] <<<<< ..

.. >>>>> [ RES  MEM :       0.008015 GB ] [ VIRT MEM :       0.255539 GB ] <<<<< ..
.. >>>>> [ WALL TIME:       0.019376  s ] [ CPU  TIME:       0.053274  s ] <<<<< ..

.. >>>>> [ IO READ: ao_coef ] <<<<< ..

.. >>>>> [ RES  MEM :       0.008015 GB ] [ VIRT MEM :       0.255539 GB ] <<<<< ..
.. >>>>> [ WALL TIME:       0.019778  s ] [ CPU  TIME:       0.054266  s ] <<<<< ..

.. >>>>> [ IO READ: ao_power ] <<<<< ..

.. >>>>> [ RES  MEM :       0.008015 GB ] [ VIRT MEM :       0.255539 GB ] <<<<< ..
.. >>>>> [ WALL TIME:       0.020103  s ] [ CPU  TIME:       0.055029  s ] <<<<< ..

.. >>>>> [ IO READ: ao_expo ] <<<<< ..

.. >>>>> [ RES  MEM :       0.008015 GB ] [ VIRT MEM :       0.255539 GB ] <<<<< ..
.. >>>>> [ WALL TIME:       0.020486  s ] [ CPU  TIME:       0.055963  s ] <<<<< ..

.. >>>>> [ IO READ: ao_integrals_threshold ] <<<<< ..

.. >>>>> [ RES  MEM :       0.008015 GB ] [ VIRT MEM :       0.255539 GB ] <<<<< ..
.. >>>>> [ WALL TIME:       0.020866  s ] [ CPU  TIME:       0.056896  s ] <<<<< ..

.. >>>>> [ IO READ: ao_nucl ] <<<<< ..

.. >>>>> [ RES  MEM :       0.008015 GB ] [ VIRT MEM :       0.255539 GB ] <<<<< ..
.. >>>>> [ WALL TIME:       0.021175  s ] [ CPU  TIME:       0.057608  s ] <<<<< ..

.. >>>>> [ IO READ: is_periodic ] <<<<< ..

.. >>>>> [ RES  MEM :       0.008015 GB ] [ VIRT MEM :       0.404121 GB ] <<<<< ..
.. >>>>> [ WALL TIME:       0.038733  s ] [ CPU  TIME:       0.108669  s ] <<<<< ..

.. >>>>> [ IO READ: nucl_num ] <<<<< ..

.. >>>>> [ RES  MEM :       0.008015 GB ] [ VIRT MEM :       0.404121 GB ] <<<<< ..
.. >>>>> [ WALL TIME:       0.039533  s ] [ CPU  TIME:       0.109476  s ] <<<<< ..

.. >>>>> [ IO READ: nucl_label ] <<<<< ..

.. >>>>> [ RES  MEM :       0.008015 GB ] [ VIRT MEM :       0.404121 GB ] <<<<< ..
.. >>>>> [ WALL TIME:       0.039790  s ] [ CPU  TIME:       0.109672  s ] <<<<< ..

.. >>>>> [ IO READ: nucl_charge ] <<<<< ..

.. >>>>> [ RES  MEM :       0.008015 GB ] [ VIRT MEM :       0.404121 GB ] <<<<< ..
.. >>>>> [ WALL TIME:       0.040006  s ] [ CPU  TIME:       0.109827  s ] <<<<< ..


.. >>>>> [ RES  MEM :       0.008015 GB ] [ VIRT MEM :       0.404121 GB ] <<<<< ..
.. >>>>> [ WALL TIME:       0.040228  s ] [ CPU  TIME:       0.109989  s ] <<<<< ..


Nuclear Coordinates (Angstroms)
===============================

================ ============ ============ ============ ============
      Atom          Charge          X            Y            Z 
================ ============ ============ ============ ============
He                   2.000000     0.000000     0.000000     0.000000
================ ============ ============ ============ ============

 Sorting the map
 AO integrals provided:
  Size of AO map :            8.5845947265625000E-002 MB
  Number of AO integrals :                 7966
  cpu  time :  0.14320200000000000      s
  wall time :   7.8809323997120373E-002 s  ( x    1.8170692595362508       )
 
 AO -> MO integrals transformation
 ---------------------------------
 
.. >>>>> [ IO READ: mo_integrals_threshold ] <<<<< ..

.. >>>>> [ RES  MEM :       0.009682 GB ] [ VIRT MEM :       0.466770 GB ] <<<<< ..
.. >>>>> [ WALL TIME:       0.098074  s ] [ CPU  TIME:       0.199526  s ] <<<<< ..

 Buffers :   0.459625244     MB / core
.. >>>>> [ IO READ: io_ao_integrals_overlap ] <<<<< ..

.. >>>>> [ RES  MEM :       0.009682 GB ] [ VIRT MEM :       0.466953 GB ] <<<<< ..
.. >>>>> [ WALL TIME:       0.099029  s ] [ CPU  TIME:       0.203515  s ] <<<<< ..

 Molecular integrals provided:
  Size of MO map             0.36462402343750000      MB
  Number of MO integrals:                 19121
  cpu  time :  0.18551899999999999      s
  wall time :   5.5257747000723612E-002 s  ( x    3.3573391980235927      )
.. >>>>> [ IO READ: do_pseudo ] <<<<< ..

.. >>>>> [ RES  MEM :       0.023701 GB ] [ VIRT MEM :       2.467438 GB ] <<<<< ..
.. >>>>> [ WALL TIME:       0.169807  s ] [ CPU  TIME:       0.451860  s ] <<<<< ..

 Providing the one-electron integrals
.. >>>>> [ IO READ: s2_eig ] <<<<< ..

.. >>>>> [ RES  MEM :       0.025330 GB ] [ VIRT MEM :       2.467438 GB ] <<<<< ..
.. >>>>> [ WALL TIME:       0.174912  s ] [ CPU  TIME:       0.471976  s ] <<<<< ..

 Diagonalization of H using Lapack
.. >>>>> [ IO READ: only_expected_s2 ] <<<<< ..

.. >>>>> [ RES  MEM :       0.025330 GB ] [ VIRT MEM :       2.468296 GB ] <<<<< ..
.. >>>>> [ WALL TIME:       0.175164  s ] [ CPU  TIME:       0.472543  s ] <<<<< ..

.. >>>>> [ IO READ: io_nuclear_repulsion ] <<<<< ..

.. >>>>> [ RES  MEM :       0.030277 GB ] [ VIRT MEM :       2.469948 GB ] <<<<< ..
.. >>>>> [ WALL TIME:       0.387324  s ] [ CPU  TIME:       1.020920  s ] <<<<< ..


.. >>>>> [ RES  MEM :       0.030277 GB ] [ VIRT MEM :       2.469948 GB ] <<<<< ..
.. >>>>> [ WALL TIME:       0.387504  s ] [ CPU  TIME:       1.021185  s ] <<<<< ..

* Nuclear repulsion energy                           0.000000000000000    

.. >>>>> [ RES  MEM :       0.030277 GB ] [ VIRT MEM :       2.469948 GB ] <<<<< ..
.. >>>>> [ WALL TIME:       0.387706  s ] [ CPU  TIME:       1.021446  s ] <<<<< ..

* Energy of state    1                              -2.900597922921967    
* S^2 of state    1                                 0.1486695821099266E-28
.. >>>>> [ IO READ: distributed_davidson ] <<<<< ..

.. >>>>> [ RES  MEM :       0.030277 GB ] [ VIRT MEM :       2.469948 GB ] <<<<< ..
.. >>>>> [ WALL TIME:       0.387970  s ] [ CPU  TIME:       1.022513  s ] <<<<< ..

.. >>>>> [ IO READ: weight_one_e_dm ] <<<<< ..

.. >>>>> [ RES  MEM :       0.030277 GB ] [ VIRT MEM :       2.469948 GB ] <<<<< ..
.. >>>>> [ WALL TIME:       0.388456  s ] [ CPU  TIME:       1.023268  s ] <<<<< ..

.. >>>>> [ IO READ: no_core_density ] <<<<< ..

.. >>>>> [ RES  MEM :       0.032654 GB ] [ VIRT MEM :       2.472336 GB ] <<<<< ..
.. >>>>> [ WALL TIME:       0.394361  s ] [ CPU  TIME:       1.044104  s ] <<<<< ..

* Number of inactive MOs                                         0
 Inactive MOs:

* Number of unique beta determinants                            23
* Number of unique alpha determinants                           23
* Number of active   MOs                                        23
 Active MOs:
           1           2           3           4           5           6           7           8           9          10          11          12          13          14          15          16          17          18          19          20          21          22          23
.. >>>>> [ IO READ: io_two_body_rdm_ab ] <<<<< ..

.. >>>>> [ RES  MEM :       0.032654 GB ] [ VIRT MEM :       2.477551 GB ] <<<<< ..
.. >>>>> [ WALL TIME:       0.395828  s ] [ CPU  TIME:       1.051655  s ] <<<<< ..

 
 Providing act_2_rdm_ab_mo 
 Wall time to provide act_2_rdm_ab_mo   7.0477929984917864E-003
* Number of core     MOs                                         0
 Core MOs:

.. >>>>> [ IO READ: my_grid_becke ] <<<<< ..

.. >>>>> [ RES  MEM :       0.039120 GB ] [ VIRT MEM :       2.483810 GB ] <<<<< ..
.. >>>>> [ WALL TIME:       0.409048  s ] [ CPU  TIME:       1.098245  s ] <<<<< ..

.. >>>>> [ IO READ: my_n_pt_a_grid ] <<<<< ..

.. >>>>> [ RES  MEM :       0.039120 GB ] [ VIRT MEM :       2.483810 GB ] <<<<< ..
.. >>>>> [ WALL TIME:       0.409254  s ] [ CPU  TIME:       1.098686  s ] <<<<< ..

.. >>>>> [ IO READ: my_n_pt_r_grid ] <<<<< ..

.. >>>>> [ RES  MEM :       0.039120 GB ] [ VIRT MEM :       2.483810 GB ] <<<<< ..
.. >>>>> [ WALL TIME:       0.409527  s ] [ CPU  TIME:       1.099032  s ] <<<<< ..

.. >>>>> [ IO READ: thresh_grid ] <<<<< ..

.. >>>>> [ RES  MEM :       0.039120 GB ] [ VIRT MEM :       2.483810 GB ] <<<<< ..
.. >>>>> [ WALL TIME:       0.409951  s ] [ CPU  TIME:       1.099722  s ] <<<<< ..

 n_points_final_grid =         2072
 n max point         =         2146
.. >>>>> [ IO READ: mu_erf ] <<<<< ..

.. >>>>> [ RES  MEM :       0.039680 GB ] [ VIRT MEM :       2.484203 GB ] <<<<< ..
.. >>>>> [ WALL TIME:       0.416369  s ] [ CPU  TIME:       1.121528  s ] <<<<< ..

 Reading the right/left eigenvectors in the EZFIO....
 
 Providing act_2_rdm_ab_mo 
 Wall time to provide act_2_rdm_ab_mo   4.9637829979474191E-003
 
 Providing act_2_rdm_ab_mo 
 Wall time to provide act_2_rdm_ab_mo   5.1012799995078240E-003
 
 Providing act_2_rdm_ab_mo 
 Wall time to provide act_2_rdm_ab_mo   6.6261640022275969E-003
 <Phi | e^{2 j(r12,mu)} | Phi> =   0.39771766198935987     
 output = He_aug-cc-pvtz_0.3.cusp_wf_1
 output = He_aug-cc-pvtz_0.3.cusp_wf_2
 output = He_aug-cc-pvtz_0.3.cusp_wf_3
 output = He_aug-cc-pvtz_0.3.cusp_wf_4
 output = He_aug-cc-pvtz_0.3.cusp_wf_5
Wall time: 0:00:20

