Date: 01/10/2020 18:16:50
===============
Quantum Package
===============

Git Commit: minor modifs
Git Date  : Mon Sep 21 15:38:26 2020 +0200
Git SHA1  : ee267e27e9b6027ea76a05e2b43271cc8906fd55
EZFIO Dir : He_aug-cc-pvtz_3.0


Task server running : tcp://127.0.1.1:41279
.. >>>>> [ IO READ: read_rl_eigv ] <<<<< ..

.. >>>>> [ RES  MEM :       0.004078 GB ] [ VIRT MEM :       0.041355 GB ] <<<<< ..
.. >>>>> [ WALL TIME:       0.000240  s ] [ CPU  TIME:       0.003359  s ] <<<<< ..

.. >>>>> [ IO READ: io_ao_two_e_integrals ] <<<<< ..

.. >>>>> [ RES  MEM :       0.004078 GB ] [ VIRT MEM :       0.041355 GB ] <<<<< ..
.. >>>>> [ WALL TIME:       0.000670  s ] [ CPU  TIME:       0.003571  s ] <<<<< ..

.. >>>>> [ IO READ: io_mo_two_e_integrals ] <<<<< ..

.. >>>>> [ RES  MEM :       0.004078 GB ] [ VIRT MEM :       0.041355 GB ] <<<<< ..
.. >>>>> [ WALL TIME:       0.001002  s ] [ CPU  TIME:       0.003765  s ] <<<<< ..

.. >>>>> [ IO READ: io_ao_integrals_kinetic ] <<<<< ..

.. >>>>> [ RES  MEM :       0.004078 GB ] [ VIRT MEM :       0.041355 GB ] <<<<< ..
.. >>>>> [ WALL TIME:       0.001330  s ] [ CPU  TIME:       0.003953  s ] <<<<< ..

.. >>>>> [ IO READ: io_ao_integrals_n_e ] <<<<< ..

.. >>>>> [ RES  MEM :       0.004078 GB ] [ VIRT MEM :       0.041355 GB ] <<<<< ..
.. >>>>> [ WALL TIME:       0.001535  s ] [ CPU  TIME:       0.004096  s ] <<<<< ..

.. >>>>> [ IO READ: io_mo_integrals_kinetic ] <<<<< ..

.. >>>>> [ RES  MEM :       0.004078 GB ] [ VIRT MEM :       0.041355 GB ] <<<<< ..
.. >>>>> [ WALL TIME:       0.001938  s ] [ CPU  TIME:       0.004295  s ] <<<<< ..

.. >>>>> [ IO READ: io_mo_integrals_n_e ] <<<<< ..

.. >>>>> [ RES  MEM :       0.004078 GB ] [ VIRT MEM :       0.041355 GB ] <<<<< ..
.. >>>>> [ WALL TIME:       0.002120  s ] [ CPU  TIME:       0.004415  s ] <<<<< ..

.. >>>>> [ IO READ: io_mo_one_e_integrals ] <<<<< ..

.. >>>>> [ RES  MEM :       0.004078 GB ] [ VIRT MEM :       0.041355 GB ] <<<<< ..
.. >>>>> [ WALL TIME:       0.002290  s ] [ CPU  TIME:       0.004524  s ] <<<<< ..

.. >>>>> [ IO READ: read_wf ] <<<<< ..

.. >>>>> [ RES  MEM :       0.004078 GB ] [ VIRT MEM :       0.041355 GB ] <<<<< ..
.. >>>>> [ WALL TIME:       0.002665  s ] [ CPU  TIME:       0.004687  s ] <<<<< ..

.. >>>>> [ IO READ: n_states ] <<<<< ..

.. >>>>> [ RES  MEM :       0.004654 GB ] [ VIRT MEM :       0.041492 GB ] <<<<< ..
.. >>>>> [ WALL TIME:       0.002923  s ] [ CPU  TIME:       0.004927  s ] <<<<< ..

 * mo_label          Canonical
* Number of determinants                                       339
.. >>>>> [ IO READ: n_det_max_full ] <<<<< ..

.. >>>>> [ RES  MEM :       0.004654 GB ] [ VIRT MEM :       0.064941 GB ] <<<<< ..
.. >>>>> [ WALL TIME:       0.015480  s ] [ CPU  TIME:       0.033816  s ] <<<<< ..


.. >>>>> [ RES  MEM :       0.004654 GB ] [ VIRT MEM :       0.064941 GB ] <<<<< ..
.. >>>>> [ WALL TIME:       0.015687  s ] [ CPU  TIME:       0.034140  s ] <<<<< ..

 Read  n_states_diag
* Dimension of the psi arrays                               100000
 Read psi_coef         339           1
.. >>>>> [ IO READ: threshold_davidson ] <<<<< ..

.. >>>>> [ RES  MEM :       0.005760 GB ] [ VIRT MEM :       0.253189 GB ] <<<<< ..
.. >>>>> [ WALL TIME:       0.016824  s ] [ CPU  TIME:       0.036096  s ] <<<<< ..

* mo_num                                                        23
* N_int                                                          1
.. >>>>> [ IO READ: elec_beta_num ] <<<<< ..

.. >>>>> [ RES  MEM :       0.005760 GB ] [ VIRT MEM :       0.253189 GB ] <<<<< ..
.. >>>>> [ WALL TIME:       0.017323  s ] [ CPU  TIME:       0.038533  s ] <<<<< ..

.. >>>>> [ IO READ: elec_alpha_num ] <<<<< ..

.. >>>>> [ RES  MEM :       0.005760 GB ] [ VIRT MEM :       0.253189 GB ] <<<<< ..
.. >>>>> [ WALL TIME:       0.017561  s ] [ CPU  TIME:       0.038804  s ] <<<<< ..

.. >>>>> [ IO READ: ao_num ] <<<<< ..

.. >>>>> [ RES  MEM :       0.005760 GB ] [ VIRT MEM :       0.253189 GB ] <<<<< ..
.. >>>>> [ WALL TIME:       0.017970  s ] [ CPU  TIME:       0.039928  s ] <<<<< ..

 Read  mo_coef
 Read psi_det
 MO map initialized:                 38226
.. >>>>> [ IO READ: no_vvvv_integrals ] <<<<< ..

.. >>>>> [ RES  MEM :       0.007572 GB ] [ VIRT MEM :       0.255539 GB ] <<<<< ..
.. >>>>> [ WALL TIME:       0.024264  s ] [ CPU  TIME:       0.060698  s ] <<<<< ..

.. >>>>> [ IO READ: mo_class ] <<<<< ..

.. >>>>> [ RES  MEM :       0.007572 GB ] [ VIRT MEM :       0.255539 GB ] <<<<< ..
.. >>>>> [ WALL TIME:       0.026516  s ] [ CPU  TIME:       0.067893  s ] <<<<< ..

 AO map initialized :                 52975
 Providing the AO integrals
.. >>>>> [ IO READ: ao_prim_num ] <<<<< ..

.. >>>>> [ RES  MEM :       0.007572 GB ] [ VIRT MEM :       0.255539 GB ] <<<<< ..
.. >>>>> [ WALL TIME:       0.029603  s ] [ CPU  TIME:       0.074722  s ] <<<<< ..

.. >>>>> [ IO READ: ao_normalized ] <<<<< ..

.. >>>>> [ RES  MEM :       0.007992 GB ] [ VIRT MEM :       0.255539 GB ] <<<<< ..
.. >>>>> [ WALL TIME:       0.030334  s ] [ CPU  TIME:       0.077733  s ] <<<<< ..

.. >>>>> [ IO READ: primitives_normalized ] <<<<< ..

.. >>>>> [ RES  MEM :       0.007992 GB ] [ VIRT MEM :       0.255539 GB ] <<<<< ..
.. >>>>> [ WALL TIME:       0.030572  s ] [ CPU  TIME:       0.078005  s ] <<<<< ..

.. >>>>> [ IO READ: ao_coef ] <<<<< ..

.. >>>>> [ RES  MEM :       0.007992 GB ] [ VIRT MEM :       0.255539 GB ] <<<<< ..
.. >>>>> [ WALL TIME:       0.031003  s ] [ CPU  TIME:       0.081786  s ] <<<<< ..

.. >>>>> [ IO READ: ao_power ] <<<<< ..

.. >>>>> [ RES  MEM :       0.007992 GB ] [ VIRT MEM :       0.255539 GB ] <<<<< ..
.. >>>>> [ WALL TIME:       0.031331  s ] [ CPU  TIME:       0.082231  s ] <<<<< ..

.. >>>>> [ IO READ: ao_expo ] <<<<< ..

.. >>>>> [ RES  MEM :       0.007992 GB ] [ VIRT MEM :       0.255539 GB ] <<<<< ..
.. >>>>> [ WALL TIME:       0.031714  s ] [ CPU  TIME:       0.082791  s ] <<<<< ..

.. >>>>> [ IO READ: ao_integrals_threshold ] <<<<< ..

.. >>>>> [ RES  MEM :       0.007992 GB ] [ VIRT MEM :       0.255539 GB ] <<<<< ..
.. >>>>> [ WALL TIME:       0.032098  s ] [ CPU  TIME:       0.083346  s ] <<<<< ..

.. >>>>> [ IO READ: ao_nucl ] <<<<< ..

.. >>>>> [ RES  MEM :       0.007992 GB ] [ VIRT MEM :       0.255539 GB ] <<<<< ..
.. >>>>> [ WALL TIME:       0.032408  s ] [ CPU  TIME:       0.083757  s ] <<<<< ..

.. >>>>> [ IO READ: is_periodic ] <<<<< ..

.. >>>>> [ RES  MEM :       0.007992 GB ] [ VIRT MEM :       0.404121 GB ] <<<<< ..
.. >>>>> [ WALL TIME:       0.039960  s ] [ CPU  TIME:       0.108527  s ] <<<<< ..

.. >>>>> [ IO READ: nucl_num ] <<<<< ..

.. >>>>> [ RES  MEM :       0.007992 GB ] [ VIRT MEM :       0.404121 GB ] <<<<< ..
.. >>>>> [ WALL TIME:       0.040746  s ] [ CPU  TIME:       0.109311  s ] <<<<< ..

.. >>>>> [ IO READ: nucl_label ] <<<<< ..

.. >>>>> [ RES  MEM :       0.007992 GB ] [ VIRT MEM :       0.404121 GB ] <<<<< ..
.. >>>>> [ WALL TIME:       0.040988  s ] [ CPU  TIME:       0.109494  s ] <<<<< ..

.. >>>>> [ IO READ: nucl_charge ] <<<<< ..

.. >>>>> [ RES  MEM :       0.007992 GB ] [ VIRT MEM :       0.404121 GB ] <<<<< ..
.. >>>>> [ WALL TIME:       0.041193  s ] [ CPU  TIME:       0.109638  s ] <<<<< ..


.. >>>>> [ RES  MEM :       0.007992 GB ] [ VIRT MEM :       0.404121 GB ] <<<<< ..
.. >>>>> [ WALL TIME:       0.041395  s ] [ CPU  TIME:       0.109778  s ] <<<<< ..


Nuclear Coordinates (Angstroms)
===============================

================ ============ ============ ============ ============
      Atom          Charge          X            Y            Z 
================ ============ ============ ============ ============
He                   2.000000     0.000000     0.000000     0.000000
================ ============ ============ ============ ============

 Sorting the map
 AO integrals provided:
  Size of AO map :            8.5845947265625000E-002 MB
  Number of AO integrals :                 7966
  cpu  time :  0.10245500000000000      s
  wall time :   6.3762539000890683E-002 s  ( x    1.6068212089008695       )
 
 AO -> MO integrals transformation
 ---------------------------------
 
.. >>>>> [ IO READ: mo_integrals_threshold ] <<<<< ..

.. >>>>> [ RES  MEM :       0.009708 GB ] [ VIRT MEM :       0.466770 GB ] <<<<< ..
.. >>>>> [ WALL TIME:       0.091125  s ] [ CPU  TIME:       0.172211  s ] <<<<< ..

 Buffers :   0.459625244     MB / core
.. >>>>> [ IO READ: io_ao_integrals_overlap ] <<<<< ..

.. >>>>> [ RES  MEM :       0.009708 GB ] [ VIRT MEM :       0.466953 GB ] <<<<< ..
.. >>>>> [ WALL TIME:       0.091509  s ] [ CPU  TIME:       0.173355  s ] <<<<< ..

 Molecular integrals provided:
  Size of MO map             0.36489105224609375      MB
  Number of MO integrals:                 19117
  cpu  time :  0.18229599999999999      s
  wall time :   5.8876130999124143E-002 s  ( x    3.0962632378597004      )
.. >>>>> [ IO READ: do_pseudo ] <<<<< ..

.. >>>>> [ RES  MEM :       0.023125 GB ] [ VIRT MEM :       2.466839 GB ] <<<<< ..
.. >>>>> [ WALL TIME:       0.162579  s ] [ CPU  TIME:       0.408024  s ] <<<<< ..

 Providing the one-electron integrals
.. >>>>> [ IO READ: s2_eig ] <<<<< ..

.. >>>>> [ RES  MEM :       0.024555 GB ] [ VIRT MEM :       2.466839 GB ] <<<<< ..
.. >>>>> [ WALL TIME:       0.171909  s ] [ CPU  TIME:       0.440304  s ] <<<<< ..

 Diagonalization of H using Lapack
.. >>>>> [ IO READ: only_expected_s2 ] <<<<< ..

.. >>>>> [ RES  MEM :       0.024555 GB ] [ VIRT MEM :       2.467697 GB ] <<<<< ..
.. >>>>> [ WALL TIME:       0.172132  s ] [ CPU  TIME:       0.440796  s ] <<<<< ..

.. >>>>> [ IO READ: io_nuclear_repulsion ] <<<<< ..

.. >>>>> [ RES  MEM :       0.030041 GB ] [ VIRT MEM :       2.469501 GB ] <<<<< ..
.. >>>>> [ WALL TIME:       0.397030  s ] [ CPU  TIME:       1.026821  s ] <<<<< ..


.. >>>>> [ RES  MEM :       0.030041 GB ] [ VIRT MEM :       2.469501 GB ] <<<<< ..
.. >>>>> [ WALL TIME:       0.397249  s ] [ CPU  TIME:       1.027127  s ] <<<<< ..

* Nuclear repulsion energy                           0.000000000000000    

.. >>>>> [ RES  MEM :       0.030041 GB ] [ VIRT MEM :       2.469501 GB ] <<<<< ..
.. >>>>> [ WALL TIME:       0.397479  s ] [ CPU  TIME:       1.027441  s ] <<<<< ..

* Energy of state    1                              -2.900597922921952    
* S^2 of state    1                                 0.1759937518320088E-28
.. >>>>> [ IO READ: distributed_davidson ] <<<<< ..

.. >>>>> [ RES  MEM :       0.030041 GB ] [ VIRT MEM :       2.469501 GB ] <<<<< ..
.. >>>>> [ WALL TIME:       0.397859  s ] [ CPU  TIME:       1.027938  s ] <<<<< ..

.. >>>>> [ IO READ: weight_one_e_dm ] <<<<< ..

.. >>>>> [ RES  MEM :       0.030041 GB ] [ VIRT MEM :       2.469501 GB ] <<<<< ..
.. >>>>> [ WALL TIME:       0.398335  s ] [ CPU  TIME:       1.028681  s ] <<<<< ..

.. >>>>> [ IO READ: no_core_density ] <<<<< ..

.. >>>>> [ RES  MEM :       0.032417 GB ] [ VIRT MEM :       2.471886 GB ] <<<<< ..
.. >>>>> [ WALL TIME:       0.404518  s ] [ CPU  TIME:       1.055832  s ] <<<<< ..

* Number of inactive MOs                                         0
 Inactive MOs:

* Number of unique beta determinants                            23
* Number of unique alpha determinants                           23
* Number of active   MOs                                        23
 Active MOs:
           1           2           3           4           5           6           7           8           9          10          11          12          13          14          15          16          17          18          19          20          21          22          23
.. >>>>> [ IO READ: io_two_body_rdm_ab ] <<<<< ..

.. >>>>> [ RES  MEM :       0.032417 GB ] [ VIRT MEM :       2.477104 GB ] <<<<< ..
.. >>>>> [ WALL TIME:       0.405924  s ] [ CPU  TIME:       1.059248  s ] <<<<< ..

 
 Providing act_2_rdm_ab_mo 
 Wall time to provide act_2_rdm_ab_mo   6.0165360009705182E-003
* Number of core     MOs                                         0
 Core MOs:

.. >>>>> [ IO READ: my_grid_becke ] <<<<< ..

.. >>>>> [ RES  MEM :       0.038826 GB ] [ VIRT MEM :       2.483364 GB ] <<<<< ..
.. >>>>> [ WALL TIME:       0.418759  s ] [ CPU  TIME:       1.103765  s ] <<<<< ..

.. >>>>> [ IO READ: my_n_pt_a_grid ] <<<<< ..

.. >>>>> [ RES  MEM :       0.038826 GB ] [ VIRT MEM :       2.483364 GB ] <<<<< ..
.. >>>>> [ WALL TIME:       0.419052  s ] [ CPU  TIME:       1.108482  s ] <<<<< ..

.. >>>>> [ IO READ: my_n_pt_r_grid ] <<<<< ..

.. >>>>> [ RES  MEM :       0.038826 GB ] [ VIRT MEM :       2.483364 GB ] <<<<< ..
.. >>>>> [ WALL TIME:       0.419295  s ] [ CPU  TIME:       1.109415  s ] <<<<< ..

.. >>>>> [ IO READ: thresh_grid ] <<<<< ..

.. >>>>> [ RES  MEM :       0.038826 GB ] [ VIRT MEM :       2.483364 GB ] <<<<< ..
.. >>>>> [ WALL TIME:       0.420392  s ] [ CPU  TIME:       1.111564  s ] <<<<< ..

 n_points_final_grid =         2072
 n max point         =         2146
.. >>>>> [ IO READ: mu_erf ] <<<<< ..

.. >>>>> [ RES  MEM :       0.039387 GB ] [ VIRT MEM :       2.483894 GB ] <<<<< ..
.. >>>>> [ WALL TIME:       0.425851  s ] [ CPU  TIME:       1.128329  s ] <<<<< ..

 Reading the right/left eigenvectors in the EZFIO....
 
 Providing act_2_rdm_ab_mo 
 Wall time to provide act_2_rdm_ab_mo   4.7542569991492201E-003
 
 Providing act_2_rdm_ab_mo 
 Wall time to provide act_2_rdm_ab_mo   4.6587530014221556E-003
 
 Providing act_2_rdm_ab_mo 
 Wall time to provide act_2_rdm_ab_mo   6.6565000015543774E-003
 <Phi | e^{2 j(r12,mu)} | Phi> =   0.99877993376190632     
 output = He_aug-cc-pvtz_3.0.cusp_wf_1
 output = He_aug-cc-pvtz_3.0.cusp_wf_2
 output = He_aug-cc-pvtz_3.0.cusp_wf_3
 output = He_aug-cc-pvtz_3.0.cusp_wf_4
 output = He_aug-cc-pvtz_3.0.cusp_wf_5
Wall time: 0:00:19

