Date: 01/10/2020 18:16:11
===============
Quantum Package
===============

Git Commit: minor modifs
Git Date  : Mon Sep 21 15:38:26 2020 +0200
Git SHA1  : ee267e27e9b6027ea76a05e2b43271cc8906fd55
EZFIO Dir : He_aug-cc-pvtz_1.6


Task server running : tcp://127.0.1.1:41279
.. >>>>> [ IO READ: read_rl_eigv ] <<<<< ..

.. >>>>> [ RES  MEM :       0.004078 GB ] [ VIRT MEM :       0.041355 GB ] <<<<< ..
.. >>>>> [ WALL TIME:       0.000195  s ] [ CPU  TIME:       0.002358  s ] <<<<< ..

.. >>>>> [ IO READ: io_ao_two_e_integrals ] <<<<< ..

.. >>>>> [ RES  MEM :       0.004078 GB ] [ VIRT MEM :       0.041355 GB ] <<<<< ..
.. >>>>> [ WALL TIME:       0.000524  s ] [ CPU  TIME:       0.002518  s ] <<<<< ..

.. >>>>> [ IO READ: io_mo_two_e_integrals ] <<<<< ..

.. >>>>> [ RES  MEM :       0.004078 GB ] [ VIRT MEM :       0.041355 GB ] <<<<< ..
.. >>>>> [ WALL TIME:       0.000842  s ] [ CPU  TIME:       0.002665  s ] <<<<< ..

.. >>>>> [ IO READ: io_ao_integrals_kinetic ] <<<<< ..

.. >>>>> [ RES  MEM :       0.004078 GB ] [ VIRT MEM :       0.041355 GB ] <<<<< ..
.. >>>>> [ WALL TIME:       0.001120  s ] [ CPU  TIME:       0.002816  s ] <<<<< ..

.. >>>>> [ IO READ: io_ao_integrals_n_e ] <<<<< ..

.. >>>>> [ RES  MEM :       0.004078 GB ] [ VIRT MEM :       0.041355 GB ] <<<<< ..
.. >>>>> [ WALL TIME:       0.001294  s ] [ CPU  TIME:       0.002929  s ] <<<<< ..

.. >>>>> [ IO READ: io_mo_integrals_kinetic ] <<<<< ..

.. >>>>> [ RES  MEM :       0.004078 GB ] [ VIRT MEM :       0.041355 GB ] <<<<< ..
.. >>>>> [ WALL TIME:       0.001670  s ] [ CPU  TIME:       0.003074  s ] <<<<< ..

.. >>>>> [ IO READ: io_mo_integrals_n_e ] <<<<< ..

.. >>>>> [ RES  MEM :       0.004078 GB ] [ VIRT MEM :       0.041355 GB ] <<<<< ..
.. >>>>> [ WALL TIME:       0.001831  s ] [ CPU  TIME:       0.003174  s ] <<<<< ..

.. >>>>> [ IO READ: io_mo_one_e_integrals ] <<<<< ..

.. >>>>> [ RES  MEM :       0.004078 GB ] [ VIRT MEM :       0.041355 GB ] <<<<< ..
.. >>>>> [ WALL TIME:       0.001991  s ] [ CPU  TIME:       0.003273  s ] <<<<< ..

.. >>>>> [ IO READ: read_wf ] <<<<< ..

.. >>>>> [ RES  MEM :       0.004078 GB ] [ VIRT MEM :       0.041355 GB ] <<<<< ..
.. >>>>> [ WALL TIME:       0.002322  s ] [ CPU  TIME:       0.003453  s ] <<<<< ..

.. >>>>> [ IO READ: n_states ] <<<<< ..

.. >>>>> [ RES  MEM :       0.004654 GB ] [ VIRT MEM :       0.041492 GB ] <<<<< ..
.. >>>>> [ WALL TIME:       0.002598  s ] [ CPU  TIME:       0.003669  s ] <<<<< ..

 * mo_label          Canonical
* Number of determinants                                       339
.. >>>>> [ IO READ: n_det_max_full ] <<<<< ..

.. >>>>> [ RES  MEM :       0.004654 GB ] [ VIRT MEM :       0.064941 GB ] <<<<< ..
.. >>>>> [ WALL TIME:       0.016333  s ] [ CPU  TIME:       0.030012  s ] <<<<< ..


.. >>>>> [ RES  MEM :       0.004654 GB ] [ VIRT MEM :       0.064941 GB ] <<<<< ..
.. >>>>> [ WALL TIME:       0.016586  s ] [ CPU  TIME:       0.030310  s ] <<<<< ..

 Read  n_states_diag
* Dimension of the psi arrays                               100000
 Read psi_coef         339           1
.. >>>>> [ IO READ: threshold_davidson ] <<<<< ..

.. >>>>> [ RES  MEM :       0.005760 GB ] [ VIRT MEM :       0.253189 GB ] <<<<< ..
.. >>>>> [ WALL TIME:       0.017951  s ] [ CPU  TIME:       0.037372  s ] <<<<< ..

* mo_num                                                        23
* N_int                                                          1
.. >>>>> [ IO READ: elec_beta_num ] <<<<< ..

.. >>>>> [ RES  MEM :       0.005760 GB ] [ VIRT MEM :       0.253189 GB ] <<<<< ..
.. >>>>> [ WALL TIME:       0.018534  s ] [ CPU  TIME:       0.039543  s ] <<<<< ..

.. >>>>> [ IO READ: elec_alpha_num ] <<<<< ..

.. >>>>> [ RES  MEM :       0.005760 GB ] [ VIRT MEM :       0.253189 GB ] <<<<< ..
.. >>>>> [ WALL TIME:       0.018803  s ] [ CPU  TIME:       0.039840  s ] <<<<< ..

.. >>>>> [ IO READ: ao_num ] <<<<< ..

.. >>>>> [ RES  MEM :       0.005760 GB ] [ VIRT MEM :       0.253189 GB ] <<<<< ..
.. >>>>> [ WALL TIME:       0.019262  s ] [ CPU  TIME:       0.040361  s ] <<<<< ..

 Read  mo_coef
 Read psi_det
 MO map initialized:                 38226
.. >>>>> [ IO READ: no_vvvv_integrals ] <<<<< ..

.. >>>>> [ RES  MEM :       0.007572 GB ] [ VIRT MEM :       0.255539 GB ] <<<<< ..
.. >>>>> [ WALL TIME:       0.024556  s ] [ CPU  TIME:       0.057449  s ] <<<<< ..

.. >>>>> [ IO READ: mo_class ] <<<<< ..

.. >>>>> [ RES  MEM :       0.007572 GB ] [ VIRT MEM :       0.255539 GB ] <<<<< ..
.. >>>>> [ WALL TIME:       0.030324  s ] [ CPU  TIME:       0.073724  s ] <<<<< ..

 AO map initialized :                 52975
 Providing the AO integrals
.. >>>>> [ IO READ: ao_prim_num ] <<<<< ..

.. >>>>> [ RES  MEM :       0.007572 GB ] [ VIRT MEM :       0.255539 GB ] <<<<< ..
.. >>>>> [ WALL TIME:       0.032219  s ] [ CPU  TIME:       0.076290  s ] <<<<< ..

.. >>>>> [ IO READ: ao_normalized ] <<<<< ..

.. >>>>> [ RES  MEM :       0.007992 GB ] [ VIRT MEM :       0.255539 GB ] <<<<< ..
.. >>>>> [ WALL TIME:       0.033047  s ] [ CPU  TIME:       0.079602  s ] <<<<< ..

.. >>>>> [ IO READ: primitives_normalized ] <<<<< ..

.. >>>>> [ RES  MEM :       0.007992 GB ] [ VIRT MEM :       0.255539 GB ] <<<<< ..
.. >>>>> [ WALL TIME:       0.033315  s ] [ CPU  TIME:       0.079901  s ] <<<<< ..

.. >>>>> [ IO READ: ao_coef ] <<<<< ..

.. >>>>> [ RES  MEM :       0.007992 GB ] [ VIRT MEM :       0.255539 GB ] <<<<< ..
.. >>>>> [ WALL TIME:       0.033773  s ] [ CPU  TIME:       0.080573  s ] <<<<< ..

.. >>>>> [ IO READ: ao_power ] <<<<< ..

.. >>>>> [ RES  MEM :       0.007992 GB ] [ VIRT MEM :       0.255539 GB ] <<<<< ..
.. >>>>> [ WALL TIME:       0.034131  s ] [ CPU  TIME:       0.081044  s ] <<<<< ..

.. >>>>> [ IO READ: ao_expo ] <<<<< ..

.. >>>>> [ RES  MEM :       0.007992 GB ] [ VIRT MEM :       0.255539 GB ] <<<<< ..
.. >>>>> [ WALL TIME:       0.034561  s ] [ CPU  TIME:       0.087072  s ] <<<<< ..

.. >>>>> [ IO READ: ao_integrals_threshold ] <<<<< ..

.. >>>>> [ RES  MEM :       0.007992 GB ] [ VIRT MEM :       0.255539 GB ] <<<<< ..
.. >>>>> [ WALL TIME:       0.034975  s ] [ CPU  TIME:       0.087658  s ] <<<<< ..

.. >>>>> [ IO READ: ao_nucl ] <<<<< ..

.. >>>>> [ RES  MEM :       0.007992 GB ] [ VIRT MEM :       0.255539 GB ] <<<<< ..
.. >>>>> [ WALL TIME:       0.035314  s ] [ CPU  TIME:       0.088091  s ] <<<<< ..

.. >>>>> [ IO READ: is_periodic ] <<<<< ..

.. >>>>> [ RES  MEM :       0.007992 GB ] [ VIRT MEM :       0.404121 GB ] <<<<< ..
.. >>>>> [ WALL TIME:       0.043386  s ] [ CPU  TIME:       0.113040  s ] <<<<< ..

.. >>>>> [ IO READ: nucl_num ] <<<<< ..

.. >>>>> [ RES  MEM :       0.007992 GB ] [ VIRT MEM :       0.404121 GB ] <<<<< ..
.. >>>>> [ WALL TIME:       0.044163  s ] [ CPU  TIME:       0.113822  s ] <<<<< ..

.. >>>>> [ IO READ: nucl_label ] <<<<< ..

.. >>>>> [ RES  MEM :       0.007992 GB ] [ VIRT MEM :       0.404121 GB ] <<<<< ..
.. >>>>> [ WALL TIME:       0.044420  s ] [ CPU  TIME:       0.114019  s ] <<<<< ..

.. >>>>> [ IO READ: nucl_charge ] <<<<< ..

.. >>>>> [ RES  MEM :       0.007992 GB ] [ VIRT MEM :       0.404121 GB ] <<<<< ..
.. >>>>> [ WALL TIME:       0.044638  s ] [ CPU  TIME:       0.114176  s ] <<<<< ..


.. >>>>> [ RES  MEM :       0.007992 GB ] [ VIRT MEM :       0.404121 GB ] <<<<< ..
.. >>>>> [ WALL TIME:       0.044851  s ] [ CPU  TIME:       0.114328  s ] <<<<< ..


Nuclear Coordinates (Angstroms)
===============================

================ ============ ============ ============ ============
      Atom          Charge          X            Y            Z 
================ ============ ============ ============ ============
He                   2.000000     0.000000     0.000000     0.000000
================ ============ ============ ============ ============

 Sorting the map
 AO integrals provided:
  Size of AO map :            8.5845947265625000E-002 MB
  Number of AO integrals :                 7966
  cpu  time :  0.10713100000000000      s
  wall time :   6.7618076998769538E-002 s  ( x    1.5843544323502352       )
 
 AO -> MO integrals transformation
 ---------------------------------
 
.. >>>>> [ IO READ: mo_integrals_threshold ] <<<<< ..

.. >>>>> [ RES  MEM :       0.009708 GB ] [ VIRT MEM :       0.466759 GB ] <<<<< ..
.. >>>>> [ WALL TIME:       0.098542  s ] [ CPU  TIME:       0.181641  s ] <<<<< ..

 Buffers :   0.459625244     MB / core
.. >>>>> [ IO READ: io_ao_integrals_overlap ] <<<<< ..

.. >>>>> [ RES  MEM :       0.010010 GB ] [ VIRT MEM :       0.466942 GB ] <<<<< ..
.. >>>>> [ WALL TIME:       0.098918  s ] [ CPU  TIME:       0.182699  s ] <<<<< ..

 Molecular integrals provided:
  Size of MO map             0.36466217041015625      MB
  Number of MO integrals:                 19121
  cpu  time :  0.18893799999999999      s
  wall time :   5.8019996999064460E-002 s  ( x    3.2564289860795150      )
.. >>>>> [ IO READ: do_pseudo ] <<<<< ..

.. >>>>> [ RES  MEM :       0.023956 GB ] [ VIRT MEM :       2.467125 GB ] <<<<< ..
.. >>>>> [ WALL TIME:       0.174475  s ] [ CPU  TIME:       0.439013  s ] <<<<< ..

 Providing the one-electron integrals
.. >>>>> [ IO READ: s2_eig ] <<<<< ..

.. >>>>> [ RES  MEM :       0.025650 GB ] [ VIRT MEM :       2.467125 GB ] <<<<< ..
.. >>>>> [ WALL TIME:       0.179490  s ] [ CPU  TIME:       0.457503  s ] <<<<< ..

 Diagonalization of H using Lapack
.. >>>>> [ IO READ: only_expected_s2 ] <<<<< ..

.. >>>>> [ RES  MEM :       0.025650 GB ] [ VIRT MEM :       2.467983 GB ] <<<<< ..
.. >>>>> [ WALL TIME:       0.179675  s ] [ CPU  TIME:       0.457901  s ] <<<<< ..

.. >>>>> [ IO READ: io_nuclear_repulsion ] <<<<< ..

.. >>>>> [ RES  MEM :       0.029675 GB ] [ VIRT MEM :       2.469494 GB ] <<<<< ..
.. >>>>> [ WALL TIME:       0.405946  s ] [ CPU  TIME:       1.047891  s ] <<<<< ..


.. >>>>> [ RES  MEM :       0.029675 GB ] [ VIRT MEM :       2.469494 GB ] <<<<< ..
.. >>>>> [ WALL TIME:       0.406119  s ] [ CPU  TIME:       1.048333  s ] <<<<< ..

* Nuclear repulsion energy                           0.000000000000000    

.. >>>>> [ RES  MEM :       0.029675 GB ] [ VIRT MEM :       2.469494 GB ] <<<<< ..
.. >>>>> [ WALL TIME:       0.406312  s ] [ CPU  TIME:       1.050804  s ] <<<<< ..

* Energy of state    1                              -2.900597922921975    
* S^2 of state    1                                 0.3244418851950860E-28
.. >>>>> [ IO READ: distributed_davidson ] <<<<< ..

.. >>>>> [ RES  MEM :       0.029675 GB ] [ VIRT MEM :       2.469494 GB ] <<<<< ..
.. >>>>> [ WALL TIME:       0.406643  s ] [ CPU  TIME:       1.051306  s ] <<<<< ..

.. >>>>> [ IO READ: weight_one_e_dm ] <<<<< ..

.. >>>>> [ RES  MEM :       0.029675 GB ] [ VIRT MEM :       2.469494 GB ] <<<<< ..
.. >>>>> [ WALL TIME:       0.407111  s ] [ CPU  TIME:       1.052047  s ] <<<<< ..

.. >>>>> [ IO READ: no_core_density ] <<<<< ..

.. >>>>> [ RES  MEM :       0.032051 GB ] [ VIRT MEM :       2.471878 GB ] <<<<< ..
.. >>>>> [ WALL TIME:       0.413235  s ] [ CPU  TIME:       1.074704  s ] <<<<< ..

* Number of inactive MOs                                         0
 Inactive MOs:

* Number of unique beta determinants                            23
* Number of unique alpha determinants                           23
* Number of active   MOs                                        23
 Active MOs:
           1           2           3           4           5           6           7           8           9          10          11          12          13          14          15          16          17          18          19          20          21          22          23
.. >>>>> [ IO READ: io_two_body_rdm_ab ] <<<<< ..

.. >>>>> [ RES  MEM :       0.032051 GB ] [ VIRT MEM :       2.477093 GB ] <<<<< ..
.. >>>>> [ WALL TIME:       0.414639  s ] [ CPU  TIME:       1.081912  s ] <<<<< ..

 
 Providing act_2_rdm_ab_mo 
 Wall time to provide act_2_rdm_ab_mo   6.3117339996097144E-003
* Number of core     MOs                                         0
 Core MOs:

.. >>>>> [ IO READ: my_grid_becke ] <<<<< ..

.. >>>>> [ RES  MEM :       0.038460 GB ] [ VIRT MEM :       2.483353 GB ] <<<<< ..
.. >>>>> [ WALL TIME:       0.427972  s ] [ CPU  TIME:       1.127244  s ] <<<<< ..

.. >>>>> [ IO READ: my_n_pt_a_grid ] <<<<< ..

.. >>>>> [ RES  MEM :       0.038460 GB ] [ VIRT MEM :       2.483353 GB ] <<<<< ..
.. >>>>> [ WALL TIME:       0.428158  s ] [ CPU  TIME:       1.127849  s ] <<<<< ..

.. >>>>> [ IO READ: my_n_pt_r_grid ] <<<<< ..

.. >>>>> [ RES  MEM :       0.038460 GB ] [ VIRT MEM :       2.483353 GB ] <<<<< ..
.. >>>>> [ WALL TIME:       0.428415  s ] [ CPU  TIME:       1.128187  s ] <<<<< ..

.. >>>>> [ IO READ: thresh_grid ] <<<<< ..

.. >>>>> [ RES  MEM :       0.038460 GB ] [ VIRT MEM :       2.483353 GB ] <<<<< ..
.. >>>>> [ WALL TIME:       0.428882  s ] [ CPU  TIME:       1.128952  s ] <<<<< ..

 n_points_final_grid =         2072
 n max point         =         2146
.. >>>>> [ IO READ: mu_erf ] <<<<< ..

.. >>>>> [ RES  MEM :       0.039021 GB ] [ VIRT MEM :       2.483902 GB ] <<<<< ..
.. >>>>> [ WALL TIME:       0.436707  s ] [ CPU  TIME:       1.152730  s ] <<<<< ..

 Reading the right/left eigenvectors in the EZFIO....
 
 Providing act_2_rdm_ab_mo 
 Wall time to provide act_2_rdm_ab_mo   5.4244889979599975E-003
 
 Providing act_2_rdm_ab_mo 
 Wall time to provide act_2_rdm_ab_mo   4.5566410008177627E-003
 
 Providing act_2_rdm_ab_mo 
 Wall time to provide act_2_rdm_ab_mo   5.4631889979646076E-003
 <Phi | e^{2 j(r12,mu)} | Phi> =   0.98804862641059832     
 output = He_aug-cc-pvtz_1.6.cusp_wf_1
 output = He_aug-cc-pvtz_1.6.cusp_wf_2
 output = He_aug-cc-pvtz_1.6.cusp_wf_3
 output = He_aug-cc-pvtz_1.6.cusp_wf_4
 output = He_aug-cc-pvtz_1.6.cusp_wf_5
Wall time: 0:00:19

