Date: 01/10/2020 18:14:52
===============
Quantum Package
===============

Git Commit: minor modifs
Git Date  : Mon Sep 21 15:38:26 2020 +0200
Git SHA1  : ee267e27e9b6027ea76a05e2b43271cc8906fd55
EZFIO Dir : He_aug-cc-pvtz_0.35


Task server running : tcp://127.0.1.1:41279
.. >>>>> [ IO READ: read_rl_eigv ] <<<<< ..

.. >>>>> [ RES  MEM :       0.004131 GB ] [ VIRT MEM :       0.041355 GB ] <<<<< ..
.. >>>>> [ WALL TIME:       0.000213  s ] [ CPU  TIME:       0.002668  s ] <<<<< ..

.. >>>>> [ IO READ: io_ao_two_e_integrals ] <<<<< ..

.. >>>>> [ RES  MEM :       0.004131 GB ] [ VIRT MEM :       0.041355 GB ] <<<<< ..
.. >>>>> [ WALL TIME:       0.000621  s ] [ CPU  TIME:       0.002852  s ] <<<<< ..

.. >>>>> [ IO READ: io_mo_two_e_integrals ] <<<<< ..

.. >>>>> [ RES  MEM :       0.004131 GB ] [ VIRT MEM :       0.041355 GB ] <<<<< ..
.. >>>>> [ WALL TIME:       0.000953  s ] [ CPU  TIME:       0.003019  s ] <<<<< ..

.. >>>>> [ IO READ: io_ao_integrals_kinetic ] <<<<< ..

.. >>>>> [ RES  MEM :       0.004131 GB ] [ VIRT MEM :       0.041355 GB ] <<<<< ..
.. >>>>> [ WALL TIME:       0.001288  s ] [ CPU  TIME:       0.003186  s ] <<<<< ..

.. >>>>> [ IO READ: io_ao_integrals_n_e ] <<<<< ..

.. >>>>> [ RES  MEM :       0.004131 GB ] [ VIRT MEM :       0.041355 GB ] <<<<< ..
.. >>>>> [ WALL TIME:       0.001471  s ] [ CPU  TIME:       0.003308  s ] <<<<< ..

.. >>>>> [ IO READ: io_mo_integrals_kinetic ] <<<<< ..

.. >>>>> [ RES  MEM :       0.004131 GB ] [ VIRT MEM :       0.041355 GB ] <<<<< ..
.. >>>>> [ WALL TIME:       0.001865  s ] [ CPU  TIME:       0.003519  s ] <<<<< ..

.. >>>>> [ IO READ: io_mo_integrals_n_e ] <<<<< ..

.. >>>>> [ RES  MEM :       0.004131 GB ] [ VIRT MEM :       0.041355 GB ] <<<<< ..
.. >>>>> [ WALL TIME:       0.002050  s ] [ CPU  TIME:       0.003644  s ] <<<<< ..

.. >>>>> [ IO READ: io_mo_one_e_integrals ] <<<<< ..

.. >>>>> [ RES  MEM :       0.004131 GB ] [ VIRT MEM :       0.041355 GB ] <<<<< ..
.. >>>>> [ WALL TIME:       0.002224  s ] [ CPU  TIME:       0.003757  s ] <<<<< ..

.. >>>>> [ IO READ: read_wf ] <<<<< ..

.. >>>>> [ RES  MEM :       0.004131 GB ] [ VIRT MEM :       0.041355 GB ] <<<<< ..
.. >>>>> [ WALL TIME:       0.002627  s ] [ CPU  TIME:       0.003922  s ] <<<<< ..

.. >>>>> [ IO READ: n_states ] <<<<< ..

.. >>>>> [ RES  MEM :       0.004826 GB ] [ VIRT MEM :       0.041492 GB ] <<<<< ..
.. >>>>> [ WALL TIME:       0.002927  s ] [ CPU  TIME:       0.004161  s ] <<<<< ..

 * mo_label          Canonical
* Number of determinants                                       339
.. >>>>> [ IO READ: n_det_max_full ] <<<<< ..

.. >>>>> [ RES  MEM :       0.004826 GB ] [ VIRT MEM :       0.064941 GB ] <<<<< ..
.. >>>>> [ WALL TIME:       0.019225  s ] [ CPU  TIME:       0.045465  s ] <<<<< ..


.. >>>>> [ RES  MEM :       0.004826 GB ] [ VIRT MEM :       0.064941 GB ] <<<<< ..
.. >>>>> [ WALL TIME:       0.019569  s ] [ CPU  TIME:       0.045586  s ] <<<<< ..

 Read  n_states_diag
* Dimension of the psi arrays                               100000
 Read psi_coef         339           1
.. >>>>> [ IO READ: threshold_davidson ] <<<<< ..

.. >>>>> [ RES  MEM :       0.005966 GB ] [ VIRT MEM :       0.253189 GB ] <<<<< ..
.. >>>>> [ WALL TIME:       0.020976  s ] [ CPU  TIME:       0.051480  s ] <<<<< ..

* mo_num                                                        23
* N_int                                                          1
.. >>>>> [ IO READ: elec_beta_num ] <<<<< ..

.. >>>>> [ RES  MEM :       0.005966 GB ] [ VIRT MEM :       0.253189 GB ] <<<<< ..
.. >>>>> [ WALL TIME:       0.028860  s ] [ CPU  TIME:       0.071125  s ] <<<<< ..

.. >>>>> [ IO READ: elec_alpha_num ] <<<<< ..

.. >>>>> [ RES  MEM :       0.005966 GB ] [ VIRT MEM :       0.253189 GB ] <<<<< ..
.. >>>>> [ WALL TIME:       0.031804  s ] [ CPU  TIME:       0.087645  s ] <<<<< ..

.. >>>>> [ IO READ: ao_num ] <<<<< ..

.. >>>>> [ RES  MEM :       0.005966 GB ] [ VIRT MEM :       0.253189 GB ] <<<<< ..
.. >>>>> [ WALL TIME:       0.032436  s ] [ CPU  TIME:       0.087844  s ] <<<<< ..

 Read  mo_coef
 Read psi_det
 MO map initialized:                 38226
.. >>>>> [ IO READ: no_vvvv_integrals ] <<<<< ..

.. >>>>> [ RES  MEM :       0.007782 GB ] [ VIRT MEM :       0.255539 GB ] <<<<< ..
.. >>>>> [ WALL TIME:       0.035505  s ] [ CPU  TIME:       0.097483  s ] <<<<< ..

.. >>>>> [ IO READ: mo_class ] <<<<< ..

.. >>>>> [ RES  MEM :       0.007782 GB ] [ VIRT MEM :       0.255539 GB ] <<<<< ..
.. >>>>> [ WALL TIME:       0.035988  s ] [ CPU  TIME:       0.097690  s ] <<<<< ..

 AO map initialized :                 52975
 Providing the AO integrals
.. >>>>> [ IO READ: ao_prim_num ] <<<<< ..

.. >>>>> [ RES  MEM :       0.008202 GB ] [ VIRT MEM :       0.255539 GB ] <<<<< ..
.. >>>>> [ WALL TIME:       0.036583  s ] [ CPU  TIME:       0.097914  s ] <<<<< ..

.. >>>>> [ IO READ: ao_normalized ] <<<<< ..

.. >>>>> [ RES  MEM :       0.008202 GB ] [ VIRT MEM :       0.255539 GB ] <<<<< ..
.. >>>>> [ WALL TIME:       0.036995  s ] [ CPU  TIME:       0.098055  s ] <<<<< ..

.. >>>>> [ IO READ: primitives_normalized ] <<<<< ..

.. >>>>> [ RES  MEM :       0.008202 GB ] [ VIRT MEM :       0.255539 GB ] <<<<< ..
.. >>>>> [ WALL TIME:       0.037387  s ] [ CPU  TIME:       0.098178  s ] <<<<< ..

.. >>>>> [ IO READ: ao_coef ] <<<<< ..

.. >>>>> [ RES  MEM :       0.008202 GB ] [ VIRT MEM :       0.255539 GB ] <<<<< ..
.. >>>>> [ WALL TIME:       0.037956  s ] [ CPU  TIME:       0.109766  s ] <<<<< ..

.. >>>>> [ IO READ: ao_power ] <<<<< ..

.. >>>>> [ RES  MEM :       0.008202 GB ] [ VIRT MEM :       0.255539 GB ] <<<<< ..
.. >>>>> [ WALL TIME:       0.039406  s ] [ CPU  TIME:       0.114417  s ] <<<<< ..

.. >>>>> [ IO READ: ao_expo ] <<<<< ..

.. >>>>> [ RES  MEM :       0.008202 GB ] [ VIRT MEM :       0.255539 GB ] <<<<< ..
.. >>>>> [ WALL TIME:       0.040059  s ] [ CPU  TIME:       0.114744  s ] <<<<< ..

.. >>>>> [ IO READ: ao_integrals_threshold ] <<<<< ..

.. >>>>> [ RES  MEM :       0.008202 GB ] [ VIRT MEM :       0.255539 GB ] <<<<< ..
.. >>>>> [ WALL TIME:       0.040609  s ] [ CPU  TIME:       0.115018  s ] <<<<< ..

.. >>>>> [ IO READ: ao_nucl ] <<<<< ..

.. >>>>> [ RES  MEM :       0.008202 GB ] [ VIRT MEM :       0.255539 GB ] <<<<< ..
.. >>>>> [ WALL TIME:       0.041081  s ] [ CPU  TIME:       0.115217  s ] <<<<< ..

.. >>>>> [ IO READ: is_periodic ] <<<<< ..

.. >>>>> [ RES  MEM :       0.008202 GB ] [ VIRT MEM :       0.404121 GB ] <<<<< ..
.. >>>>> [ WALL TIME:       0.055847  s ] [ CPU  TIME:       0.161456  s ] <<<<< ..

.. >>>>> [ IO READ: nucl_num ] <<<<< ..

.. >>>>> [ RES  MEM :       0.008202 GB ] [ VIRT MEM :       0.404121 GB ] <<<<< ..
.. >>>>> [ WALL TIME:       0.056783  s ] [ CPU  TIME:       0.162392  s ] <<<<< ..

.. >>>>> [ IO READ: nucl_label ] <<<<< ..

.. >>>>> [ RES  MEM :       0.008202 GB ] [ VIRT MEM :       0.404121 GB ] <<<<< ..
.. >>>>> [ WALL TIME:       0.057098  s ] [ CPU  TIME:       0.162650  s ] <<<<< ..

.. >>>>> [ IO READ: nucl_charge ] <<<<< ..

.. >>>>> [ RES  MEM :       0.008202 GB ] [ VIRT MEM :       0.404121 GB ] <<<<< ..
.. >>>>> [ WALL TIME:       0.057342  s ] [ CPU  TIME:       0.162834  s ] <<<<< ..


.. >>>>> [ RES  MEM :       0.008202 GB ] [ VIRT MEM :       0.404121 GB ] <<<<< ..
.. >>>>> [ WALL TIME:       0.057571  s ] [ CPU  TIME:       0.163002  s ] <<<<< ..


Nuclear Coordinates (Angstroms)
===============================

================ ============ ============ ============ ============
      Atom          Charge          X            Y            Z 
================ ============ ============ ============ ============
He                   2.000000     0.000000     0.000000     0.000000
================ ============ ============ ============ ============

 Sorting the map
 AO integrals provided:
  Size of AO map :            8.5845947265625000E-002 MB
  Number of AO integrals :                 7966
  cpu  time :  0.12893199999999999      s
  wall time :   7.3262696998426691E-002 s  ( x    1.7598587723677275       )
 
 AO -> MO integrals transformation
 ---------------------------------
 
.. >>>>> [ IO READ: mo_integrals_threshold ] <<<<< ..

.. >>>>> [ RES  MEM :       0.009876 GB ] [ VIRT MEM :       0.466770 GB ] <<<<< ..
.. >>>>> [ WALL TIME:       0.109719  s ] [ CPU  TIME:       0.227599  s ] <<<<< ..

 Buffers :   0.459625244     MB / core
.. >>>>> [ IO READ: io_ao_integrals_overlap ] <<<<< ..

.. >>>>> [ RES  MEM :       0.009876 GB ] [ VIRT MEM :       0.466953 GB ] <<<<< ..
.. >>>>> [ WALL TIME:       0.110073  s ] [ CPU  TIME:       0.228387  s ] <<<<< ..

 Molecular integrals provided:
  Size of MO map             0.36458587646484375      MB
  Number of MO integrals:                 19120
  cpu  time :  0.18294099999999999      s
  wall time :   5.7010609001736157E-002 s  ( x    3.2088939796175278      )
.. >>>>> [ IO READ: do_pseudo ] <<<<< ..

.. >>>>> [ RES  MEM :       0.024494 GB ] [ VIRT MEM :       2.467796 GB ] <<<<< ..
.. >>>>> [ WALL TIME:       0.183861  s ] [ CPU  TIME:       0.471205  s ] <<<<< ..

 Providing the one-electron integrals
.. >>>>> [ IO READ: s2_eig ] <<<<< ..

.. >>>>> [ RES  MEM :       0.025620 GB ] [ VIRT MEM :       2.467796 GB ] <<<<< ..
.. >>>>> [ WALL TIME:       0.189199  s ] [ CPU  TIME:       0.488030  s ] <<<<< ..

 Diagonalization of H using Lapack
.. >>>>> [ IO READ: only_expected_s2 ] <<<<< ..

.. >>>>> [ RES  MEM :       0.025620 GB ] [ VIRT MEM :       2.468655 GB ] <<<<< ..
.. >>>>> [ WALL TIME:       0.189490  s ] [ CPU  TIME:       0.488422  s ] <<<<< ..

.. >>>>> [ IO READ: io_nuclear_repulsion ] <<<<< ..

.. >>>>> [ RES  MEM :       0.030289 GB ] [ VIRT MEM :       2.470245 GB ] <<<<< ..
.. >>>>> [ WALL TIME:       0.411921  s ] [ CPU  TIME:       1.077695  s ] <<<<< ..


.. >>>>> [ RES  MEM :       0.030289 GB ] [ VIRT MEM :       2.470245 GB ] <<<<< ..
.. >>>>> [ WALL TIME:       0.412086  s ] [ CPU  TIME:       1.078124  s ] <<<<< ..

* Nuclear repulsion energy                           0.000000000000000    

.. >>>>> [ RES  MEM :       0.030289 GB ] [ VIRT MEM :       2.470245 GB ] <<<<< ..
.. >>>>> [ WALL TIME:       0.412257  s ] [ CPU  TIME:       1.078525  s ] <<<<< ..

* Energy of state    1                              -2.900597922921953    
* S^2 of state    1                                 0.7762809903038201E-28
.. >>>>> [ IO READ: distributed_davidson ] <<<<< ..

.. >>>>> [ RES  MEM :       0.030289 GB ] [ VIRT MEM :       2.470245 GB ] <<<<< ..
.. >>>>> [ WALL TIME:       0.412605  s ] [ CPU  TIME:       1.078975  s ] <<<<< ..

.. >>>>> [ IO READ: weight_one_e_dm ] <<<<< ..

.. >>>>> [ RES  MEM :       0.030289 GB ] [ VIRT MEM :       2.470245 GB ] <<<<< ..
.. >>>>> [ WALL TIME:       0.413044  s ] [ CPU  TIME:       1.079651  s ] <<<<< ..

.. >>>>> [ IO READ: no_core_density ] <<<<< ..

.. >>>>> [ RES  MEM :       0.032413 GB ] [ VIRT MEM :       2.472256 GB ] <<<<< ..
.. >>>>> [ WALL TIME:       0.418330  s ] [ CPU  TIME:       1.101688  s ] <<<<< ..

* Number of inactive MOs                                         0
 Inactive MOs:

* Number of unique beta determinants                            23
* Number of unique alpha determinants                           23
* Number of active   MOs                                        23
 Active MOs:
           1           2           3           4           5           6           7           8           9          10          11          12          13          14          15          16          17          18          19          20          21          22          23
.. >>>>> [ IO READ: io_two_body_rdm_ab ] <<<<< ..

.. >>>>> [ RES  MEM :       0.032413 GB ] [ VIRT MEM :       2.477470 GB ] <<<<< ..
.. >>>>> [ WALL TIME:       0.419662  s ] [ CPU  TIME:       1.104909  s ] <<<<< ..

 
 Providing act_2_rdm_ab_mo 
 Wall time to provide act_2_rdm_ab_mo   6.1925730005896185E-003
* Number of core     MOs                                         0
 Core MOs:

.. >>>>> [ IO READ: my_grid_becke ] <<<<< ..

.. >>>>> [ RES  MEM :       0.038822 GB ] [ VIRT MEM :       2.483730 GB ] <<<<< ..
.. >>>>> [ WALL TIME:       0.433479  s ] [ CPU  TIME:       1.153726  s ] <<<<< ..

.. >>>>> [ IO READ: my_n_pt_a_grid ] <<<<< ..

.. >>>>> [ RES  MEM :       0.038822 GB ] [ VIRT MEM :       2.483730 GB ] <<<<< ..
.. >>>>> [ WALL TIME:       0.433741  s ] [ CPU  TIME:       1.156580  s ] <<<<< ..

.. >>>>> [ IO READ: my_n_pt_r_grid ] <<<<< ..

.. >>>>> [ RES  MEM :       0.038822 GB ] [ VIRT MEM :       2.483730 GB ] <<<<< ..
.. >>>>> [ WALL TIME:       0.433986  s ] [ CPU  TIME:       1.156897  s ] <<<<< ..

.. >>>>> [ IO READ: thresh_grid ] <<<<< ..

.. >>>>> [ RES  MEM :       0.038822 GB ] [ VIRT MEM :       2.483730 GB ] <<<<< ..
.. >>>>> [ WALL TIME:       0.434447  s ] [ CPU  TIME:       1.157641  s ] <<<<< ..

 n_points_final_grid =         2072
 n max point         =         2146
.. >>>>> [ IO READ: mu_erf ] <<<<< ..

.. >>>>> [ RES  MEM :       0.039383 GB ] [ VIRT MEM :       2.484203 GB ] <<<<< ..
.. >>>>> [ WALL TIME:       0.441415  s ] [ CPU  TIME:       1.179857  s ] <<<<< ..

 Reading the right/left eigenvectors in the EZFIO....
 
 Providing act_2_rdm_ab_mo 
 Wall time to provide act_2_rdm_ab_mo   4.9937099975068122E-003
 
 Providing act_2_rdm_ab_mo 
 Wall time to provide act_2_rdm_ab_mo   4.5906029990874231E-003
 
 Providing act_2_rdm_ab_mo 
 Wall time to provide act_2_rdm_ab_mo   5.8357510024507064E-003
 <Phi | e^{2 j(r12,mu)} | Phi> =   0.49795713119625046     
 output = He_aug-cc-pvtz_0.35.cusp_wf_1
 output = He_aug-cc-pvtz_0.35.cusp_wf_2
 output = He_aug-cc-pvtz_0.35.cusp_wf_3
 output = He_aug-cc-pvtz_0.35.cusp_wf_4
 output = He_aug-cc-pvtz_0.35.cusp_wf_5
Wall time: 0:00:20

