Date: 01/10/2020 18:15:32
===============
Quantum Package
===============

Git Commit: minor modifs
Git Date  : Mon Sep 21 15:38:26 2020 +0200
Git SHA1  : ee267e27e9b6027ea76a05e2b43271cc8906fd55
EZFIO Dir : He_aug-cc-pvtz_0.7


Task server running : tcp://127.0.1.1:41279
.. >>>>> [ IO READ: read_rl_eigv ] <<<<< ..

.. >>>>> [ RES  MEM :       0.004082 GB ] [ VIRT MEM :       0.041355 GB ] <<<<< ..
.. >>>>> [ WALL TIME:       0.000179  s ] [ CPU  TIME:       0.002076  s ] <<<<< ..

.. >>>>> [ IO READ: io_ao_two_e_integrals ] <<<<< ..

.. >>>>> [ RES  MEM :       0.004082 GB ] [ VIRT MEM :       0.041355 GB ] <<<<< ..
.. >>>>> [ WALL TIME:       0.000477  s ] [ CPU  TIME:       0.002218  s ] <<<<< ..

.. >>>>> [ IO READ: io_mo_two_e_integrals ] <<<<< ..

.. >>>>> [ RES  MEM :       0.004082 GB ] [ VIRT MEM :       0.041355 GB ] <<<<< ..
.. >>>>> [ WALL TIME:       0.000731  s ] [ CPU  TIME:       0.002346  s ] <<<<< ..

.. >>>>> [ IO READ: io_ao_integrals_kinetic ] <<<<< ..

.. >>>>> [ RES  MEM :       0.004082 GB ] [ VIRT MEM :       0.041355 GB ] <<<<< ..
.. >>>>> [ WALL TIME:       0.000984  s ] [ CPU  TIME:       0.002473  s ] <<<<< ..

.. >>>>> [ IO READ: io_ao_integrals_n_e ] <<<<< ..

.. >>>>> [ RES  MEM :       0.004082 GB ] [ VIRT MEM :       0.041355 GB ] <<<<< ..
.. >>>>> [ WALL TIME:       0.001136  s ] [ CPU  TIME:       0.002565  s ] <<<<< ..

.. >>>>> [ IO READ: io_mo_integrals_kinetic ] <<<<< ..

.. >>>>> [ RES  MEM :       0.004082 GB ] [ VIRT MEM :       0.041355 GB ] <<<<< ..
.. >>>>> [ WALL TIME:       0.001389  s ] [ CPU  TIME:       0.002690  s ] <<<<< ..

.. >>>>> [ IO READ: io_mo_integrals_n_e ] <<<<< ..

.. >>>>> [ RES  MEM :       0.004082 GB ] [ VIRT MEM :       0.041355 GB ] <<<<< ..
.. >>>>> [ WALL TIME:       0.001552  s ] [ CPU  TIME:       0.002792  s ] <<<<< ..

.. >>>>> [ IO READ: io_mo_one_e_integrals ] <<<<< ..

.. >>>>> [ RES  MEM :       0.004082 GB ] [ VIRT MEM :       0.041355 GB ] <<<<< ..
.. >>>>> [ WALL TIME:       0.001705  s ] [ CPU  TIME:       0.002884  s ] <<<<< ..

.. >>>>> [ IO READ: read_wf ] <<<<< ..

.. >>>>> [ RES  MEM :       0.004082 GB ] [ VIRT MEM :       0.041355 GB ] <<<<< ..
.. >>>>> [ WALL TIME:       0.002050  s ] [ CPU  TIME:       0.003031  s ] <<<<< ..

.. >>>>> [ IO READ: n_states ] <<<<< ..

.. >>>>> [ RES  MEM :       0.004658 GB ] [ VIRT MEM :       0.041492 GB ] <<<<< ..
.. >>>>> [ WALL TIME:       0.002332  s ] [ CPU  TIME:       0.003252  s ] <<<<< ..

 * mo_label          Canonical
* Number of determinants                                       339
.. >>>>> [ IO READ: n_det_max_full ] <<<<< ..

.. >>>>> [ RES  MEM :       0.004658 GB ] [ VIRT MEM :       0.064941 GB ] <<<<< ..
.. >>>>> [ WALL TIME:       0.007876  s ] [ CPU  TIME:       0.017257  s ] <<<<< ..


.. >>>>> [ RES  MEM :       0.004658 GB ] [ VIRT MEM :       0.064941 GB ] <<<<< ..
.. >>>>> [ WALL TIME:       0.008158  s ] [ CPU  TIME:       0.017802  s ] <<<<< ..

 Read  n_states_diag
* Dimension of the psi arrays                               100000
 Read psi_coef         339           1
.. >>>>> [ IO READ: threshold_davidson ] <<<<< ..

.. >>>>> [ RES  MEM :       0.005764 GB ] [ VIRT MEM :       0.253189 GB ] <<<<< ..
.. >>>>> [ WALL TIME:       0.011714  s ] [ CPU  TIME:       0.028242  s ] <<<<< ..

* mo_num                                                        23
* N_int                                                          1
.. >>>>> [ IO READ: elec_beta_num ] <<<<< ..

.. >>>>> [ RES  MEM :       0.005764 GB ] [ VIRT MEM :       0.253189 GB ] <<<<< ..
.. >>>>> [ WALL TIME:       0.013522  s ] [ CPU  TIME:       0.034482  s ] <<<<< ..

.. >>>>> [ IO READ: elec_alpha_num ] <<<<< ..

.. >>>>> [ RES  MEM :       0.005764 GB ] [ VIRT MEM :       0.253189 GB ] <<<<< ..
.. >>>>> [ WALL TIME:       0.013741  s ] [ CPU  TIME:       0.034952  s ] <<<<< ..

.. >>>>> [ IO READ: ao_num ] <<<<< ..

.. >>>>> [ RES  MEM :       0.005764 GB ] [ VIRT MEM :       0.253189 GB ] <<<<< ..
.. >>>>> [ WALL TIME:       0.014149  s ] [ CPU  TIME:       0.036463  s ] <<<<< ..

 Read  mo_coef
 Read psi_det
 MO map initialized:                 38226
.. >>>>> [ IO READ: no_vvvv_integrals ] <<<<< ..

.. >>>>> [ RES  MEM :       0.007576 GB ] [ VIRT MEM :       0.255539 GB ] <<<<< ..
.. >>>>> [ WALL TIME:       0.016905  s ] [ CPU  TIME:       0.045246  s ] <<<<< ..

.. >>>>> [ IO READ: mo_class ] <<<<< ..

.. >>>>> [ RES  MEM :       0.007576 GB ] [ VIRT MEM :       0.255539 GB ] <<<<< ..
.. >>>>> [ WALL TIME:       0.017201  s ] [ CPU  TIME:       0.045942  s ] <<<<< ..

 AO map initialized :                 52975
 Providing the AO integrals
.. >>>>> [ IO READ: ao_prim_num ] <<<<< ..

.. >>>>> [ RES  MEM :       0.007576 GB ] [ VIRT MEM :       0.255539 GB ] <<<<< ..
.. >>>>> [ WALL TIME:       0.017533  s ] [ CPU  TIME:       0.046703  s ] <<<<< ..

.. >>>>> [ IO READ: ao_normalized ] <<<<< ..

.. >>>>> [ RES  MEM :       0.007996 GB ] [ VIRT MEM :       0.255539 GB ] <<<<< ..
.. >>>>> [ WALL TIME:       0.017768  s ] [ CPU  TIME:       0.047218  s ] <<<<< ..

.. >>>>> [ IO READ: primitives_normalized ] <<<<< ..

.. >>>>> [ RES  MEM :       0.007996 GB ] [ VIRT MEM :       0.255539 GB ] <<<<< ..
.. >>>>> [ WALL TIME:       0.017982  s ] [ CPU  TIME:       0.047675  s ] <<<<< ..

.. >>>>> [ IO READ: ao_coef ] <<<<< ..

.. >>>>> [ RES  MEM :       0.007996 GB ] [ VIRT MEM :       0.255539 GB ] <<<<< ..
.. >>>>> [ WALL TIME:       0.018450  s ] [ CPU  TIME:       0.051970  s ] <<<<< ..

.. >>>>> [ IO READ: ao_power ] <<<<< ..

.. >>>>> [ RES  MEM :       0.007996 GB ] [ VIRT MEM :       0.255539 GB ] <<<<< ..
.. >>>>> [ WALL TIME:       0.018748  s ] [ CPU  TIME:       0.053116  s ] <<<<< ..

.. >>>>> [ IO READ: ao_expo ] <<<<< ..

.. >>>>> [ RES  MEM :       0.007996 GB ] [ VIRT MEM :       0.255539 GB ] <<<<< ..
.. >>>>> [ WALL TIME:       0.019161  s ] [ CPU  TIME:       0.054427  s ] <<<<< ..

.. >>>>> [ IO READ: ao_integrals_threshold ] <<<<< ..

.. >>>>> [ RES  MEM :       0.007996 GB ] [ VIRT MEM :       0.255539 GB ] <<<<< ..
.. >>>>> [ WALL TIME:       0.019520  s ] [ CPU  TIME:       0.055313  s ] <<<<< ..

.. >>>>> [ IO READ: ao_nucl ] <<<<< ..

.. >>>>> [ RES  MEM :       0.007996 GB ] [ VIRT MEM :       0.255539 GB ] <<<<< ..
.. >>>>> [ WALL TIME:       0.019809  s ] [ CPU  TIME:       0.055987  s ] <<<<< ..

.. >>>>> [ IO READ: is_periodic ] <<<<< ..

.. >>>>> [ RES  MEM :       0.007996 GB ] [ VIRT MEM :       0.404121 GB ] <<<<< ..
.. >>>>> [ WALL TIME:       0.032880  s ] [ CPU  TIME:       0.091045  s ] <<<<< ..

.. >>>>> [ IO READ: nucl_num ] <<<<< ..

.. >>>>> [ RES  MEM :       0.007996 GB ] [ VIRT MEM :       0.404121 GB ] <<<<< ..
.. >>>>> [ WALL TIME:       0.033712  s ] [ CPU  TIME:       0.091885  s ] <<<<< ..

.. >>>>> [ IO READ: nucl_label ] <<<<< ..

.. >>>>> [ RES  MEM :       0.007996 GB ] [ VIRT MEM :       0.404121 GB ] <<<<< ..
.. >>>>> [ WALL TIME:       0.033969  s ] [ CPU  TIME:       0.092082  s ] <<<<< ..

.. >>>>> [ IO READ: nucl_charge ] <<<<< ..

.. >>>>> [ RES  MEM :       0.007996 GB ] [ VIRT MEM :       0.404121 GB ] <<<<< ..
.. >>>>> [ WALL TIME:       0.034186  s ] [ CPU  TIME:       0.092237  s ] <<<<< ..


.. >>>>> [ RES  MEM :       0.007996 GB ] [ VIRT MEM :       0.404121 GB ] <<<<< ..
.. >>>>> [ WALL TIME:       0.034395  s ] [ CPU  TIME:       0.092386  s ] <<<<< ..


Nuclear Coordinates (Angstroms)
===============================

================ ============ ============ ============ ============
      Atom          Charge          X            Y            Z 
================ ============ ============ ============ ============
He                   2.000000     0.000000     0.000000     0.000000
================ ============ ============ ============ ============

 Sorting the map
 AO integrals provided:
  Size of AO map :            8.5845947265625000E-002 MB
  Number of AO integrals :                 7966
  cpu  time :  0.10770100000000001      s
  wall time :   6.7681592001463287E-002 s  ( x    1.5912894010777923       )
 
 AO -> MO integrals transformation
 ---------------------------------
 
.. >>>>> [ IO READ: mo_integrals_threshold ] <<<<< ..

.. >>>>> [ RES  MEM :       0.009647 GB ] [ VIRT MEM :       0.466770 GB ] <<<<< ..
.. >>>>> [ WALL TIME:       0.085177  s ] [ CPU  TIME:       0.154131  s ] <<<<< ..

 Buffers :   0.459625244     MB / core
.. >>>>> [ IO READ: io_ao_integrals_overlap ] <<<<< ..

.. >>>>> [ RES  MEM :       0.009995 GB ] [ VIRT MEM :       0.466953 GB ] <<<<< ..
.. >>>>> [ WALL TIME:       0.085521  s ] [ CPU  TIME:       0.155235  s ] <<<<< ..

 Molecular integrals provided:
  Size of MO map             0.36468124389648438      MB
  Number of MO integrals:                 19126
  cpu  time :  0.18206999999999998      s
  wall time :   5.5898439997690730E-002 s  ( x    3.2571570871659681      )
.. >>>>> [ IO READ: do_pseudo ] <<<<< ..

.. >>>>> [ RES  MEM :       0.023392 GB ] [ VIRT MEM :       2.467194 GB ] <<<<< ..
.. >>>>> [ WALL TIME:       0.157203  s ] [ CPU  TIME:       0.396899  s ] <<<<< ..

 Providing the one-electron integrals
.. >>>>> [ IO READ: s2_eig ] <<<<< ..

.. >>>>> [ RES  MEM :       0.024895 GB ] [ VIRT MEM :       2.467194 GB ] <<<<< ..
.. >>>>> [ WALL TIME:       0.162671  s ] [ CPU  TIME:       0.413727  s ] <<<<< ..

 Diagonalization of H using Lapack
.. >>>>> [ IO READ: only_expected_s2 ] <<<<< ..

.. >>>>> [ RES  MEM :       0.024895 GB ] [ VIRT MEM :       2.468052 GB ] <<<<< ..
.. >>>>> [ WALL TIME:       0.162961  s ] [ CPU  TIME:       0.422126  s ] <<<<< ..

.. >>>>> [ IO READ: io_nuclear_repulsion ] <<<<< ..

.. >>>>> [ RES  MEM :       0.029812 GB ] [ VIRT MEM :       2.469501 GB ] <<<<< ..
.. >>>>> [ WALL TIME:       0.387291  s ] [ CPU  TIME:       0.993524  s ] <<<<< ..


.. >>>>> [ RES  MEM :       0.029812 GB ] [ VIRT MEM :       2.469501 GB ] <<<<< ..
.. >>>>> [ WALL TIME:       0.387458  s ] [ CPU  TIME:       0.993917  s ] <<<<< ..

* Nuclear repulsion energy                           0.000000000000000    

.. >>>>> [ RES  MEM :       0.029812 GB ] [ VIRT MEM :       2.469501 GB ] <<<<< ..
.. >>>>> [ WALL TIME:       0.387629  s ] [ CPU  TIME:       0.994303  s ] <<<<< ..

* Energy of state    1                              -2.900597922921952    
* S^2 of state    1                                 0.9263986634795990E-29
.. >>>>> [ IO READ: distributed_davidson ] <<<<< ..

.. >>>>> [ RES  MEM :       0.029812 GB ] [ VIRT MEM :       2.469501 GB ] <<<<< ..
.. >>>>> [ WALL TIME:       0.387847  s ] [ CPU  TIME:       0.994757  s ] <<<<< ..

.. >>>>> [ IO READ: weight_one_e_dm ] <<<<< ..

.. >>>>> [ RES  MEM :       0.029812 GB ] [ VIRT MEM :       2.469501 GB ] <<<<< ..
.. >>>>> [ WALL TIME:       0.388207  s ] [ CPU  TIME:       0.995656  s ] <<<<< ..

.. >>>>> [ IO READ: no_core_density ] <<<<< ..

.. >>>>> [ RES  MEM :       0.032188 GB ] [ VIRT MEM :       2.471886 GB ] <<<<< ..
.. >>>>> [ WALL TIME:       0.394553  s ] [ CPU  TIME:       1.020774  s ] <<<<< ..

* Number of inactive MOs                                         0
 Inactive MOs:

* Number of unique beta determinants                            23
* Number of unique alpha determinants                           23
* Number of active   MOs                                        23
 Active MOs:
           1           2           3           4           5           6           7           8           9          10          11          12          13          14          15          16          17          18          19          20          21          22          23
.. >>>>> [ IO READ: io_two_body_rdm_ab ] <<<<< ..

.. >>>>> [ RES  MEM :       0.032188 GB ] [ VIRT MEM :       2.477104 GB ] <<<<< ..
.. >>>>> [ WALL TIME:       0.395711  s ] [ CPU  TIME:       1.024612  s ] <<<<< ..

 
 Providing act_2_rdm_ab_mo 
 Wall time to provide act_2_rdm_ab_mo   7.4780539980565663E-003
* Number of core     MOs                                         0
 Core MOs:

.. >>>>> [ IO READ: my_grid_becke ] <<<<< ..

.. >>>>> [ RES  MEM :       0.038597 GB ] [ VIRT MEM :       2.483364 GB ] <<<<< ..
.. >>>>> [ WALL TIME:       0.409574  s ] [ CPU  TIME:       1.073081  s ] <<<<< ..

.. >>>>> [ IO READ: my_n_pt_a_grid ] <<<<< ..

.. >>>>> [ RES  MEM :       0.038597 GB ] [ VIRT MEM :       2.483364 GB ] <<<<< ..
.. >>>>> [ WALL TIME:       0.409768  s ] [ CPU  TIME:       1.073497  s ] <<<<< ..

.. >>>>> [ IO READ: my_n_pt_r_grid ] <<<<< ..

.. >>>>> [ RES  MEM :       0.038597 GB ] [ VIRT MEM :       2.483364 GB ] <<<<< ..
.. >>>>> [ WALL TIME:       0.410023  s ] [ CPU  TIME:       1.073831  s ] <<<<< ..

.. >>>>> [ IO READ: thresh_grid ] <<<<< ..

.. >>>>> [ RES  MEM :       0.038597 GB ] [ VIRT MEM :       2.483364 GB ] <<<<< ..
.. >>>>> [ WALL TIME:       0.410494  s ] [ CPU  TIME:       1.074606  s ] <<<<< ..

 n_points_final_grid =         2072
 n max point         =         2146
.. >>>>> [ IO READ: mu_erf ] <<<<< ..

.. >>>>> [ RES  MEM :       0.039158 GB ] [ VIRT MEM :       2.483894 GB ] <<<<< ..
.. >>>>> [ WALL TIME:       0.415495  s ] [ CPU  TIME:       1.093737  s ] <<<<< ..

 Reading the right/left eigenvectors in the EZFIO....
 
 Providing act_2_rdm_ab_mo 
 Wall time to provide act_2_rdm_ab_mo   4.7024959967529867E-003
 
 Providing act_2_rdm_ab_mo 
 Wall time to provide act_2_rdm_ab_mo   4.7773340011190157E-003
 
 Providing act_2_rdm_ab_mo 
 Wall time to provide act_2_rdm_ab_mo   6.6914769995491952E-003
 <Phi | e^{2 j(r12,mu)} | Phi> =   0.86161286745571419     
 output = He_aug-cc-pvtz_0.7.cusp_wf_1
 output = He_aug-cc-pvtz_0.7.cusp_wf_2
 output = He_aug-cc-pvtz_0.7.cusp_wf_3
 output = He_aug-cc-pvtz_0.7.cusp_wf_4
 output = He_aug-cc-pvtz_0.7.cusp_wf_5
Wall time: 0:00:19

